[0.008s] Invoking command in '/home/vtcro/ros2_ws/build/zed_ros2': AMENT_PREFIX_PATH=/home/vtcro/ros2_ws/install/zed_wrapper:/home/vtcro/ros2_ws/install/zed_components:${AMENT_PREFIX_PATH} CMAKE_PREFIX_PATH=/home/vtcro/ros2_ws/install/zed_wrapper:/home/vtcro/ros2_ws/install/zed_components:/home/vtcro/ros2_ws/install/zed_interfaces:/opt/ros/humble LD_LIBRARY_PATH=/home/vtcro/ros2_ws/install/zed_components/lib:/home/vtcro/ros2_ws/install/zed_interfaces/lib:/opt/ros/humble/opt/rviz_ogre_vendor/lib:/opt/ros/humble/lib/x86_64-linux-gnu:/opt/ros/humble/lib:/usr/local/cuda-12/lib64 /usr/bin/cmake /home/vtcro/ros2_ws/src/zed-ros2-wrapper/zed_ros2 -DCMAKE_INSTALL_PREFIX=/home/vtcro/ros2_ws/install/zed_ros2
[0.020s] -- Found ament_cmake_auto: 1.3.10 (/opt/ros/humble/share/ament_cmake_auto/cmake)
[0.137s] -- Found Python3: /usr/bin/python3 (found version "3.10.12") found components: Interpreter 
[0.229s] -- Found ament_lint_auto: 0.12.11 (/opt/ros/humble/share/ament_lint_auto/cmake)
[0.235s] -- Added test 'copyright' to check source files copyright and LICENSE
[0.235s] -- Added test 'lint_cmake' to check CMake code style
[0.235s] -- Added test 'xmllint' to check XML markup files
[0.236s] -- Configuring done
[0.237s] -- Generating done
[0.237s] -- Build files have been written to: /home/vtcro/ros2_ws/build/zed_ros2
[0.240s] Invoked command in '/home/vtcro/ros2_ws/build/zed_ros2' returned '0': AMENT_PREFIX_PATH=/home/vtcro/ros2_ws/install/zed_wrapper:/home/vtcro/ros2_ws/install/zed_components:${AMENT_PREFIX_PATH} CMAKE_PREFIX_PATH=/home/vtcro/ros2_ws/install/zed_wrapper:/home/vtcro/ros2_ws/install/zed_components:/home/vtcro/ros2_ws/install/zed_interfaces:/opt/ros/humble LD_LIBRARY_PATH=/home/vtcro/ros2_ws/install/zed_components/lib:/home/vtcro/ros2_ws/install/zed_interfaces/lib:/opt/ros/humble/opt/rviz_ogre_vendor/lib:/opt/ros/humble/lib/x86_64-linux-gnu:/opt/ros/humble/lib:/usr/local/cuda-12/lib64 /usr/bin/cmake /home/vtcro/ros2_ws/src/zed-ros2-wrapper/zed_ros2 -DCMAKE_INSTALL_PREFIX=/home/vtcro/ros2_ws/install/zed_ros2
[0.240s] Invoking command in '/home/vtcro/ros2_ws/build/zed_ros2': AMENT_PREFIX_PATH=/home/vtcro/ros2_ws/install/zed_wrapper:/home/vtcro/ros2_ws/install/zed_components:${AMENT_PREFIX_PATH} CMAKE_PREFIX_PATH=/home/vtcro/ros2_ws/install/zed_wrapper:/home/vtcro/ros2_ws/install/zed_components:/home/vtcro/ros2_ws/install/zed_interfaces:/opt/ros/humble LD_LIBRARY_PATH=/home/vtcro/ros2_ws/install/zed_components/lib:/home/vtcro/ros2_ws/install/zed_interfaces/lib:/opt/ros/humble/opt/rviz_ogre_vendor/lib:/opt/ros/humble/lib/x86_64-linux-gnu:/opt/ros/humble/lib:/usr/local/cuda-12/lib64 /usr/bin/cmake --build /home/vtcro/ros2_ws/build/zed_ros2 -- -j16 -l16
[0.265s] Invoked command in '/home/vtcro/ros2_ws/build/zed_ros2' returned '0': AMENT_PREFIX_PATH=/home/vtcro/ros2_ws/install/zed_wrapper:/home/vtcro/ros2_ws/install/zed_components:${AMENT_PREFIX_PATH} CMAKE_PREFIX_PATH=/home/vtcro/ros2_ws/install/zed_wrapper:/home/vtcro/ros2_ws/install/zed_components:/home/vtcro/ros2_ws/install/zed_interfaces:/opt/ros/humble LD_LIBRARY_PATH=/home/vtcro/ros2_ws/install/zed_components/lib:/home/vtcro/ros2_ws/install/zed_interfaces/lib:/opt/ros/humble/opt/rviz_ogre_vendor/lib:/opt/ros/humble/lib/x86_64-linux-gnu:/opt/ros/humble/lib:/usr/local/cuda-12/lib64 /usr/bin/cmake --build /home/vtcro/ros2_ws/build/zed_ros2 -- -j16 -l16
[0.287s] Invoking command in '/home/vtcro/ros2_ws/build/zed_ros2': AMENT_PREFIX_PATH=/home/vtcro/ros2_ws/install/zed_wrapper:/home/vtcro/ros2_ws/install/zed_components:${AMENT_PREFIX_PATH} CMAKE_PREFIX_PATH=/home/vtcro/ros2_ws/install/zed_wrapper:/home/vtcro/ros2_ws/install/zed_components:/home/vtcro/ros2_ws/install/zed_interfaces:/opt/ros/humble LD_LIBRARY_PATH=/home/vtcro/ros2_ws/install/zed_components/lib:/home/vtcro/ros2_ws/install/zed_interfaces/lib:/opt/ros/humble/opt/rviz_ogre_vendor/lib:/opt/ros/humble/lib/x86_64-linux-gnu:/opt/ros/humble/lib:/usr/local/cuda-12/lib64 /usr/bin/cmake --install /home/vtcro/ros2_ws/build/zed_ros2
[0.292s] -- Install configuration: ""
[0.293s] -- Installing: /home/vtcro/ros2_ws/install/zed_ros2/share/ament_index/resource_index/package_run_dependencies/zed_ros2
[0.293s] -- Installing: /home/vtcro/ros2_ws/install/zed_ros2/share/ament_index/resource_index/parent_prefix_path/zed_ros2
[0.293s] -- Installing: /home/vtcro/ros2_ws/install/zed_ros2/share/zed_ros2/environment/ament_prefix_path.sh
[0.293s] -- Installing: /home/vtcro/ros2_ws/install/zed_ros2/share/zed_ros2/environment/ament_prefix_path.dsv
[0.293s] -- Installing: /home/vtcro/ros2_ws/install/zed_ros2/share/zed_ros2/environment/path.sh
[0.293s] -- Installing: /home/vtcro/ros2_ws/install/zed_ros2/share/zed_ros2/environment/path.dsv
[0.293s] -- Installing: /home/vtcro/ros2_ws/install/zed_ros2/share/zed_ros2/local_setup.bash
[0.293s] -- Installing: /home/vtcro/ros2_ws/install/zed_ros2/share/zed_ros2/local_setup.sh
[0.293s] -- Installing: /home/vtcro/ros2_ws/install/zed_ros2/share/zed_ros2/local_setup.zsh
[0.293s] -- Installing: /home/vtcro/ros2_ws/install/zed_ros2/share/zed_ros2/local_setup.dsv
[0.294s] -- Installing: /home/vtcro/ros2_ws/install/zed_ros2/share/zed_ros2/package.dsv
[0.294s] -- Installing: /home/vtcro/ros2_ws/install/zed_ros2/share/ament_index/resource_index/packages/zed_ros2
[0.294s] -- Installing: /home/vtcro/ros2_ws/install/zed_ros2/share/zed_ros2/cmake/zed_ros2Config.cmake
[0.294s] -- Installing: /home/vtcro/ros2_ws/install/zed_ros2/share/zed_ros2/cmake/zed_ros2Config-version.cmake
[0.294s] -- Installing: /home/vtcro/ros2_ws/install/zed_ros2/share/zed_ros2/package.xml
[0.295s] Invoked command in '/home/vtcro/ros2_ws/build/zed_ros2' returned '0': AMENT_PREFIX_PATH=/home/vtcro/ros2_ws/install/zed_wrapper:/home/vtcro/ros2_ws/install/zed_components:${AMENT_PREFIX_PATH} CMAKE_PREFIX_PATH=/home/vtcro/ros2_ws/install/zed_wrapper:/home/vtcro/ros2_ws/install/zed_components:/home/vtcro/ros2_ws/install/zed_interfaces:/opt/ros/humble LD_LIBRARY_PATH=/home/vtcro/ros2_ws/install/zed_components/lib:/home/vtcro/ros2_ws/install/zed_interfaces/lib:/opt/ros/humble/opt/rviz_ogre_vendor/lib:/opt/ros/humble/lib/x86_64-linux-gnu:/opt/ros/humble/lib:/usr/local/cuda-12/lib64 /usr/bin/cmake --install /home/vtcro/ros2_ws/build/zed_ros2
