[0.008s] Invoking command in '/home/vtcro/ros2_ws/build/preprocessor': CMAKE_PREFIX_PATH=${CMAKE_PREFIX_PATH}:/opt/ros/humble /usr/bin/cmake /home/vtcro/ros2_ws/src/preprocessor -DAMENT_CMAKE_SYMLINK_INSTALL=1 -DCMAKE_INSTALL_PREFIX=/home/vtcro/ros2_ws/install/preprocessor
[0.058s] -- The C compiler identification is GNU 11.4.0
[0.104s] -- The CXX compiler identification is GNU 11.4.0
[0.109s] -- Detecting C compiler ABI info
[0.155s] -- Detecting C compiler ABI info - done
[0.161s] -- Check for working C compiler: /usr/bin/cc - skipped
[0.161s] -- Detecting C compile features
[0.161s] -- Detecting C compile features - done
[0.163s] -- Detecting CXX compiler ABI info
[0.226s] -- Detecting CXX compiler ABI info - done
[0.233s] -- Check for working CXX compiler: /usr/bin/c++ - skipped
[0.233s] -- Detecting CXX compile features
[0.233s] -- Detecting CXX compile features - done
[0.235s] -- Found ament_cmake: 1.3.10 (/opt/ros/humble/share/ament_cmake/cmake)
[0.345s] -- Found Python3: /usr/bin/python3 (found version "3.10.12") found components: Interpreter 
[0.389s] -- Override CMake install command with custom implementation using symlinks instead of copying resources
[0.406s] -- Found rclcpp: 16.0.10 (/opt/ros/humble/share/rclcpp/cmake)
[0.431s] -- Found rosidl_generator_c: 3.1.5 (/opt/ros/humble/share/rosidl_generator_c/cmake)
[0.434s] -- Found rosidl_adapter: 3.1.5 (/opt/ros/humble/share/rosidl_adapter/cmake)
[0.439s] -- Found rosidl_generator_cpp: 3.1.5 (/opt/ros/humble/share/rosidl_generator_cpp/cmake)
[0.446s] -- Using all available rosidl_typesupport_c: rosidl_typesupport_fastrtps_c;rosidl_typesupport_introspection_c
[0.455s] -- Using all available rosidl_typesupport_cpp: rosidl_typesupport_fastrtps_cpp;rosidl_typesupport_introspection_cpp
[0.481s] -- Found rmw_implementation_cmake: 6.1.2 (/opt/ros/humble/share/rmw_implementation_cmake/cmake)
[0.482s] -- Found rmw_fastrtps_cpp: 6.2.7 (/opt/ros/humble/share/rmw_fastrtps_cpp/cmake)
[0.552s] -- Found OpenSSL: /usr/lib/x86_64-linux-gnu/libcrypto.so (found version "3.0.2")  
[0.571s] -- Found FastRTPS: /opt/ros/humble/include  
[0.596s] -- Using RMW implementation 'rmw_fastrtps_cpp' as default
[0.601s] -- Looking for pthread.h
[0.656s] -- Looking for pthread.h - found
[0.656s] -- Performing Test CMAKE_HAVE_LIBC_PTHREAD
[0.711s] -- Performing Test CMAKE_HAVE_LIBC_PTHREAD - Success
[0.712s] -- Found Threads: TRUE  
[0.741s] -- Found sensor_msgs: 4.2.4 (/opt/ros/humble/share/sensor_msgs/cmake)
[0.759s] -- Found cv_bridge: 3.2.1 (/opt/ros/humble/share/cv_bridge/cmake)
[0.767s] -- Found OpenCV: /usr (found version "4.5.4") 
[0.769s] -- Found ament_lint_auto: 0.12.11 (/opt/ros/humble/share/ament_lint_auto/cmake)
[0.820s] -- Added test 'cppcheck' to perform static code analysis on C / C++ code
[0.820s] -- Configured cppcheck include dirs: 
[0.821s] -- Configured cppcheck exclude dirs and/or files: 
[0.821s] -- Added test 'flake8' to check Python code syntax and style conventions
[0.823s] -- Added test 'lint_cmake' to check CMake code style
[0.824s] -- Added test 'pep257' to check Python code against some of the docstring style conventions in PEP 257
[0.828s] -- Added test 'uncrustify' to check C / C++ code style
[0.828s] -- Configured uncrustify additional arguments: 
[0.829s] -- Added test 'xmllint' to check XML markup files
[0.829s] -- Configuring done
[0.836s] -- Generating done
[0.837s] -- Build files have been written to: /home/vtcro/ros2_ws/build/preprocessor
[0.844s] Invoked command in '/home/vtcro/ros2_ws/build/preprocessor' returned '0': CMAKE_PREFIX_PATH=${CMAKE_PREFIX_PATH}:/opt/ros/humble /usr/bin/cmake /home/vtcro/ros2_ws/src/preprocessor -DAMENT_CMAKE_SYMLINK_INSTALL=1 -DCMAKE_INSTALL_PREFIX=/home/vtcro/ros2_ws/install/preprocessor
[0.846s] Invoking command in '/home/vtcro/ros2_ws/build/preprocessor': CMAKE_PREFIX_PATH=${CMAKE_PREFIX_PATH}:/opt/ros/humble /usr/bin/cmake --build /home/vtcro/ros2_ws/build/preprocessor -- -j16 -l16
[0.889s] [ 50%] [32mBuilding CXX object CMakeFiles/preprocess.dir/src/preprocess.cpp.o[0m
[5.922s] [100%] [32m[1mLinking CXX executable preprocess[0m
[6.368s] [100%] Built target preprocess
[6.377s] Invoked command in '/home/vtcro/ros2_ws/build/preprocessor' returned '0': CMAKE_PREFIX_PATH=${CMAKE_PREFIX_PATH}:/opt/ros/humble /usr/bin/cmake --build /home/vtcro/ros2_ws/build/preprocessor -- -j16 -l16
[6.403s] Invoking command in '/home/vtcro/ros2_ws/build/preprocessor': CMAKE_PREFIX_PATH=${CMAKE_PREFIX_PATH}:/opt/ros/humble /usr/bin/cmake --install /home/vtcro/ros2_ws/build/preprocessor
[6.407s] -- Install configuration: ""
[6.407s] -- Execute custom install script
[6.407s] -- Symlinking: /home/vtcro/ros2_ws/install/preprocessor/lib/preprocessor/preprocess
[6.413s] -- Symlinking: /home/vtcro/ros2_ws/install/preprocessor/share/ament_index/resource_index/package_run_dependencies/preprocessor
[6.420s] -- Symlinking: /home/vtcro/ros2_ws/install/preprocessor/share/ament_index/resource_index/parent_prefix_path/preprocessor
[6.428s] -- Symlinking: /home/vtcro/ros2_ws/install/preprocessor/share/preprocessor/environment/ament_prefix_path.sh
[6.435s] -- Symlinking: /home/vtcro/ros2_ws/install/preprocessor/share/preprocessor/environment/ament_prefix_path.dsv
[6.442s] -- Symlinking: /home/vtcro/ros2_ws/install/preprocessor/share/preprocessor/environment/path.sh
[6.449s] -- Symlinking: /home/vtcro/ros2_ws/install/preprocessor/share/preprocessor/environment/path.dsv
[6.458s] -- Symlinking: /home/vtcro/ros2_ws/install/preprocessor/share/preprocessor/local_setup.bash
[6.463s] -- Symlinking: /home/vtcro/ros2_ws/install/preprocessor/share/preprocessor/local_setup.sh
[6.469s] -- Symlinking: /home/vtcro/ros2_ws/install/preprocessor/share/preprocessor/local_setup.zsh
[6.474s] -- Symlinking: /home/vtcro/ros2_ws/install/preprocessor/share/preprocessor/local_setup.dsv
[6.480s] -- Symlinking: /home/vtcro/ros2_ws/install/preprocessor/share/preprocessor/package.dsv
[6.485s] -- Symlinking: /home/vtcro/ros2_ws/install/preprocessor/share/ament_index/resource_index/packages/preprocessor
[6.493s] -- Symlinking: /home/vtcro/ros2_ws/install/preprocessor/share/preprocessor/cmake/preprocessorConfig.cmake
[6.499s] -- Symlinking: /home/vtcro/ros2_ws/install/preprocessor/share/preprocessor/cmake/preprocessorConfig-version.cmake
[6.504s] -- Symlinking: /home/vtcro/ros2_ws/install/preprocessor/share/preprocessor/package.xml
[6.511s] Invoked command in '/home/vtcro/ros2_ws/build/preprocessor' returned '0': CMAKE_PREFIX_PATH=${CMAKE_PREFIX_PATH}:/opt/ros/humble /usr/bin/cmake --install /home/vtcro/ros2_ws/build/preprocessor
