[0.026s] Invoking command in '/home/vtcro/ros2_ws/build/zed_display_rviz2': CMAKE_PREFIX_PATH=/home/vtcro/ros2_ws/install/zed_wrapper:/home/vtcro/ros2_ws/install/zed_components:/home/vtcro/ros2_ws/install/zed_interfaces:/home/vtcro/ros2_ws/install/zed_ros2:/opt/ros/humble LD_LIBRARY_PATH=/home/vtcro/ros2_ws/install/zed_components/lib:/home/vtcro/ros2_ws/install/zed_interfaces/lib:/usr/local/cuda-12/lib64:/opt/ros/humble/opt/rviz_ogre_vendor/lib:/opt/ros/humble/lib/x86_64-linux-gnu:/opt/ros/humble/lib:/usr/local/cuda-12/lib64 /usr/bin/cmake /home/vtcro/ros2_ws/src/zed-ros2-examples/zed_display_rviz2 -DCMAKE_INSTALL_PREFIX=/home/vtcro/ros2_ws/install/zed_display_rviz2
[0.093s] -- The C compiler identification is GNU 11.4.0
[0.165s] -- The CXX compiler identification is GNU 11.4.0
[0.174s] -- Detecting C compiler ABI info
[0.264s] -- Detecting C compiler ABI info - done
[0.275s] -- Check for working C compiler: /usr/bin/cc - skipped
[0.275s] -- Detecting C compile features
[0.275s] -- Detecting C compile features - done
[0.279s] -- Detecting CXX compiler ABI info
[0.383s] -- Detecting CXX compiler ABI info - done
[0.394s] -- Check for working CXX compiler: /usr/bin/c++ - skipped
[0.394s] -- Detecting CXX compile features
[0.395s] -- Detecting CXX compile features - done
[0.397s] -- Found ament_cmake_auto: 1.3.10 (/opt/ros/humble/share/ament_cmake_auto/cmake)
[0.604s] -- Found Python3: /usr/bin/python3 (found version "3.10.12") found components: Interpreter 
[0.823s] -- Found ament_lint_auto: 0.12.11 (/opt/ros/humble/share/ament_lint_auto/cmake)
[0.864s] -- Added test 'copyright' to check source files copyright and LICENSE
[0.875s] -- Added test 'flake8' to check Python code syntax and style conventions
[0.875s] -- Added test 'lint_cmake' to check CMake code style
[0.876s] -- Added test 'pep257' to check Python code against some of the docstring style conventions in PEP 257
[0.876s] -- Added test 'xmllint' to check XML markup files
[0.876s] -- Configuring done
[0.876s] -- Generating done
[0.877s] -- Build files have been written to: /home/vtcro/ros2_ws/build/zed_display_rviz2
[0.890s] Invoked command in '/home/vtcro/ros2_ws/build/zed_display_rviz2' returned '0': CMAKE_PREFIX_PATH=/home/vtcro/ros2_ws/install/zed_wrapper:/home/vtcro/ros2_ws/install/zed_components:/home/vtcro/ros2_ws/install/zed_interfaces:/home/vtcro/ros2_ws/install/zed_ros2:/opt/ros/humble LD_LIBRARY_PATH=/home/vtcro/ros2_ws/install/zed_components/lib:/home/vtcro/ros2_ws/install/zed_interfaces/lib:/usr/local/cuda-12/lib64:/opt/ros/humble/opt/rviz_ogre_vendor/lib:/opt/ros/humble/lib/x86_64-linux-gnu:/opt/ros/humble/lib:/usr/local/cuda-12/lib64 /usr/bin/cmake /home/vtcro/ros2_ws/src/zed-ros2-examples/zed_display_rviz2 -DCMAKE_INSTALL_PREFIX=/home/vtcro/ros2_ws/install/zed_display_rviz2
[0.892s] Invoking command in '/home/vtcro/ros2_ws/build/zed_display_rviz2': CMAKE_PREFIX_PATH=/home/vtcro/ros2_ws/install/zed_wrapper:/home/vtcro/ros2_ws/install/zed_components:/home/vtcro/ros2_ws/install/zed_interfaces:/home/vtcro/ros2_ws/install/zed_ros2:/opt/ros/humble LD_LIBRARY_PATH=/home/vtcro/ros2_ws/install/zed_components/lib:/home/vtcro/ros2_ws/install/zed_interfaces/lib:/usr/local/cuda-12/lib64:/opt/ros/humble/opt/rviz_ogre_vendor/lib:/opt/ros/humble/lib/x86_64-linux-gnu:/opt/ros/humble/lib:/usr/local/cuda-12/lib64 /usr/bin/cmake --build /home/vtcro/ros2_ws/build/zed_display_rviz2 -- -j16 -l16
[0.968s] Invoked command in '/home/vtcro/ros2_ws/build/zed_display_rviz2' returned '0': CMAKE_PREFIX_PATH=/home/vtcro/ros2_ws/install/zed_wrapper:/home/vtcro/ros2_ws/install/zed_components:/home/vtcro/ros2_ws/install/zed_interfaces:/home/vtcro/ros2_ws/install/zed_ros2:/opt/ros/humble LD_LIBRARY_PATH=/home/vtcro/ros2_ws/install/zed_components/lib:/home/vtcro/ros2_ws/install/zed_interfaces/lib:/usr/local/cuda-12/lib64:/opt/ros/humble/opt/rviz_ogre_vendor/lib:/opt/ros/humble/lib/x86_64-linux-gnu:/opt/ros/humble/lib:/usr/local/cuda-12/lib64 /usr/bin/cmake --build /home/vtcro/ros2_ws/build/zed_display_rviz2 -- -j16 -l16
[0.994s] Invoking command in '/home/vtcro/ros2_ws/build/zed_display_rviz2': CMAKE_PREFIX_PATH=/home/vtcro/ros2_ws/install/zed_wrapper:/home/vtcro/ros2_ws/install/zed_components:/home/vtcro/ros2_ws/install/zed_interfaces:/home/vtcro/ros2_ws/install/zed_ros2:/opt/ros/humble LD_LIBRARY_PATH=/home/vtcro/ros2_ws/install/zed_components/lib:/home/vtcro/ros2_ws/install/zed_interfaces/lib:/usr/local/cuda-12/lib64:/opt/ros/humble/opt/rviz_ogre_vendor/lib:/opt/ros/humble/lib/x86_64-linux-gnu:/opt/ros/humble/lib:/usr/local/cuda-12/lib64 /usr/bin/cmake --install /home/vtcro/ros2_ws/build/zed_display_rviz2
[1.004s] -- Install configuration: ""
[1.004s] -- Installing: /home/vtcro/ros2_ws/install/zed_display_rviz2/share/zed_display_rviz2/launch
[1.004s] -- Installing: /home/vtcro/ros2_ws/install/zed_display_rviz2/share/zed_display_rviz2/launch/display_zed_cam.launch.py
[1.004s] -- Installing: /home/vtcro/ros2_ws/install/zed_display_rviz2/share/zed_display_rviz2/rviz2
[1.004s] -- Installing: /home/vtcro/ros2_ws/install/zed_display_rviz2/share/zed_display_rviz2/rviz2/zed.rviz
[1.005s] -- Installing: /home/vtcro/ros2_ws/install/zed_display_rviz2/share/zed_display_rviz2/rviz2/zedm.rviz
[1.005s] -- Installing: /home/vtcro/ros2_ws/install/zed_display_rviz2/share/zed_display_rviz2/rviz2/zedx.rviz
[1.005s] -- Installing: /home/vtcro/ros2_ws/install/zed_display_rviz2/share/zed_display_rviz2/rviz2/zedxm.rviz
[1.005s] -- Installing: /home/vtcro/ros2_ws/install/zed_display_rviz2/share/zed_display_rviz2/rviz2/virtual.rviz
[1.005s] -- Installing: /home/vtcro/ros2_ws/install/zed_display_rviz2/share/zed_display_rviz2/rviz2/zed2i.rviz
[1.005s] -- Installing: /home/vtcro/ros2_ws/install/zed_display_rviz2/share/zed_display_rviz2/rviz2/zed2.rviz
[1.005s] -- Installing: /home/vtcro/ros2_ws/install/zed_display_rviz2/share/ament_index/resource_index/package_run_dependencies/zed_display_rviz2
[1.005s] -- Installing: /home/vtcro/ros2_ws/install/zed_display_rviz2/share/ament_index/resource_index/parent_prefix_path/zed_display_rviz2
[1.006s] -- Installing: /home/vtcro/ros2_ws/install/zed_display_rviz2/share/zed_display_rviz2/environment/ament_prefix_path.sh
[1.006s] -- Installing: /home/vtcro/ros2_ws/install/zed_display_rviz2/share/zed_display_rviz2/environment/ament_prefix_path.dsv
[1.006s] -- Installing: /home/vtcro/ros2_ws/install/zed_display_rviz2/share/zed_display_rviz2/environment/path.sh
[1.006s] -- Installing: /home/vtcro/ros2_ws/install/zed_display_rviz2/share/zed_display_rviz2/environment/path.dsv
[1.006s] -- Installing: /home/vtcro/ros2_ws/install/zed_display_rviz2/share/zed_display_rviz2/local_setup.bash
[1.006s] -- Installing: /home/vtcro/ros2_ws/install/zed_display_rviz2/share/zed_display_rviz2/local_setup.sh
[1.006s] -- Installing: /home/vtcro/ros2_ws/install/zed_display_rviz2/share/zed_display_rviz2/local_setup.zsh
[1.007s] -- Installing: /home/vtcro/ros2_ws/install/zed_display_rviz2/share/zed_display_rviz2/local_setup.dsv
[1.007s] -- Installing: /home/vtcro/ros2_ws/install/zed_display_rviz2/share/zed_display_rviz2/package.dsv
[1.007s] -- Installing: /home/vtcro/ros2_ws/install/zed_display_rviz2/share/ament_index/resource_index/packages/zed_display_rviz2
[1.007s] -- Installing: /home/vtcro/ros2_ws/install/zed_display_rviz2/share/zed_display_rviz2/cmake/zed_display_rviz2Config.cmake
[1.007s] -- Installing: /home/vtcro/ros2_ws/install/zed_display_rviz2/share/zed_display_rviz2/cmake/zed_display_rviz2Config-version.cmake
[1.007s] -- Installing: /home/vtcro/ros2_ws/install/zed_display_rviz2/share/zed_display_rviz2/package.xml
[1.010s] Invoked command in '/home/vtcro/ros2_ws/build/zed_display_rviz2' returned '0': CMAKE_PREFIX_PATH=/home/vtcro/ros2_ws/install/zed_wrapper:/home/vtcro/ros2_ws/install/zed_components:/home/vtcro/ros2_ws/install/zed_interfaces:/home/vtcro/ros2_ws/install/zed_ros2:/opt/ros/humble LD_LIBRARY_PATH=/home/vtcro/ros2_ws/install/zed_components/lib:/home/vtcro/ros2_ws/install/zed_interfaces/lib:/usr/local/cuda-12/lib64:/opt/ros/humble/opt/rviz_ogre_vendor/lib:/opt/ros/humble/lib/x86_64-linux-gnu:/opt/ros/humble/lib:/usr/local/cuda-12/lib64 /usr/bin/cmake --install /home/vtcro/ros2_ws/build/zed_display_rviz2
