[0.015s] Invoking command in '/home/vtcro/ros2_ws/build/zed_aruco_localization': CMAKE_PREFIX_PATH=/home/vtcro/ros2_ws/install/zed_components:/home/vtcro/ros2_ws/install/zed_interfaces:/home/vtcro/ros2_ws/install/zed_ros2:/home/vtcro/ros2_ws/install/zed_wrapper:/opt/ros/humble LD_LIBRARY_PATH=/home/vtcro/ros2_ws/install/zed_components/lib:/home/vtcro/ros2_ws/install/zed_interfaces/lib:/usr/local/cuda-12/lib64:/opt/ros/humble/opt/rviz_ogre_vendor/lib:/opt/ros/humble/lib/x86_64-linux-gnu:/opt/ros/humble/lib:/usr/local/cuda-12/lib64 /usr/bin/cmake /home/vtcro/ros2_ws/src/zed-ros2-examples/examples/zed_aruco_localization -DCMAKE_INSTALL_PREFIX=/home/vtcro/ros2_ws/install/zed_aruco_localization
[0.065s] -- The C compiler identification is GNU 11.4.0
[0.128s] -- The CXX compiler identification is GNU 11.4.0
[0.136s] -- Detecting C compiler ABI info
[0.215s] -- Detecting C compiler ABI info - done
[0.225s] -- Check for working C compiler: /usr/bin/cc - skipped
[0.225s] -- Detecting C compile features
[0.226s] -- Detecting C compile features - done
[0.230s] -- Detecting CXX compiler ABI info
[0.324s] -- Detecting CXX compiler ABI info - done
[0.332s] -- Check for working CXX compiler: /usr/bin/c++ - skipped
[0.332s] -- Detecting CXX compile features
[0.333s] -- Detecting CXX compile features - done
[0.342s] -- Found OpenCV: /usr (found suitable version "4.5.4", minimum required is "4") 
[0.346s] -- Looking for sgemm_
[0.422s] -- Looking for sgemm_ - not found
[0.424s] -- Looking for pthread.h
[0.511s] -- Looking for pthread.h - found
[0.512s] -- Performing Test CMAKE_HAVE_LIBC_PTHREAD
[0.595s] -- Performing Test CMAKE_HAVE_LIBC_PTHREAD - Success
[0.597s] -- Found Threads: TRUE  
[0.633s] -- Looking for sgemm_
[0.761s] -- Looking for sgemm_ - found
[0.761s] -- Found BLAS: /usr/lib/x86_64-linux-gnu/libopenblas.so  
[0.791s] -- Found CUDA: /usr/local/cuda-12 (found suitable version "12.6", minimum required is "12") 
[0.839s] -- Found CUDA: /usr/local/cuda-12 (found version "12.6") 
[0.841s] -- Found ament_cmake_auto: 1.3.10 (/opt/ros/humble/share/ament_cmake_auto/cmake)
[1.081s] -- Found Python3: /usr/bin/python3 (found version "3.10.12") found components: Interpreter 
[1.331s] -- Found rosidl_generator_c: 3.1.5 (/opt/ros/humble/share/rosidl_generator_c/cmake)
[1.338s] -- Found rosidl_adapter: 3.1.5 (/opt/ros/humble/share/rosidl_adapter/cmake)
[1.349s] -- Found rosidl_generator_cpp: 3.1.5 (/opt/ros/humble/share/rosidl_generator_cpp/cmake)
[1.367s] -- Using all available rosidl_typesupport_c: rosidl_typesupport_fastrtps_c;rosidl_typesupport_introspection_c
[1.390s] -- Using all available rosidl_typesupport_cpp: rosidl_typesupport_fastrtps_cpp;rosidl_typesupport_introspection_cpp
[1.453s] -- Found rmw_implementation_cmake: 6.1.2 (/opt/ros/humble/share/rmw_implementation_cmake/cmake)
[1.457s] -- Found rmw_fastrtps_cpp: 6.2.7 (/opt/ros/humble/share/rmw_fastrtps_cpp/cmake)
[1.563s] -- Found OpenSSL: /usr/lib/x86_64-linux-gnu/libcrypto.so (found version "3.0.2")  
[1.593s] -- Found FastRTPS: /opt/ros/humble/include  
[1.640s] -- Using RMW implementation 'rmw_fastrtps_cpp' as default
[1.821s] -- Found eigen3_cmake_module: 0.1.1 (/opt/ros/humble/share/eigen3_cmake_module/cmake)
[1.823s] -- Found Eigen3: TRUE (found version "3.4.0") 
[1.823s] -- Ensuring Eigen3 include directory is part of orocos-kdl CMake target
[1.974s] -- Found ament_lint_auto: 0.12.11 (/opt/ros/humble/share/ament_lint_auto/cmake)
[1.991s] -- Added test 'copyright' to check source files copyright and LICENSE
[1.993s] -- Added test 'cppcheck' to perform static code analysis on C / C++ code
[1.993s] -- Configured cppcheck include dirs: /home/vtcro/ros2_ws/src/zed-ros2-examples/examples/zed_aruco_localization/src/include;/home/vtcro/ros2_ws/src/zed-ros2-examples/examples/zed_aruco_localization/src/component/include
[1.993s] -- Configured cppcheck exclude dirs and/or files: 
[1.994s] -- Added test 'cpplint' to check C / C++ code against the Google style
[1.994s] -- Configured cpplint exclude dirs and/or files: 
[1.994s] -- Added test 'flake8' to check Python code syntax and style conventions
[1.994s] -- Added test 'lint_cmake' to check CMake code style
[1.995s] -- Added test 'pep257' to check Python code against some of the docstring style conventions in PEP 257
[1.996s] -- Added test 'uncrustify' to check C / C++ code style
[1.996s] -- Configured uncrustify additional arguments: 
[1.996s] -- Added test 'xmllint' to check XML markup files
[1.997s] -- Added test 'clang_format' to check C / C++ code style
[1.999s] -- Configuring done
[2.012s] -- Generating done
[2.014s] -- Build files have been written to: /home/vtcro/ros2_ws/build/zed_aruco_localization
[2.024s] Invoked command in '/home/vtcro/ros2_ws/build/zed_aruco_localization' returned '0': CMAKE_PREFIX_PATH=/home/vtcro/ros2_ws/install/zed_components:/home/vtcro/ros2_ws/install/zed_interfaces:/home/vtcro/ros2_ws/install/zed_ros2:/home/vtcro/ros2_ws/install/zed_wrapper:/opt/ros/humble LD_LIBRARY_PATH=/home/vtcro/ros2_ws/install/zed_components/lib:/home/vtcro/ros2_ws/install/zed_interfaces/lib:/usr/local/cuda-12/lib64:/opt/ros/humble/opt/rviz_ogre_vendor/lib:/opt/ros/humble/lib/x86_64-linux-gnu:/opt/ros/humble/lib:/usr/local/cuda-12/lib64 /usr/bin/cmake /home/vtcro/ros2_ws/src/zed-ros2-examples/examples/zed_aruco_localization -DCMAKE_INSTALL_PREFIX=/home/vtcro/ros2_ws/install/zed_aruco_localization
[2.026s] Invoking command in '/home/vtcro/ros2_ws/build/zed_aruco_localization': CMAKE_PREFIX_PATH=/home/vtcro/ros2_ws/install/zed_components:/home/vtcro/ros2_ws/install/zed_interfaces:/home/vtcro/ros2_ws/install/zed_ros2:/home/vtcro/ros2_ws/install/zed_wrapper:/opt/ros/humble LD_LIBRARY_PATH=/home/vtcro/ros2_ws/install/zed_components/lib:/home/vtcro/ros2_ws/install/zed_interfaces/lib:/usr/local/cuda-12/lib64:/opt/ros/humble/opt/rviz_ogre_vendor/lib:/opt/ros/humble/lib/x86_64-linux-gnu:/opt/ros/humble/lib:/usr/local/cuda-12/lib64 /usr/bin/cmake --build /home/vtcro/ros2_ws/build/zed_aruco_localization -- -j16 -l16
[2.079s] [ 66%] [32mBuilding CXX object CMakeFiles/zed_aruco_localization_component.dir/src/component/src/zed_aruco_localization_component.cpp.o[0m
[2.079s] [ 66%] [32mBuilding CXX object CMakeFiles/zed_aruco_localization_component.dir/src/component/src/aruco.cpp.o[0m
[9.301s] [100%] [32m[1mLinking CXX shared library libzed_aruco_localization_component.so[0m
[9.513s] [100%] Built target zed_aruco_localization_component
[9.524s] Invoked command in '/home/vtcro/ros2_ws/build/zed_aruco_localization' returned '0': CMAKE_PREFIX_PATH=/home/vtcro/ros2_ws/install/zed_components:/home/vtcro/ros2_ws/install/zed_interfaces:/home/vtcro/ros2_ws/install/zed_ros2:/home/vtcro/ros2_ws/install/zed_wrapper:/opt/ros/humble LD_LIBRARY_PATH=/home/vtcro/ros2_ws/install/zed_components/lib:/home/vtcro/ros2_ws/install/zed_interfaces/lib:/usr/local/cuda-12/lib64:/opt/ros/humble/opt/rviz_ogre_vendor/lib:/opt/ros/humble/lib/x86_64-linux-gnu:/opt/ros/humble/lib:/usr/local/cuda-12/lib64 /usr/bin/cmake --build /home/vtcro/ros2_ws/build/zed_aruco_localization -- -j16 -l16
[9.553s] Invoking command in '/home/vtcro/ros2_ws/build/zed_aruco_localization': CMAKE_PREFIX_PATH=/home/vtcro/ros2_ws/install/zed_components:/home/vtcro/ros2_ws/install/zed_interfaces:/home/vtcro/ros2_ws/install/zed_ros2:/home/vtcro/ros2_ws/install/zed_wrapper:/opt/ros/humble LD_LIBRARY_PATH=/home/vtcro/ros2_ws/install/zed_components/lib:/home/vtcro/ros2_ws/install/zed_interfaces/lib:/usr/local/cuda-12/lib64:/opt/ros/humble/opt/rviz_ogre_vendor/lib:/opt/ros/humble/lib/x86_64-linux-gnu:/opt/ros/humble/lib:/usr/local/cuda-12/lib64 /usr/bin/cmake --install /home/vtcro/ros2_ws/build/zed_aruco_localization
[9.560s] -- Install configuration: "Release"
[9.560s] -- Installing: /home/vtcro/ros2_ws/install/zed_aruco_localization/lib/libzed_aruco_localization_component.so
[9.561s] -- Set runtime path of "/home/vtcro/ros2_ws/install/zed_aruco_localization/lib/libzed_aruco_localization_component.so" to ""
[9.561s] -- Installing: /home/vtcro/ros2_ws/install/zed_aruco_localization/include/zed_aruco_localization/
[9.561s] -- Installing: /home/vtcro/ros2_ws/install/zed_aruco_localization/include/zed_aruco_localization//aruco_loc_visibility_control.hpp
[9.561s] [31mCMake Error at cmake_install.cmake:69 (file):
[9.562s]   file INSTALL cannot find
[9.562s]   "/home/vtcro/ros2_ws/src/zed-ros2-examples/examples/zed_aruco_localization/DIRECTORY":
[9.562s]   No such file or directory.
[9.562s] 
[9.562s] [0m
[9.564s] Invoked command in '/home/vtcro/ros2_ws/build/zed_aruco_localization' returned '1': CMAKE_PREFIX_PATH=/home/vtcro/ros2_ws/install/zed_components:/home/vtcro/ros2_ws/install/zed_interfaces:/home/vtcro/ros2_ws/install/zed_ros2:/home/vtcro/ros2_ws/install/zed_wrapper:/opt/ros/humble LD_LIBRARY_PATH=/home/vtcro/ros2_ws/install/zed_components/lib:/home/vtcro/ros2_ws/install/zed_interfaces/lib:/usr/local/cuda-12/lib64:/opt/ros/humble/opt/rviz_ogre_vendor/lib:/opt/ros/humble/lib/x86_64-linux-gnu:/opt/ros/humble/lib:/usr/local/cuda-12/lib64 /usr/bin/cmake --install /home/vtcro/ros2_ws/build/zed_aruco_localization
