[0.026s] Invoking command in '/home/vtcro/ros2_ws/build/zed_multi_camera': AMENT_PREFIX_PATH=/home/vtcro/ros2_ws/install/zed_wrapper:/home/vtcro/ros2_ws/install/zed_components:/home/vtcro/ros2_ws/install/zed_interfaces:${AMENT_PREFIX_PATH} CMAKE_PREFIX_PATH=/home/vtcro/ros2_ws/install/zed_wrapper:/home/vtcro/ros2_ws/install/zed_components:/home/vtcro/ros2_ws/install/zed_interfaces:/opt/ros/humble LD_LIBRARY_PATH=/home/vtcro/ros2_ws/install/zed_components/lib:/home/vtcro/ros2_ws/install/zed_interfaces/lib:/opt/ros/humble/opt/rviz_ogre_vendor/lib:/opt/ros/humble/lib/x86_64-linux-gnu:/opt/ros/humble/lib:/usr/local/cuda-12.1/lib64 PYTHONPATH=/home/vtcro/ros2_ws/install/zed_interfaces/local/lib/python3.10/dist-packages:${PYTHONPATH} /usr/bin/cmake --build /home/vtcro/ros2_ws/build/zed_multi_camera -- -j16 -l16
[0.059s] Invoked command in '/home/vtcro/ros2_ws/build/zed_multi_camera' returned '0': AMENT_PREFIX_PATH=/home/vtcro/ros2_ws/install/zed_wrapper:/home/vtcro/ros2_ws/install/zed_components:/home/vtcro/ros2_ws/install/zed_interfaces:${AMENT_PREFIX_PATH} CMAKE_PREFIX_PATH=/home/vtcro/ros2_ws/install/zed_wrapper:/home/vtcro/ros2_ws/install/zed_components:/home/vtcro/ros2_ws/install/zed_interfaces:/opt/ros/humble LD_LIBRARY_PATH=/home/vtcro/ros2_ws/install/zed_components/lib:/home/vtcro/ros2_ws/install/zed_interfaces/lib:/opt/ros/humble/opt/rviz_ogre_vendor/lib:/opt/ros/humble/lib/x86_64-linux-gnu:/opt/ros/humble/lib:/usr/local/cuda-12.1/lib64 PYTHONPATH=/home/vtcro/ros2_ws/install/zed_interfaces/local/lib/python3.10/dist-packages:${PYTHONPATH} /usr/bin/cmake --build /home/vtcro/ros2_ws/build/zed_multi_camera -- -j16 -l16
[0.074s] Invoking command in '/home/vtcro/ros2_ws/build/zed_multi_camera': AMENT_PREFIX_PATH=/home/vtcro/ros2_ws/install/zed_wrapper:/home/vtcro/ros2_ws/install/zed_components:/home/vtcro/ros2_ws/install/zed_interfaces:${AMENT_PREFIX_PATH} CMAKE_PREFIX_PATH=/home/vtcro/ros2_ws/install/zed_wrapper:/home/vtcro/ros2_ws/install/zed_components:/home/vtcro/ros2_ws/install/zed_interfaces:/opt/ros/humble LD_LIBRARY_PATH=/home/vtcro/ros2_ws/install/zed_components/lib:/home/vtcro/ros2_ws/install/zed_interfaces/lib:/opt/ros/humble/opt/rviz_ogre_vendor/lib:/opt/ros/humble/lib/x86_64-linux-gnu:/opt/ros/humble/lib:/usr/local/cuda-12.1/lib64 PYTHONPATH=/home/vtcro/ros2_ws/install/zed_interfaces/local/lib/python3.10/dist-packages:${PYTHONPATH} /usr/bin/cmake --install /home/vtcro/ros2_ws/build/zed_multi_camera
[0.081s] -- Install configuration: ""
[0.081s] -- Up-to-date: /home/vtcro/ros2_ws/install/zed_multi_camera/share/zed_multi_camera/launch
[0.081s] -- Up-to-date: /home/vtcro/ros2_ws/install/zed_multi_camera/share/zed_multi_camera/launch/zed_multi_camera.launch.py
[0.081s] -- Up-to-date: /home/vtcro/ros2_ws/install/zed_multi_camera/share/zed_multi_camera/urdf
[0.081s] -- Up-to-date: /home/vtcro/ros2_ws/install/zed_multi_camera/share/zed_multi_camera/urdf/zed_multi.urdf.xacro
[0.081s] -- Up-to-date: /home/vtcro/ros2_ws/install/zed_multi_camera/share/zed_multi_camera/urdf/urdf.urdf
[0.081s] -- Up-to-date: /home/vtcro/ros2_ws/install/zed_multi_camera/share/ament_index/resource_index/package_run_dependencies/zed_multi_camera
[0.081s] -- Up-to-date: /home/vtcro/ros2_ws/install/zed_multi_camera/share/ament_index/resource_index/parent_prefix_path/zed_multi_camera
[0.081s] -- Up-to-date: /home/vtcro/ros2_ws/install/zed_multi_camera/share/zed_multi_camera/environment/ament_prefix_path.sh
[0.082s] -- Up-to-date: /home/vtcro/ros2_ws/install/zed_multi_camera/share/zed_multi_camera/environment/ament_prefix_path.dsv
[0.082s] -- Up-to-date: /home/vtcro/ros2_ws/install/zed_multi_camera/share/zed_multi_camera/environment/path.sh
[0.082s] -- Up-to-date: /home/vtcro/ros2_ws/install/zed_multi_camera/share/zed_multi_camera/environment/path.dsv
[0.082s] -- Up-to-date: /home/vtcro/ros2_ws/install/zed_multi_camera/share/zed_multi_camera/local_setup.bash
[0.082s] -- Up-to-date: /home/vtcro/ros2_ws/install/zed_multi_camera/share/zed_multi_camera/local_setup.sh
[0.082s] -- Up-to-date: /home/vtcro/ros2_ws/install/zed_multi_camera/share/zed_multi_camera/local_setup.zsh
[0.082s] -- Up-to-date: /home/vtcro/ros2_ws/install/zed_multi_camera/share/zed_multi_camera/local_setup.dsv
[0.082s] -- Up-to-date: /home/vtcro/ros2_ws/install/zed_multi_camera/share/zed_multi_camera/package.dsv
[0.082s] -- Up-to-date: /home/vtcro/ros2_ws/install/zed_multi_camera/share/ament_index/resource_index/packages/zed_multi_camera
[0.082s] -- Up-to-date: /home/vtcro/ros2_ws/install/zed_multi_camera/share/zed_multi_camera/cmake/zed_multi_cameraConfig.cmake
[0.082s] -- Up-to-date: /home/vtcro/ros2_ws/install/zed_multi_camera/share/zed_multi_camera/cmake/zed_multi_cameraConfig-version.cmake
[0.082s] -- Up-to-date: /home/vtcro/ros2_ws/install/zed_multi_camera/share/zed_multi_camera/package.xml
[0.097s] Invoked command in '/home/vtcro/ros2_ws/build/zed_multi_camera' returned '0': AMENT_PREFIX_PATH=/home/vtcro/ros2_ws/install/zed_wrapper:/home/vtcro/ros2_ws/install/zed_components:/home/vtcro/ros2_ws/install/zed_interfaces:${AMENT_PREFIX_PATH} CMAKE_PREFIX_PATH=/home/vtcro/ros2_ws/install/zed_wrapper:/home/vtcro/ros2_ws/install/zed_components:/home/vtcro/ros2_ws/install/zed_interfaces:/opt/ros/humble LD_LIBRARY_PATH=/home/vtcro/ros2_ws/install/zed_components/lib:/home/vtcro/ros2_ws/install/zed_interfaces/lib:/opt/ros/humble/opt/rviz_ogre_vendor/lib:/opt/ros/humble/lib/x86_64-linux-gnu:/opt/ros/humble/lib:/usr/local/cuda-12.1/lib64 PYTHONPATH=/home/vtcro/ros2_ws/install/zed_interfaces/local/lib/python3.10/dist-packages:${PYTHONPATH} /usr/bin/cmake --install /home/vtcro/ros2_ws/build/zed_multi_camera
