[0.000000] (-) TimerEvent: {}
[0.000244] (-) JobUnselected: {'identifier': 'rviz_plugin_zed_od'}
[0.000263] (-) JobUnselected: {'identifier': 'zed_aruco_localization'}
[0.000272] (-) JobUnselected: {'identifier': 'zed_camera_pkg'}
[0.000279] (-) JobUnselected: {'identifier': 'zed_components'}
[0.000286] (-) JobUnselected: {'identifier': 'zed_depth_to_laserscan'}
[0.000293] (-) JobUnselected: {'identifier': 'zed_display_rviz2'}
[0.000300] (-) JobUnselected: {'identifier': 'zed_interfaces'}
[0.000307] (-) JobUnselected: {'identifier': 'zed_multi_camera'}
[0.000314] (-) JobUnselected: {'identifier': 'zed_rgb_convert'}
[0.000321] (-) JobUnselected: {'identifier': 'zed_robot_integration'}
[0.000328] (-) JobUnselected: {'identifier': 'zed_ros2'}
[0.000335] (-) JobUnselected: {'identifier': 'zed_topic_benchmark'}
[0.000343] (-) JobUnselected: {'identifier': 'zed_topic_benchmark_component'}
[0.000350] (-) JobUnselected: {'identifier': 'zed_topic_benchmark_interfaces'}
[0.000357] (-) JobUnselected: {'identifier': 'zed_tutorial_depth'}
[0.000364] (-) JobUnselected: {'identifier': 'zed_tutorial_pos_tracking'}
[0.000372] (-) JobUnselected: {'identifier': 'zed_tutorial_video'}
[0.000380] (-) JobUnselected: {'identifier': 'zed_wrapper'}
[0.000589] (-) EventReactorShutdown: {}
