[0.000000] (-) TimerEvent: {}
[0.000266] (-) JobUnselected: {'identifier': 'rviz_plugin_zed_od'}
[0.000384] (-) JobUnselected: {'identifier': 'zed_aruco_localization'}
[0.000406] (-) JobUnselected: {'identifier': 'zed_camera_pkg'}
[0.000415] (-) JobUnselected: {'identifier': 'zed_components'}
[0.000422] (-) JobUnselected: {'identifier': 'zed_depth_to_laserscan'}
[0.000428] (-) JobUnselected: {'identifier': 'zed_display_rviz2'}
[0.000434] (-) JobUnselected: {'identifier': 'zed_interfaces'}
[0.000440] (-) JobUnselected: {'identifier': 'zed_multi_camera'}
[0.000446] (-) JobUnselected: {'identifier': 'zed_rgb_convert'}
[0.000452] (-) JobUnselected: {'identifier': 'zed_robot_integration'}
[0.000458] (-) JobUnselected: {'identifier': 'zed_ros2'}
[0.000464] (-) JobUnselected: {'identifier': 'zed_topic_benchmark'}
[0.000474] (-) JobUnselected: {'identifier': 'zed_topic_benchmark_component'}
[0.000480] (-) JobUnselected: {'identifier': 'zed_topic_benchmark_interfaces'}
[0.000486] (-) JobUnselected: {'identifier': 'zed_tutorial_depth'}
[0.000492] (-) JobUnselected: {'identifier': 'zed_tutorial_pos_tracking'}
[0.000498] (-) JobUnselected: {'identifier': 'zed_tutorial_video'}
[0.000504] (-) JobUnselected: {'identifier': 'zed_wrapper'}
[0.000511] (-) EventReactorShutdown: {}
