[0.026s] Invoking command in '/home/vtcro/ros2_ws/build/zed_robot_integration': AMENT_PREFIX_PATH=/home/vtcro/ros2_ws/install/zed_wrapper:/home/vtcro/ros2_ws/install/zed_components:/home/vtcro/ros2_ws/install/zed_interfaces:${AMENT_PREFIX_PATH} CMAKE_PREFIX_PATH=/home/vtcro/ros2_ws/install/zed_wrapper:/home/vtcro/ros2_ws/install/zed_components:/home/vtcro/ros2_ws/install/zed_interfaces:/opt/ros/humble LD_LIBRARY_PATH=/home/vtcro/ros2_ws/install/zed_components/lib:/home/vtcro/ros2_ws/install/zed_interfaces/lib:/opt/ros/humble/opt/rviz_ogre_vendor/lib:/opt/ros/humble/lib/x86_64-linux-gnu:/opt/ros/humble/lib:/usr/local/cuda-12.1/lib64 PYTHONPATH=/home/vtcro/ros2_ws/install/zed_interfaces/local/lib/python3.10/dist-packages:${PYTHONPATH} /usr/bin/cmake --build /home/vtcro/ros2_ws/build/zed_robot_integration -- -j16 -l16
[0.053s] Invoked command in '/home/vtcro/ros2_ws/build/zed_robot_integration' returned '0': AMENT_PREFIX_PATH=/home/vtcro/ros2_ws/install/zed_wrapper:/home/vtcro/ros2_ws/install/zed_components:/home/vtcro/ros2_ws/install/zed_interfaces:${AMENT_PREFIX_PATH} CMAKE_PREFIX_PATH=/home/vtcro/ros2_ws/install/zed_wrapper:/home/vtcro/ros2_ws/install/zed_components:/home/vtcro/ros2_ws/install/zed_interfaces:/opt/ros/humble LD_LIBRARY_PATH=/home/vtcro/ros2_ws/install/zed_components/lib:/home/vtcro/ros2_ws/install/zed_interfaces/lib:/opt/ros/humble/opt/rviz_ogre_vendor/lib:/opt/ros/humble/lib/x86_64-linux-gnu:/opt/ros/humble/lib:/usr/local/cuda-12.1/lib64 PYTHONPATH=/home/vtcro/ros2_ws/install/zed_interfaces/local/lib/python3.10/dist-packages:${PYTHONPATH} /usr/bin/cmake --build /home/vtcro/ros2_ws/build/zed_robot_integration -- -j16 -l16
[0.073s] Invoking command in '/home/vtcro/ros2_ws/build/zed_robot_integration': AMENT_PREFIX_PATH=/home/vtcro/ros2_ws/install/zed_wrapper:/home/vtcro/ros2_ws/install/zed_components:/home/vtcro/ros2_ws/install/zed_interfaces:${AMENT_PREFIX_PATH} CMAKE_PREFIX_PATH=/home/vtcro/ros2_ws/install/zed_wrapper:/home/vtcro/ros2_ws/install/zed_components:/home/vtcro/ros2_ws/install/zed_interfaces:/opt/ros/humble LD_LIBRARY_PATH=/home/vtcro/ros2_ws/install/zed_components/lib:/home/vtcro/ros2_ws/install/zed_interfaces/lib:/opt/ros/humble/opt/rviz_ogre_vendor/lib:/opt/ros/humble/lib/x86_64-linux-gnu:/opt/ros/humble/lib:/usr/local/cuda-12.1/lib64 PYTHONPATH=/home/vtcro/ros2_ws/install/zed_interfaces/local/lib/python3.10/dist-packages:${PYTHONPATH} /usr/bin/cmake --install /home/vtcro/ros2_ws/build/zed_robot_integration
[0.079s] -- Install configuration: ""
[0.079s] -- Up-to-date: /home/vtcro/ros2_ws/install/zed_robot_integration/share/zed_robot_integration//launch
[0.079s] -- Up-to-date: /home/vtcro/ros2_ws/install/zed_robot_integration/share/zed_robot_integration//launch/view_mono_zed.launch.py
[0.079s] -- Up-to-date: /home/vtcro/ros2_ws/install/zed_robot_integration/share/zed_robot_integration//launch/view_dual_zed.launch.py
[0.080s] -- Up-to-date: /home/vtcro/ros2_ws/install/zed_robot_integration/share/zed_robot_integration//urdf
[0.080s] -- Up-to-date: /home/vtcro/ros2_ws/install/zed_robot_integration/share/zed_robot_integration//urdf/zed_robot_mono.urdf.xacro
[0.080s] -- Up-to-date: /home/vtcro/ros2_ws/install/zed_robot_integration/share/zed_robot_integration//urdf/zed_robot_dual.urdf.xacro
[0.080s] -- Up-to-date: /home/vtcro/ros2_ws/install/zed_robot_integration/share/zed_robot_integration//rviz2
[0.080s] -- Up-to-date: /home/vtcro/ros2_ws/install/zed_robot_integration/share/zed_robot_integration//rviz2/view_config.rviz
[0.080s] -- Up-to-date: /home/vtcro/ros2_ws/install/zed_robot_integration/share/ament_index/resource_index/package_run_dependencies/zed_robot_integration
[0.080s] -- Up-to-date: /home/vtcro/ros2_ws/install/zed_robot_integration/share/ament_index/resource_index/parent_prefix_path/zed_robot_integration
[0.080s] -- Up-to-date: /home/vtcro/ros2_ws/install/zed_robot_integration/share/zed_robot_integration/environment/ament_prefix_path.sh
[0.080s] -- Up-to-date: /home/vtcro/ros2_ws/install/zed_robot_integration/share/zed_robot_integration/environment/ament_prefix_path.dsv
[0.080s] -- Up-to-date: /home/vtcro/ros2_ws/install/zed_robot_integration/share/zed_robot_integration/environment/path.sh
[0.080s] -- Up-to-date: /home/vtcro/ros2_ws/install/zed_robot_integration/share/zed_robot_integration/environment/path.dsv
[0.080s] -- Up-to-date: /home/vtcro/ros2_ws/install/zed_robot_integration/share/zed_robot_integration/local_setup.bash
[0.080s] -- Up-to-date: /home/vtcro/ros2_ws/install/zed_robot_integration/share/zed_robot_integration/local_setup.sh
[0.081s] -- Up-to-date: /home/vtcro/ros2_ws/install/zed_robot_integration/share/zed_robot_integration/local_setup.zsh
[0.081s] -- Up-to-date: /home/vtcro/ros2_ws/install/zed_robot_integration/share/zed_robot_integration/local_setup.dsv
[0.081s] -- Up-to-date: /home/vtcro/ros2_ws/install/zed_robot_integration/share/zed_robot_integration/package.dsv
[0.081s] -- Up-to-date: /home/vtcro/ros2_ws/install/zed_robot_integration/share/ament_index/resource_index/packages/zed_robot_integration
[0.081s] -- Up-to-date: /home/vtcro/ros2_ws/install/zed_robot_integration/share/zed_robot_integration/cmake/zed_robot_integrationConfig.cmake
[0.081s] -- Up-to-date: /home/vtcro/ros2_ws/install/zed_robot_integration/share/zed_robot_integration/cmake/zed_robot_integrationConfig-version.cmake
[0.081s] -- Up-to-date: /home/vtcro/ros2_ws/install/zed_robot_integration/share/zed_robot_integration/package.xml
[0.102s] Invoked command in '/home/vtcro/ros2_ws/build/zed_robot_integration' returned '0': AMENT_PREFIX_PATH=/home/vtcro/ros2_ws/install/zed_wrapper:/home/vtcro/ros2_ws/install/zed_components:/home/vtcro/ros2_ws/install/zed_interfaces:${AMENT_PREFIX_PATH} CMAKE_PREFIX_PATH=/home/vtcro/ros2_ws/install/zed_wrapper:/home/vtcro/ros2_ws/install/zed_components:/home/vtcro/ros2_ws/install/zed_interfaces:/opt/ros/humble LD_LIBRARY_PATH=/home/vtcro/ros2_ws/install/zed_components/lib:/home/vtcro/ros2_ws/install/zed_interfaces/lib:/opt/ros/humble/opt/rviz_ogre_vendor/lib:/opt/ros/humble/lib/x86_64-linux-gnu:/opt/ros/humble/lib:/usr/local/cuda-12.1/lib64 PYTHONPATH=/home/vtcro/ros2_ws/install/zed_interfaces/local/lib/python3.10/dist-packages:${PYTHONPATH} /usr/bin/cmake --install /home/vtcro/ros2_ws/build/zed_robot_integration
