[0.025s] Invoking command in '/home/vtcro/ros2_ws/build/zed_ros2': AMENT_PREFIX_PATH=/home/vtcro/ros2_ws/install/zed_wrapper:/home/vtcro/ros2_ws/install/zed_components:/home/vtcro/ros2_ws/install/zed_interfaces:${AMENT_PREFIX_PATH} CMAKE_PREFIX_PATH=/home/vtcro/ros2_ws/install/zed_wrapper:/home/vtcro/ros2_ws/install/zed_components:/home/vtcro/ros2_ws/install/zed_interfaces:/opt/ros/humble LD_LIBRARY_PATH=/home/vtcro/ros2_ws/install/zed_components/lib:/home/vtcro/ros2_ws/install/zed_interfaces/lib:/opt/ros/humble/opt/rviz_ogre_vendor/lib:/opt/ros/humble/lib/x86_64-linux-gnu:/opt/ros/humble/lib:/usr/local/cuda-12.1/lib64 PYTHONPATH=/home/vtcro/ros2_ws/install/zed_interfaces/local/lib/python3.10/dist-packages:${PYTHONPATH} /usr/bin/cmake --build /home/vtcro/ros2_ws/build/zed_ros2 -- -j16 -l16
[0.053s] Invoked command in '/home/vtcro/ros2_ws/build/zed_ros2' returned '0': AMENT_PREFIX_PATH=/home/vtcro/ros2_ws/install/zed_wrapper:/home/vtcro/ros2_ws/install/zed_components:/home/vtcro/ros2_ws/install/zed_interfaces:${AMENT_PREFIX_PATH} CMAKE_PREFIX_PATH=/home/vtcro/ros2_ws/install/zed_wrapper:/home/vtcro/ros2_ws/install/zed_components:/home/vtcro/ros2_ws/install/zed_interfaces:/opt/ros/humble LD_LIBRARY_PATH=/home/vtcro/ros2_ws/install/zed_components/lib:/home/vtcro/ros2_ws/install/zed_interfaces/lib:/opt/ros/humble/opt/rviz_ogre_vendor/lib:/opt/ros/humble/lib/x86_64-linux-gnu:/opt/ros/humble/lib:/usr/local/cuda-12.1/lib64 PYTHONPATH=/home/vtcro/ros2_ws/install/zed_interfaces/local/lib/python3.10/dist-packages:${PYTHONPATH} /usr/bin/cmake --build /home/vtcro/ros2_ws/build/zed_ros2 -- -j16 -l16
[0.089s] Invoking command in '/home/vtcro/ros2_ws/build/zed_ros2': AMENT_PREFIX_PATH=/home/vtcro/ros2_ws/install/zed_wrapper:/home/vtcro/ros2_ws/install/zed_components:/home/vtcro/ros2_ws/install/zed_interfaces:${AMENT_PREFIX_PATH} CMAKE_PREFIX_PATH=/home/vtcro/ros2_ws/install/zed_wrapper:/home/vtcro/ros2_ws/install/zed_components:/home/vtcro/ros2_ws/install/zed_interfaces:/opt/ros/humble LD_LIBRARY_PATH=/home/vtcro/ros2_ws/install/zed_components/lib:/home/vtcro/ros2_ws/install/zed_interfaces/lib:/opt/ros/humble/opt/rviz_ogre_vendor/lib:/opt/ros/humble/lib/x86_64-linux-gnu:/opt/ros/humble/lib:/usr/local/cuda-12.1/lib64 PYTHONPATH=/home/vtcro/ros2_ws/install/zed_interfaces/local/lib/python3.10/dist-packages:${PYTHONPATH} /usr/bin/cmake --install /home/vtcro/ros2_ws/build/zed_ros2
[0.094s] -- Install configuration: ""
[0.094s] -- Up-to-date: /home/vtcro/ros2_ws/install/zed_ros2/share/ament_index/resource_index/package_run_dependencies/zed_ros2
[0.094s] -- Up-to-date: /home/vtcro/ros2_ws/install/zed_ros2/share/ament_index/resource_index/parent_prefix_path/zed_ros2
[0.094s] -- Up-to-date: /home/vtcro/ros2_ws/install/zed_ros2/share/zed_ros2/environment/ament_prefix_path.sh
[0.094s] -- Up-to-date: /home/vtcro/ros2_ws/install/zed_ros2/share/zed_ros2/environment/ament_prefix_path.dsv
[0.094s] -- Up-to-date: /home/vtcro/ros2_ws/install/zed_ros2/share/zed_ros2/environment/path.sh
[0.094s] -- Up-to-date: /home/vtcro/ros2_ws/install/zed_ros2/share/zed_ros2/environment/path.dsv
[0.094s] -- Up-to-date: /home/vtcro/ros2_ws/install/zed_ros2/share/zed_ros2/local_setup.bash
[0.094s] -- Up-to-date: /home/vtcro/ros2_ws/install/zed_ros2/share/zed_ros2/local_setup.sh
[0.094s] -- Up-to-date: /home/vtcro/ros2_ws/install/zed_ros2/share/zed_ros2/local_setup.zsh
[0.095s] -- Up-to-date: /home/vtcro/ros2_ws/install/zed_ros2/share/zed_ros2/local_setup.dsv
[0.095s] -- Installing: /home/vtcro/ros2_ws/install/zed_ros2/share/zed_ros2/package.dsv
[0.095s] -- Up-to-date: /home/vtcro/ros2_ws/install/zed_ros2/share/ament_index/resource_index/packages/zed_ros2
[0.095s] -- Up-to-date: /home/vtcro/ros2_ws/install/zed_ros2/share/zed_ros2/cmake/zed_ros2Config.cmake
[0.095s] -- Up-to-date: /home/vtcro/ros2_ws/install/zed_ros2/share/zed_ros2/cmake/zed_ros2Config-version.cmake
[0.095s] -- Up-to-date: /home/vtcro/ros2_ws/install/zed_ros2/share/zed_ros2/package.xml
[0.114s] Invoked command in '/home/vtcro/ros2_ws/build/zed_ros2' returned '0': AMENT_PREFIX_PATH=/home/vtcro/ros2_ws/install/zed_wrapper:/home/vtcro/ros2_ws/install/zed_components:/home/vtcro/ros2_ws/install/zed_interfaces:${AMENT_PREFIX_PATH} CMAKE_PREFIX_PATH=/home/vtcro/ros2_ws/install/zed_wrapper:/home/vtcro/ros2_ws/install/zed_components:/home/vtcro/ros2_ws/install/zed_interfaces:/opt/ros/humble LD_LIBRARY_PATH=/home/vtcro/ros2_ws/install/zed_components/lib:/home/vtcro/ros2_ws/install/zed_interfaces/lib:/opt/ros/humble/opt/rviz_ogre_vendor/lib:/opt/ros/humble/lib/x86_64-linux-gnu:/opt/ros/humble/lib:/usr/local/cuda-12.1/lib64 PYTHONPATH=/home/vtcro/ros2_ws/install/zed_interfaces/local/lib/python3.10/dist-packages:${PYTHONPATH} /usr/bin/cmake --install /home/vtcro/ros2_ws/build/zed_ros2
