[0.007s] Invoking command in '/home/vtcro/ros2_ws/build/zed_wrapper': AMENT_PREFIX_PATH=/home/vtcro/ros2_ws/install/zed_components:${AMENT_PREFIX_PATH} CMAKE_PREFIX_PATH=/home/vtcro/ros2_ws/install/zed_components:/home/vtcro/ros2_ws/install/zed_interfaces:/opt/ros/humble LD_LIBRARY_PATH=/home/vtcro/ros2_ws/install/zed_components/lib:/home/vtcro/ros2_ws/install/zed_interfaces/lib:/opt/ros/humble/opt/rviz_ogre_vendor/lib:/opt/ros/humble/lib/x86_64-linux-gnu:/opt/ros/humble/lib:/usr/local/cuda-12/lib64 /usr/bin/cmake /home/vtcro/ros2_ws/src/zed-ros2-wrapper/zed_wrapper -DCMAKE_INSTALL_PREFIX=/home/vtcro/ros2_ws/install/zed_wrapper
[0.057s] -- The C compiler identification is GNU 11.4.0
[0.093s] -- The CXX compiler identification is GNU 11.4.0
[0.098s] -- Detecting C compiler ABI info
[0.148s] -- Detecting C compiler ABI info - done
[0.152s] -- Check for working C compiler: /usr/bin/cc - skipped
[0.153s] -- Detecting C compile features
[0.153s] -- Detecting C compile features - done
[0.155s] -- Detecting CXX compiler ABI info
[0.213s] -- Detecting CXX compiler ABI info - done
[0.217s] -- Check for working CXX compiler: /usr/bin/c++ - skipped
[0.217s] -- Detecting CXX compile features
[0.218s] -- Detecting CXX compile features - done
[0.220s] -- Looking for sgemm_
[0.271s] -- Looking for sgemm_ - not found
[0.272s] -- Looking for pthread.h
[0.329s] -- Looking for pthread.h - found
[0.329s] -- Performing Test CMAKE_HAVE_LIBC_PTHREAD
[0.385s] -- Performing Test CMAKE_HAVE_LIBC_PTHREAD - Success
[0.385s] -- Found Threads: TRUE  
[0.400s] -- Looking for sgemm_
[0.466s] -- Looking for sgemm_ - found
[0.467s] -- Found BLAS: /usr/lib/x86_64-linux-gnu/libopenblas.so  
[0.484s] -- Found CUDA: /usr/local/cuda-12 (found suitable version "12.6", minimum required is "12") 
[0.515s] -- Found CUDA: /usr/local/cuda-12 (found version "12.6") 
[0.515s] -- Found ament_cmake_auto: 1.3.10 (/opt/ros/humble/share/ament_cmake_auto/cmake)
[0.619s] -- Found Python3: /usr/bin/python3 (found version "3.10.12") found components: Interpreter 
[0.726s] -- Found rosidl_generator_c: 3.1.5 (/opt/ros/humble/share/rosidl_generator_c/cmake)
[0.728s] -- Found rosidl_adapter: 3.1.5 (/opt/ros/humble/share/rosidl_adapter/cmake)
[0.732s] -- Found rosidl_generator_cpp: 3.1.5 (/opt/ros/humble/share/rosidl_generator_cpp/cmake)
[0.738s] -- Using all available rosidl_typesupport_c: rosidl_typesupport_fastrtps_c;rosidl_typesupport_introspection_c
[0.746s] -- Using all available rosidl_typesupport_cpp: rosidl_typesupport_fastrtps_cpp;rosidl_typesupport_introspection_cpp
[0.768s] -- Found rmw_implementation_cmake: 6.1.2 (/opt/ros/humble/share/rmw_implementation_cmake/cmake)
[0.770s] -- Found rmw_fastrtps_cpp: 6.2.7 (/opt/ros/humble/share/rmw_fastrtps_cpp/cmake)
[0.831s] -- Found OpenSSL: /usr/lib/x86_64-linux-gnu/libcrypto.so (found version "3.0.2")  
[0.845s] -- Found FastRTPS: /opt/ros/humble/include  
[0.871s] -- Using RMW implementation 'rmw_fastrtps_cpp' as default
[0.987s] -- Found eigen3_cmake_module: 0.1.1 (/opt/ros/humble/share/eigen3_cmake_module/cmake)
[0.988s] -- Found Eigen3: TRUE (found version "3.4.0") 
[0.988s] -- Ensuring Eigen3 include directory is part of orocos-kdl CMake target
[1.089s] -- Found ament_lint_auto: 0.12.11 (/opt/ros/humble/share/ament_lint_auto/cmake)
[1.117s] -- Added test 'copyright' to check source files copyright and LICENSE
[1.118s] -- Added test 'cppcheck' to perform static code analysis on C / C++ code
[1.118s] -- Configured cppcheck include dirs: /home/vtcro/ros2_ws/src/zed-ros2-wrapper/zed_wrapper/src
[1.118s] -- Configured cppcheck exclude dirs and/or files: 
[1.118s] -- Added test 'lint_cmake' to check CMake code style
[1.119s] -- Added test 'pep257' to check Python code against some of the docstring style conventions in PEP 257
[1.119s] -- Added test 'uncrustify' to check C / C++ code style
[1.119s] -- Configured uncrustify additional arguments: 
[1.119s] -- Added test 'xmllint' to check XML markup files
[1.120s] -- Configuring done
[1.143s] -- Generating done
[1.144s] -- Build files have been written to: /home/vtcro/ros2_ws/build/zed_wrapper
[1.152s] Invoked command in '/home/vtcro/ros2_ws/build/zed_wrapper' returned '0': AMENT_PREFIX_PATH=/home/vtcro/ros2_ws/install/zed_components:${AMENT_PREFIX_PATH} CMAKE_PREFIX_PATH=/home/vtcro/ros2_ws/install/zed_components:/home/vtcro/ros2_ws/install/zed_interfaces:/opt/ros/humble LD_LIBRARY_PATH=/home/vtcro/ros2_ws/install/zed_components/lib:/home/vtcro/ros2_ws/install/zed_interfaces/lib:/opt/ros/humble/opt/rviz_ogre_vendor/lib:/opt/ros/humble/lib/x86_64-linux-gnu:/opt/ros/humble/lib:/usr/local/cuda-12/lib64 /usr/bin/cmake /home/vtcro/ros2_ws/src/zed-ros2-wrapper/zed_wrapper -DCMAKE_INSTALL_PREFIX=/home/vtcro/ros2_ws/install/zed_wrapper
[1.152s] Invoking command in '/home/vtcro/ros2_ws/build/zed_wrapper': AMENT_PREFIX_PATH=/home/vtcro/ros2_ws/install/zed_components:${AMENT_PREFIX_PATH} CMAKE_PREFIX_PATH=/home/vtcro/ros2_ws/install/zed_components:/home/vtcro/ros2_ws/install/zed_interfaces:/opt/ros/humble LD_LIBRARY_PATH=/home/vtcro/ros2_ws/install/zed_components/lib:/home/vtcro/ros2_ws/install/zed_interfaces/lib:/opt/ros/humble/opt/rviz_ogre_vendor/lib:/opt/ros/humble/lib/x86_64-linux-gnu:/opt/ros/humble/lib:/usr/local/cuda-12/lib64 /usr/bin/cmake --build /home/vtcro/ros2_ws/build/zed_wrapper -- -j16 -l16
[1.191s] [ 50%] [32mBuilding CXX object CMakeFiles/zed_wrapper.dir/src/zed_wrapper.cpp.o[0m
[4.223s] [100%] [32m[1mLinking CXX executable zed_wrapper[0m
[4.432s] [100%] Built target zed_wrapper
[4.440s] Invoked command in '/home/vtcro/ros2_ws/build/zed_wrapper' returned '0': AMENT_PREFIX_PATH=/home/vtcro/ros2_ws/install/zed_components:${AMENT_PREFIX_PATH} CMAKE_PREFIX_PATH=/home/vtcro/ros2_ws/install/zed_components:/home/vtcro/ros2_ws/install/zed_interfaces:/opt/ros/humble LD_LIBRARY_PATH=/home/vtcro/ros2_ws/install/zed_components/lib:/home/vtcro/ros2_ws/install/zed_interfaces/lib:/opt/ros/humble/opt/rviz_ogre_vendor/lib:/opt/ros/humble/lib/x86_64-linux-gnu:/opt/ros/humble/lib:/usr/local/cuda-12/lib64 /usr/bin/cmake --build /home/vtcro/ros2_ws/build/zed_wrapper -- -j16 -l16
[4.462s] Invoking command in '/home/vtcro/ros2_ws/build/zed_wrapper': AMENT_PREFIX_PATH=/home/vtcro/ros2_ws/install/zed_components:${AMENT_PREFIX_PATH} CMAKE_PREFIX_PATH=/home/vtcro/ros2_ws/install/zed_components:/home/vtcro/ros2_ws/install/zed_interfaces:/opt/ros/humble LD_LIBRARY_PATH=/home/vtcro/ros2_ws/install/zed_components/lib:/home/vtcro/ros2_ws/install/zed_interfaces/lib:/opt/ros/humble/opt/rviz_ogre_vendor/lib:/opt/ros/humble/lib/x86_64-linux-gnu:/opt/ros/humble/lib:/usr/local/cuda-12/lib64 /usr/bin/cmake --install /home/vtcro/ros2_ws/build/zed_wrapper
[4.466s] -- Install configuration: "Release"
[4.466s] -- Installing: /home/vtcro/ros2_ws/install/zed_wrapper/lib/zed_wrapper/zed_wrapper
[4.466s] -- Set runtime path of "/home/vtcro/ros2_ws/install/zed_wrapper/lib/zed_wrapper/zed_wrapper" to ""
[4.466s] -- Installing: /home/vtcro/ros2_ws/install/zed_wrapper/share/zed_wrapper/config
[4.467s] -- Installing: /home/vtcro/ros2_ws/install/zed_wrapper/share/zed_wrapper/config/zed.yaml
[4.467s] -- Installing: /home/vtcro/ros2_ws/install/zed_wrapper/share/zed_wrapper/config/ffmpeg.yaml
[4.467s] -- Installing: /home/vtcro/ros2_ws/install/zed_wrapper/share/zed_wrapper/config/zed2i.yaml
[4.467s] -- Installing: /home/vtcro/ros2_ws/install/zed_wrapper/share/zed_wrapper/config/virtual.yaml
[4.467s] -- Installing: /home/vtcro/ros2_ws/install/zed_wrapper/share/zed_wrapper/config/zedxm.yaml
[4.467s] -- Installing: /home/vtcro/ros2_ws/install/zed_wrapper/share/zed_wrapper/config/zedm.yaml
[4.467s] -- Installing: /home/vtcro/ros2_ws/install/zed_wrapper/share/zed_wrapper/config/zedx.yaml
[4.467s] -- Installing: /home/vtcro/ros2_ws/install/zed_wrapper/share/zed_wrapper/config/common.yaml
[4.467s] -- Installing: /home/vtcro/ros2_ws/install/zed_wrapper/share/zed_wrapper/config/zed2.yaml
[4.468s] -- Installing: /home/vtcro/ros2_ws/install/zed_wrapper/share/zed_wrapper/urdf
[4.468s] -- Installing: /home/vtcro/ros2_ws/install/zed_wrapper/share/zed_wrapper/urdf/include
[4.468s] -- Installing: /home/vtcro/ros2_ws/install/zed_wrapper/share/zed_wrapper/urdf/include/materials.urdf.xacro
[4.468s] -- Installing: /home/vtcro/ros2_ws/install/zed_wrapper/share/zed_wrapper/urdf/zed_macro.urdf.xacro
[4.468s] -- Installing: /home/vtcro/ros2_ws/install/zed_wrapper/share/zed_wrapper/urdf/zed_descr.urdf.xacro
[4.468s] -- Installing: /home/vtcro/ros2_ws/install/zed_wrapper/share/zed_wrapper/launch
[4.468s] -- Installing: /home/vtcro/ros2_ws/install/zed_wrapper/share/zed_wrapper/launch/zed_camera.launch.py
[4.468s] -- Installing: /home/vtcro/ros2_ws/install/zed_wrapper/share/ament_index/resource_index/package_run_dependencies/zed_wrapper
[4.468s] -- Installing: /home/vtcro/ros2_ws/install/zed_wrapper/share/ament_index/resource_index/parent_prefix_path/zed_wrapper
[4.468s] -- Installing: /home/vtcro/ros2_ws/install/zed_wrapper/share/zed_wrapper/environment/ament_prefix_path.sh
[4.468s] -- Installing: /home/vtcro/ros2_ws/install/zed_wrapper/share/zed_wrapper/environment/ament_prefix_path.dsv
[4.468s] -- Installing: /home/vtcro/ros2_ws/install/zed_wrapper/share/zed_wrapper/environment/path.sh
[4.468s] -- Installing: /home/vtcro/ros2_ws/install/zed_wrapper/share/zed_wrapper/environment/path.dsv
[4.469s] -- Installing: /home/vtcro/ros2_ws/install/zed_wrapper/share/zed_wrapper/local_setup.bash
[4.469s] -- Installing: /home/vtcro/ros2_ws/install/zed_wrapper/share/zed_wrapper/local_setup.sh
[4.469s] -- Installing: /home/vtcro/ros2_ws/install/zed_wrapper/share/zed_wrapper/local_setup.zsh
[4.469s] -- Installing: /home/vtcro/ros2_ws/install/zed_wrapper/share/zed_wrapper/local_setup.dsv
[4.469s] -- Installing: /home/vtcro/ros2_ws/install/zed_wrapper/share/zed_wrapper/package.dsv
[4.469s] -- Installing: /home/vtcro/ros2_ws/install/zed_wrapper/share/ament_index/resource_index/packages/zed_wrapper
[4.469s] -- Installing: /home/vtcro/ros2_ws/install/zed_wrapper/share/zed_wrapper/cmake/zed_wrapperConfig.cmake
[4.469s] -- Installing: /home/vtcro/ros2_ws/install/zed_wrapper/share/zed_wrapper/cmake/zed_wrapperConfig-version.cmake
[4.469s] -- Installing: /home/vtcro/ros2_ws/install/zed_wrapper/share/zed_wrapper/package.xml
[4.470s] Invoked command in '/home/vtcro/ros2_ws/build/zed_wrapper' returned '0': AMENT_PREFIX_PATH=/home/vtcro/ros2_ws/install/zed_components:${AMENT_PREFIX_PATH} CMAKE_PREFIX_PATH=/home/vtcro/ros2_ws/install/zed_components:/home/vtcro/ros2_ws/install/zed_interfaces:/opt/ros/humble LD_LIBRARY_PATH=/home/vtcro/ros2_ws/install/zed_components/lib:/home/vtcro/ros2_ws/install/zed_interfaces/lib:/opt/ros/humble/opt/rviz_ogre_vendor/lib:/opt/ros/humble/lib/x86_64-linux-gnu:/opt/ros/humble/lib:/usr/local/cuda-12/lib64 /usr/bin/cmake --install /home/vtcro/ros2_ws/build/zed_wrapper
