[0.012s] Invoking command in '/home/vtcro/ros2_ws/build/rviz_plugin_zed_od': CMAKE_PREFIX_PATH=/home/vtcro/ros2_ws/install/zed_interfaces:/home/vtcro/ros2_ws/install/zed_ros2:/home/vtcro/ros2_ws/install/zed_wrapper:/home/vtcro/ros2_ws/install/zed_components:/opt/ros/humble LD_LIBRARY_PATH=/home/vtcro/ros2_ws/install/zed_interfaces/lib:/usr/local/cuda-12/lib64:/home/vtcro/ros2_ws/install/zed_components/lib:/opt/ros/humble/opt/rviz_ogre_vendor/lib:/opt/ros/humble/lib/x86_64-linux-gnu:/opt/ros/humble/lib:/usr/local/cuda-12/lib64 /usr/bin/cmake /home/vtcro/ros2_ws/src/zed-ros2-examples/rviz-plugin-zed-od -DCMAKE_INSTALL_PREFIX=/home/vtcro/ros2_ws/install/rviz_plugin_zed_od
[0.062s] -- The C compiler identification is GNU 11.4.0
[0.117s] -- The CXX compiler identification is GNU 11.4.0
[0.124s] -- Detecting C compiler ABI info
[0.195s] -- Detecting C compiler ABI info - done
[0.204s] -- Check for working C compiler: /usr/bin/cc - skipped
[0.204s] -- Detecting C compile features
[0.205s] -- Detecting C compile features - done
[0.208s] -- Detecting CXX compiler ABI info
[0.288s] -- Detecting CXX compiler ABI info - done
[0.295s] -- Check for working CXX compiler: /usr/bin/c++ - skipped
[0.295s] -- Detecting CXX compile features
[0.296s] -- Detecting CXX compile features - done
[0.296s] -- Enabling tests requiring a display
[0.298s] -- Found ament_cmake_auto: 1.3.10 (/opt/ros/humble/share/ament_cmake_auto/cmake)
[0.464s] -- Found Python3: /usr/bin/python3 (found version "3.10.12") found components: Interpreter 
[0.668s] -- Setting OGRE_DIR to: '/opt/ros/humble/share/rviz_ogre_vendor/cmake/../../../opt/rviz_ogre_vendor/lib/OGRE/cmake'
[0.670s] -- Found OGRE
[0.670s] --   static     : OFF
[0.670s] --   components : HLMS;MeshLodGenerator;Overlay;Paging;Property;RTShaderSystem;Terrain;Volume
[0.670s] --   plugins    : Plugin_BSPSceneManager;Plugin_OctreeSceneManager;Plugin_PCZSceneManager;Plugin_ParticleFX;RenderSystem_GL;RenderSystem_GL3Plus;Codec_STBI
[0.670s] --   media      : /opt/ros/humble/opt/rviz_ogre_vendor/share/OGRE/Media
[0.670s] -- OGRE_LIBRARIES: OgreHLMS;OgreMeshLodGenerator;OgreOverlay;OgrePaging;OgreProperty;OgreRTShaderSystem;OgreTerrain;OgreVolume;OgreMain
[0.670s] -- OGRE_LIBRARY_DIRS: /opt/ros/humble/opt/rviz_ogre_vendor/lib
[0.670s] -- OGRE_PLUGINS: Plugin_BSPSceneManager;Plugin_OctreeSceneManager;Plugin_PCZSceneManager;Plugin_ParticleFX;RenderSystem_GL;RenderSystem_GL3Plus;Codec_STBI
[0.671s] -- OGRE_PLUGIN_DIR: /opt/ros/humble/opt/rviz_ogre_vendor/lib/OGRE
[0.671s] -- rviz_ogre_vendor::OgreOverlay for IMPORTED_LOCATION_RELEASE: /opt/ros/humble/opt/rviz_ogre_vendor/lib/libOgreOverlay.so
[0.671s] -- rviz_ogre_vendor::OgreOverlay for IMPORTED_LOCATION_DEBUG: /opt/ros/humble/opt/rviz_ogre_vendor/lib/libOgreOverlay.so
[0.671s] -- rviz_ogre_vendor::OgreMain for IMPORTED_LOCATION_RELEASE: /opt/ros/humble/opt/rviz_ogre_vendor/lib/libOgreMain.so
[0.671s] -- rviz_ogre_vendor::OgreMain for IMPORTED_LOCATION_DEBUG: /opt/ros/humble/opt/rviz_ogre_vendor/lib/libOgreMain.so
[0.681s] -- Could not find freeimage library
[0.698s] -- Found ZLIB: /usr/lib/x86_64-linux-gnu/libz.so (found version "1.2.11") 
[0.702s] -- Found OpenGL: /usr/lib/x86_64-linux-gnu/libOpenGL.so   
[0.799s] -- Found X11: /usr/include   
[0.800s] -- Looking for XOpenDisplay in /usr/lib/x86_64-linux-gnu/libX11.so;/usr/lib/x86_64-linux-gnu/libXext.so
[0.879s] -- Looking for XOpenDisplay in /usr/lib/x86_64-linux-gnu/libX11.so;/usr/lib/x86_64-linux-gnu/libXext.so - found
[0.879s] -- Looking for gethostbyname
[0.965s] -- Looking for gethostbyname - found
[0.966s] -- Looking for connect
[1.044s] -- Looking for connect - found
[1.044s] -- Looking for remove
[1.143s] -- Looking for remove - found
[1.144s] -- Looking for shmat
[1.247s] -- Looking for shmat - found
[1.257s] -- Looking for IceConnectionNumber in ICE
[1.342s] -- Looking for IceConnectionNumber in ICE - found
[1.388s] -- Found rosidl_generator_c: 3.1.5 (/opt/ros/humble/share/rosidl_generator_c/cmake)
[1.395s] -- Found rosidl_adapter: 3.1.5 (/opt/ros/humble/share/rosidl_adapter/cmake)
[1.407s] -- Found rosidl_generator_cpp: 3.1.5 (/opt/ros/humble/share/rosidl_generator_cpp/cmake)
[1.426s] -- Using all available rosidl_typesupport_c: rosidl_typesupport_fastrtps_c;rosidl_typesupport_introspection_c
[1.449s] -- Using all available rosidl_typesupport_cpp: rosidl_typesupport_fastrtps_cpp;rosidl_typesupport_introspection_cpp
[1.553s] -- Found rviz_common: 11.2.13 (/opt/ros/humble/share/rviz_common/cmake)
[1.571s] -- Setting assimp_DIR to: '/opt/ros/humble/share/rviz_assimp_vendor/cmake/../../../opt/rviz_assimp_vendor/lib/cmake/assimp-4.1'
[1.676s] -- library: /usr/lib/x86_64-linux-gnu/libcurl.so
[1.759s] -- Found rmw_implementation_cmake: 6.1.2 (/opt/ros/humble/share/rmw_implementation_cmake/cmake)
[1.763s] -- Found rmw_fastrtps_cpp: 6.2.7 (/opt/ros/humble/share/rmw_fastrtps_cpp/cmake)
[1.794s] -- Found TinyXML2 via Config file: TinyXML2_DIR-NOTFOUND
[1.843s] -- Found OpenSSL: /usr/lib/x86_64-linux-gnu/libcrypto.so (found version "3.0.2")  
[1.846s] -- Found TinyXML2 via Config file: TinyXML2_DIR-NOTFOUND
[1.860s] -- Found FastRTPS: /opt/ros/humble/include  
[1.864s] -- Found TinyXML2 via Config file: TinyXML2_DIR-NOTFOUND
[1.874s] -- Found TinyXML2 via Config file: TinyXML2_DIR-NOTFOUND
[1.887s] -- Using RMW implementation 'rmw_fastrtps_cpp' as default
[1.897s] -- Looking for pthread.h
[1.979s] -- Looking for pthread.h - found
[1.980s] -- Performing Test CMAKE_HAVE_LIBC_PTHREAD
[2.059s] -- Performing Test CMAKE_HAVE_LIBC_PTHREAD - Success
[2.061s] -- Found Threads: TRUE  
[2.140s] -- Found Eigen3: TRUE (found version "3.4.0") 
[2.141s] -- Ensuring Eigen3 include directory is part of orocos-kdl CMake target
[2.222s] -- Found ament_lint_auto: 0.12.11 (/opt/ros/humble/share/ament_lint_auto/cmake)
[2.238s] -- Added test 'copyright' to check source files copyright and LICENSE
[2.239s] -- Added test 'cppcheck' to perform static code analysis on C / C++ code
[2.239s] -- Configured cppcheck include dirs: /home/vtcro/ros2_ws/src/zed-ros2-examples/rviz-plugin-zed-od/src/include;/home/vtcro/ros2_ws/src/zed-ros2-examples/rviz-plugin-zed-od/src/plugin/include;$<BUILD_INTERFACE:/home/vtcro/ros2_ws/src/zed-ros2-examples/rviz-plugin-zed-od/include>
[2.240s] -- Configured cppcheck exclude dirs and/or files: 
[2.240s] -- Added test 'cpplint' to check C / C++ code against the Google style
[2.240s] -- Configured cpplint exclude dirs and/or files: 
[2.241s] -- Added test 'lint_cmake' to check CMake code style
[2.242s] -- Added test 'uncrustify' to check C / C++ code style
[2.242s] -- Configured uncrustify additional arguments: 
[2.242s] -- Added test 'xmllint' to check XML markup files
[2.243s] -- Added test 'clang_format' to check C / C++ code style
[2.245s] -- Configuring done
[2.281s] -- Generating done
[2.283s] -- Build files have been written to: /home/vtcro/ros2_ws/build/rviz_plugin_zed_od
[2.297s] Invoked command in '/home/vtcro/ros2_ws/build/rviz_plugin_zed_od' returned '0': CMAKE_PREFIX_PATH=/home/vtcro/ros2_ws/install/zed_interfaces:/home/vtcro/ros2_ws/install/zed_ros2:/home/vtcro/ros2_ws/install/zed_wrapper:/home/vtcro/ros2_ws/install/zed_components:/opt/ros/humble LD_LIBRARY_PATH=/home/vtcro/ros2_ws/install/zed_interfaces/lib:/usr/local/cuda-12/lib64:/home/vtcro/ros2_ws/install/zed_components/lib:/opt/ros/humble/opt/rviz_ogre_vendor/lib:/opt/ros/humble/lib/x86_64-linux-gnu:/opt/ros/humble/lib:/usr/local/cuda-12/lib64 /usr/bin/cmake /home/vtcro/ros2_ws/src/zed-ros2-examples/rviz-plugin-zed-od -DCMAKE_INSTALL_PREFIX=/home/vtcro/ros2_ws/install/rviz_plugin_zed_od
[2.299s] Invoking command in '/home/vtcro/ros2_ws/build/rviz_plugin_zed_od': CMAKE_PREFIX_PATH=/home/vtcro/ros2_ws/install/zed_interfaces:/home/vtcro/ros2_ws/install/zed_ros2:/home/vtcro/ros2_ws/install/zed_wrapper:/home/vtcro/ros2_ws/install/zed_components:/opt/ros/humble LD_LIBRARY_PATH=/home/vtcro/ros2_ws/install/zed_interfaces/lib:/usr/local/cuda-12/lib64:/home/vtcro/ros2_ws/install/zed_components/lib:/opt/ros/humble/opt/rviz_ogre_vendor/lib:/opt/ros/humble/lib/x86_64-linux-gnu:/opt/ros/humble/lib:/usr/local/cuda-12/lib64 /usr/bin/cmake --build /home/vtcro/ros2_ws/build/rviz_plugin_zed_od -- -j16 -l16
[2.358s] [ 20%] [34m[1mAutomatic MOC and UIC for target rviz_plugin_zed_od[0m
[2.901s] [ 20%] Built target rviz_plugin_zed_od_autogen
[2.924s] [ 40%] [32mBuilding CXX object CMakeFiles/rviz_plugin_zed_od.dir/rviz_plugin_zed_od_autogen/mocs_compilation.cpp.o[0m
[2.925s] [ 60%] [32mBuilding CXX object CMakeFiles/rviz_plugin_zed_od.dir/src/plugin/src/zed_od_display.cpp.o[0m
[2.925s] [ 80%] [32mBuilding CXX object CMakeFiles/rviz_plugin_zed_od.dir/src/plugin/src/zed_od_info.cpp.o[0m
[13.396s] [100%] [32m[1mLinking CXX shared library librviz_plugin_zed_od.so[0m
[14.083s] [100%] Built target rviz_plugin_zed_od
