[0.009s] Invoking command in '/home/vtcro/ros2_ws/build/rviz_plugin_zed_od': CMAKE_PREFIX_PATH=/home/vtcro/ros2_ws/install/zed_interfaces:/home/vtcro/ros2_ws/install/zed_ros2:/home/vtcro/ros2_ws/install/zed_robot_integration:/home/vtcro/ros2_ws/install/zed_multi_camera:/home/vtcro/ros2_ws/install/zed_display_rviz2:/home/vtcro/ros2_ws/install/zed_depth_to_laserscan:/home/vtcro/ros2_ws/install/zed_wrapper:/home/vtcro/ros2_ws/install/zed_tutorial_video:/home/vtcro/ros2_ws/install/zed_tutorial_depth:/home/vtcro/ros2_ws/install/zed_topic_benchmark_interfaces:/home/vtcro/ros2_ws/install/zed_components:/opt/ros/humble LD_LIBRARY_PATH=/home/vtcro/ros2_ws/install/zed_interfaces/lib:/opt/ros/humble/opt/rviz_ogre_vendor/lib:/opt/ros/humble/lib/x86_64-linux-gnu:/opt/ros/humble/lib:/usr/local/cuda-12.1/lib64:/usr/local/cuda-12.1/lib64:/usr/local/cuda-12/lib64:/usr/local/cuda-12/lib64:/home/vtcro/ros2_ws/install/zed_topic_benchmark_interfaces/lib:/home/vtcro/ros2_ws/install/zed_aruco_localization/lib:/home/vtcro/ros2_ws/install/zed_components/lib /usr/bin/cmake --build /home/vtcro/ros2_ws/build/rviz_plugin_zed_od -- -j16 -l16
[0.047s] [ 20%] [34m[1mAutomatic MOC and UIC for target rviz_plugin_zed_od[0m
[0.066s] [ 20%] Built target rviz_plugin_zed_od_autogen
[0.076s] [35m[1mConsolidate compiler generated dependencies of target rviz_plugin_zed_od[0m
[0.092s] [100%] Built target rviz_plugin_zed_od
[0.105s] Invoked command in '/home/vtcro/ros2_ws/build/rviz_plugin_zed_od' returned '0': CMAKE_PREFIX_PATH=/home/vtcro/ros2_ws/install/zed_interfaces:/home/vtcro/ros2_ws/install/zed_ros2:/home/vtcro/ros2_ws/install/zed_robot_integration:/home/vtcro/ros2_ws/install/zed_multi_camera:/home/vtcro/ros2_ws/install/zed_display_rviz2:/home/vtcro/ros2_ws/install/zed_depth_to_laserscan:/home/vtcro/ros2_ws/install/zed_wrapper:/home/vtcro/ros2_ws/install/zed_tutorial_video:/home/vtcro/ros2_ws/install/zed_tutorial_depth:/home/vtcro/ros2_ws/install/zed_topic_benchmark_interfaces:/home/vtcro/ros2_ws/install/zed_components:/opt/ros/humble LD_LIBRARY_PATH=/home/vtcro/ros2_ws/install/zed_interfaces/lib:/opt/ros/humble/opt/rviz_ogre_vendor/lib:/opt/ros/humble/lib/x86_64-linux-gnu:/opt/ros/humble/lib:/usr/local/cuda-12.1/lib64:/usr/local/cuda-12.1/lib64:/usr/local/cuda-12/lib64:/usr/local/cuda-12/lib64:/home/vtcro/ros2_ws/install/zed_topic_benchmark_interfaces/lib:/home/vtcro/ros2_ws/install/zed_aruco_localization/lib:/home/vtcro/ros2_ws/install/zed_components/lib /usr/bin/cmake --build /home/vtcro/ros2_ws/build/rviz_plugin_zed_od -- -j16 -l16
[0.131s] Invoking command in '/home/vtcro/ros2_ws/build/rviz_plugin_zed_od': CMAKE_PREFIX_PATH=/home/vtcro/ros2_ws/install/zed_interfaces:/home/vtcro/ros2_ws/install/zed_ros2:/home/vtcro/ros2_ws/install/zed_robot_integration:/home/vtcro/ros2_ws/install/zed_multi_camera:/home/vtcro/ros2_ws/install/zed_display_rviz2:/home/vtcro/ros2_ws/install/zed_depth_to_laserscan:/home/vtcro/ros2_ws/install/zed_wrapper:/home/vtcro/ros2_ws/install/zed_tutorial_video:/home/vtcro/ros2_ws/install/zed_tutorial_depth:/home/vtcro/ros2_ws/install/zed_topic_benchmark_interfaces:/home/vtcro/ros2_ws/install/zed_components:/opt/ros/humble LD_LIBRARY_PATH=/home/vtcro/ros2_ws/install/zed_interfaces/lib:/opt/ros/humble/opt/rviz_ogre_vendor/lib:/opt/ros/humble/lib/x86_64-linux-gnu:/opt/ros/humble/lib:/usr/local/cuda-12.1/lib64:/usr/local/cuda-12.1/lib64:/usr/local/cuda-12/lib64:/usr/local/cuda-12/lib64:/home/vtcro/ros2_ws/install/zed_topic_benchmark_interfaces/lib:/home/vtcro/ros2_ws/install/zed_aruco_localization/lib:/home/vtcro/ros2_ws/install/zed_components/lib /usr/bin/cmake --install /home/vtcro/ros2_ws/build/rviz_plugin_zed_od
[0.137s] -- Install configuration: ""
[0.137s] -- Installing: /home/vtcro/ros2_ws/install/rviz_plugin_zed_od/share/rviz_plugin_zed_od/plugins_description.xml
[0.137s] -- Installing: /home/vtcro/ros2_ws/install/rviz_plugin_zed_od/share/rviz_plugin_zed_od/environment/library_path.sh
[0.137s] -- Installing: /home/vtcro/ros2_ws/install/rviz_plugin_zed_od/share/rviz_plugin_zed_od/environment/library_path.dsv
[0.137s] -- Installing: /home/vtcro/ros2_ws/install/rviz_plugin_zed_od/lib/librviz_plugin_zed_od.so
[0.141s] -- Set runtime path of "/home/vtcro/ros2_ws/install/rviz_plugin_zed_od/lib/librviz_plugin_zed_od.so" to ""
[0.142s] -- Installing: /home/vtcro/ros2_ws/install/rviz_plugin_zed_od/include/rviz_plugin_zed_od/
[0.142s] -- Installing: /home/vtcro/ros2_ws/install/rviz_plugin_zed_od/include/rviz_plugin_zed_od//visibility_control.hpp
[0.142s] -- Up-to-date: /home/vtcro/ros2_ws/install/rviz_plugin_zed_od/include/rviz_plugin_zed_od/
[0.142s] -- Installing: /home/vtcro/ros2_ws/install/rviz_plugin_zed_od/include/rviz_plugin_zed_od//zed_od_info.hpp
[0.142s] -- Installing: /home/vtcro/ros2_ws/install/rviz_plugin_zed_od/include/rviz_plugin_zed_od//zed_od_display.hpp
[0.142s] -- Installing: /home/vtcro/ros2_ws/install/rviz_plugin_zed_od/include/rviz_plugin_zed_od//zed_body_parts.hpp
[0.143s] -- Installing: /home/vtcro/ros2_ws/install/rviz_plugin_zed_od/share/rviz_plugin_zed_od/icons
[0.143s] -- Installing: /home/vtcro/ros2_ws/install/rviz_plugin_zed_od/share/rviz_plugin_zed_od/icons/ZedObjDet.png
[0.143s] -- Installing: /home/vtcro/ros2_ws/install/rviz_plugin_zed_od/share/ament_index/resource_index/package_run_dependencies/rviz_plugin_zed_od
[0.143s] -- Installing: /home/vtcro/ros2_ws/install/rviz_plugin_zed_od/share/ament_index/resource_index/parent_prefix_path/rviz_plugin_zed_od
[0.144s] -- Installing: /home/vtcro/ros2_ws/install/rviz_plugin_zed_od/share/rviz_plugin_zed_od/environment/ament_prefix_path.sh
[0.144s] -- Installing: /home/vtcro/ros2_ws/install/rviz_plugin_zed_od/share/rviz_plugin_zed_od/environment/ament_prefix_path.dsv
[0.144s] -- Installing: /home/vtcro/ros2_ws/install/rviz_plugin_zed_od/share/rviz_plugin_zed_od/environment/path.sh
[0.144s] -- Installing: /home/vtcro/ros2_ws/install/rviz_plugin_zed_od/share/rviz_plugin_zed_od/environment/path.dsv
[0.144s] -- Installing: /home/vtcro/ros2_ws/install/rviz_plugin_zed_od/share/rviz_plugin_zed_od/local_setup.bash
[0.145s] -- Installing: /home/vtcro/ros2_ws/install/rviz_plugin_zed_od/share/rviz_plugin_zed_od/local_setup.sh
[0.145s] -- Installing: /home/vtcro/ros2_ws/install/rviz_plugin_zed_od/share/rviz_plugin_zed_od/local_setup.zsh
[0.145s] -- Installing: /home/vtcro/ros2_ws/install/rviz_plugin_zed_od/share/rviz_plugin_zed_od/local_setup.dsv
[0.145s] -- Installing: /home/vtcro/ros2_ws/install/rviz_plugin_zed_od/share/rviz_plugin_zed_od/package.dsv
[0.146s] -- Installing: /home/vtcro/ros2_ws/install/rviz_plugin_zed_od/share/ament_index/resource_index/packages/rviz_plugin_zed_od
[0.146s] -- Installing: /home/vtcro/ros2_ws/install/rviz_plugin_zed_od/share/ament_index/resource_index/rviz_common__pluginlib__plugin/rviz_plugin_zed_od
[0.146s] -- Installing: /home/vtcro/ros2_ws/install/rviz_plugin_zed_od/share/rviz_plugin_zed_od/cmake/rviz_plugin_zed_odExport.cmake
[0.148s] -- Installing: /home/vtcro/ros2_ws/install/rviz_plugin_zed_od/share/rviz_plugin_zed_od/cmake/rviz_plugin_zed_odExport-noconfig.cmake
[0.148s] -- Installing: /home/vtcro/ros2_ws/install/rviz_plugin_zed_od/share/rviz_plugin_zed_od/cmake/ament_cmake_export_include_directories-extras.cmake
[0.148s] -- Installing: /home/vtcro/ros2_ws/install/rviz_plugin_zed_od/share/rviz_plugin_zed_od/cmake/ament_cmake_export_targets-extras.cmake
[0.148s] -- Installing: /home/vtcro/ros2_ws/install/rviz_plugin_zed_od/share/rviz_plugin_zed_od/cmake/ament_cmake_export_dependencies-extras.cmake
[0.148s] -- Installing: /home/vtcro/ros2_ws/install/rviz_plugin_zed_od/share/rviz_plugin_zed_od/cmake/rviz_plugin_zed_odConfig.cmake
[0.148s] -- Installing: /home/vtcro/ros2_ws/install/rviz_plugin_zed_od/share/rviz_plugin_zed_od/cmake/rviz_plugin_zed_odConfig-version.cmake
[0.148s] -- Installing: /home/vtcro/ros2_ws/install/rviz_plugin_zed_od/share/rviz_plugin_zed_od/package.xml
[0.152s] Invoked command in '/home/vtcro/ros2_ws/build/rviz_plugin_zed_od' returned '0': CMAKE_PREFIX_PATH=/home/vtcro/ros2_ws/install/zed_interfaces:/home/vtcro/ros2_ws/install/zed_ros2:/home/vtcro/ros2_ws/install/zed_robot_integration:/home/vtcro/ros2_ws/install/zed_multi_camera:/home/vtcro/ros2_ws/install/zed_display_rviz2:/home/vtcro/ros2_ws/install/zed_depth_to_laserscan:/home/vtcro/ros2_ws/install/zed_wrapper:/home/vtcro/ros2_ws/install/zed_tutorial_video:/home/vtcro/ros2_ws/install/zed_tutorial_depth:/home/vtcro/ros2_ws/install/zed_topic_benchmark_interfaces:/home/vtcro/ros2_ws/install/zed_components:/opt/ros/humble LD_LIBRARY_PATH=/home/vtcro/ros2_ws/install/zed_interfaces/lib:/opt/ros/humble/opt/rviz_ogre_vendor/lib:/opt/ros/humble/lib/x86_64-linux-gnu:/opt/ros/humble/lib:/usr/local/cuda-12.1/lib64:/usr/local/cuda-12.1/lib64:/usr/local/cuda-12/lib64:/usr/local/cuda-12/lib64:/home/vtcro/ros2_ws/install/zed_topic_benchmark_interfaces/lib:/home/vtcro/ros2_ws/install/zed_aruco_localization/lib:/home/vtcro/ros2_ws/install/zed_components/lib /usr/bin/cmake --install /home/vtcro/ros2_ws/build/rviz_plugin_zed_od
