[0.027s] Invoking command in '/home/vtcro/ros2_ws/build/zed_depth_to_laserscan': AMENT_PREFIX_PATH=/home/vtcro/ros2_ws/install/zed_wrapper:/home/vtcro/ros2_ws/install/zed_components:/home/vtcro/ros2_ws/install/zed_interfaces:${AMENT_PREFIX_PATH} CMAKE_PREFIX_PATH=/home/vtcro/ros2_ws/install/zed_wrapper:/home/vtcro/ros2_ws/install/zed_components:/home/vtcro/ros2_ws/install/zed_interfaces:/opt/ros/humble LD_LIBRARY_PATH=/home/vtcro/ros2_ws/install/zed_components/lib:/home/vtcro/ros2_ws/install/zed_interfaces/lib:/opt/ros/humble/opt/rviz_ogre_vendor/lib:/opt/ros/humble/lib/x86_64-linux-gnu:/opt/ros/humble/lib:/usr/local/cuda-12.1/lib64 PYTHONPATH=/home/vtcro/ros2_ws/install/zed_interfaces/local/lib/python3.10/dist-packages:${PYTHONPATH} /usr/bin/cmake --build /home/vtcro/ros2_ws/build/zed_depth_to_laserscan -- -j16 -l16
[0.058s] Invoked command in '/home/vtcro/ros2_ws/build/zed_depth_to_laserscan' returned '0': AMENT_PREFIX_PATH=/home/vtcro/ros2_ws/install/zed_wrapper:/home/vtcro/ros2_ws/install/zed_components:/home/vtcro/ros2_ws/install/zed_interfaces:${AMENT_PREFIX_PATH} CMAKE_PREFIX_PATH=/home/vtcro/ros2_ws/install/zed_wrapper:/home/vtcro/ros2_ws/install/zed_components:/home/vtcro/ros2_ws/install/zed_interfaces:/opt/ros/humble LD_LIBRARY_PATH=/home/vtcro/ros2_ws/install/zed_components/lib:/home/vtcro/ros2_ws/install/zed_interfaces/lib:/opt/ros/humble/opt/rviz_ogre_vendor/lib:/opt/ros/humble/lib/x86_64-linux-gnu:/opt/ros/humble/lib:/usr/local/cuda-12.1/lib64 PYTHONPATH=/home/vtcro/ros2_ws/install/zed_interfaces/local/lib/python3.10/dist-packages:${PYTHONPATH} /usr/bin/cmake --build /home/vtcro/ros2_ws/build/zed_depth_to_laserscan -- -j16 -l16
[0.078s] Invoking command in '/home/vtcro/ros2_ws/build/zed_depth_to_laserscan': AMENT_PREFIX_PATH=/home/vtcro/ros2_ws/install/zed_wrapper:/home/vtcro/ros2_ws/install/zed_components:/home/vtcro/ros2_ws/install/zed_interfaces:${AMENT_PREFIX_PATH} CMAKE_PREFIX_PATH=/home/vtcro/ros2_ws/install/zed_wrapper:/home/vtcro/ros2_ws/install/zed_components:/home/vtcro/ros2_ws/install/zed_interfaces:/opt/ros/humble LD_LIBRARY_PATH=/home/vtcro/ros2_ws/install/zed_components/lib:/home/vtcro/ros2_ws/install/zed_interfaces/lib:/opt/ros/humble/opt/rviz_ogre_vendor/lib:/opt/ros/humble/lib/x86_64-linux-gnu:/opt/ros/humble/lib:/usr/local/cuda-12.1/lib64 PYTHONPATH=/home/vtcro/ros2_ws/install/zed_interfaces/local/lib/python3.10/dist-packages:${PYTHONPATH} /usr/bin/cmake --install /home/vtcro/ros2_ws/build/zed_depth_to_laserscan
[0.085s] -- Install configuration: ""
[0.085s] -- Up-to-date: /home/vtcro/ros2_ws/install/zed_depth_to_laserscan/share/zed_depth_to_laserscan/launch
[0.085s] -- Up-to-date: /home/vtcro/ros2_ws/install/zed_depth_to_laserscan/share/zed_depth_to_laserscan/launch/zed_depth_to_laserscan.launch.py
[0.085s] -- Up-to-date: /home/vtcro/ros2_ws/install/zed_depth_to_laserscan/share/zed_depth_to_laserscan/config
[0.085s] -- Up-to-date: /home/vtcro/ros2_ws/install/zed_depth_to_laserscan/share/zed_depth_to_laserscan/config/zed_depth_to_laserscan.yaml
[0.085s] -- Up-to-date: /home/vtcro/ros2_ws/install/zed_depth_to_laserscan/share/zed_depth_to_laserscan/rviz2
[0.086s] -- Up-to-date: /home/vtcro/ros2_ws/install/zed_depth_to_laserscan/share/zed_depth_to_laserscan/rviz2/zed_depth_to_laserscan.rviz
[0.086s] -- Up-to-date: /home/vtcro/ros2_ws/install/zed_depth_to_laserscan/share/ament_index/resource_index/package_run_dependencies/zed_depth_to_laserscan
[0.086s] -- Up-to-date: /home/vtcro/ros2_ws/install/zed_depth_to_laserscan/share/ament_index/resource_index/parent_prefix_path/zed_depth_to_laserscan
[0.086s] -- Up-to-date: /home/vtcro/ros2_ws/install/zed_depth_to_laserscan/share/zed_depth_to_laserscan/environment/ament_prefix_path.sh
[0.086s] -- Up-to-date: /home/vtcro/ros2_ws/install/zed_depth_to_laserscan/share/zed_depth_to_laserscan/environment/ament_prefix_path.dsv
[0.086s] -- Up-to-date: /home/vtcro/ros2_ws/install/zed_depth_to_laserscan/share/zed_depth_to_laserscan/environment/path.sh
[0.086s] -- Up-to-date: /home/vtcro/ros2_ws/install/zed_depth_to_laserscan/share/zed_depth_to_laserscan/environment/path.dsv
[0.086s] -- Up-to-date: /home/vtcro/ros2_ws/install/zed_depth_to_laserscan/share/zed_depth_to_laserscan/local_setup.bash
[0.086s] -- Up-to-date: /home/vtcro/ros2_ws/install/zed_depth_to_laserscan/share/zed_depth_to_laserscan/local_setup.sh
[0.086s] -- Up-to-date: /home/vtcro/ros2_ws/install/zed_depth_to_laserscan/share/zed_depth_to_laserscan/local_setup.zsh
[0.086s] -- Up-to-date: /home/vtcro/ros2_ws/install/zed_depth_to_laserscan/share/zed_depth_to_laserscan/local_setup.dsv
[0.086s] -- Up-to-date: /home/vtcro/ros2_ws/install/zed_depth_to_laserscan/share/zed_depth_to_laserscan/package.dsv
[0.087s] -- Up-to-date: /home/vtcro/ros2_ws/install/zed_depth_to_laserscan/share/ament_index/resource_index/packages/zed_depth_to_laserscan
[0.087s] -- Up-to-date: /home/vtcro/ros2_ws/install/zed_depth_to_laserscan/share/zed_depth_to_laserscan/cmake/zed_depth_to_laserscanConfig.cmake
[0.087s] -- Up-to-date: /home/vtcro/ros2_ws/install/zed_depth_to_laserscan/share/zed_depth_to_laserscan/cmake/zed_depth_to_laserscanConfig-version.cmake
[0.087s] -- Up-to-date: /home/vtcro/ros2_ws/install/zed_depth_to_laserscan/share/zed_depth_to_laserscan/package.xml
[0.097s] Invoked command in '/home/vtcro/ros2_ws/build/zed_depth_to_laserscan' returned '0': AMENT_PREFIX_PATH=/home/vtcro/ros2_ws/install/zed_wrapper:/home/vtcro/ros2_ws/install/zed_components:/home/vtcro/ros2_ws/install/zed_interfaces:${AMENT_PREFIX_PATH} CMAKE_PREFIX_PATH=/home/vtcro/ros2_ws/install/zed_wrapper:/home/vtcro/ros2_ws/install/zed_components:/home/vtcro/ros2_ws/install/zed_interfaces:/opt/ros/humble LD_LIBRARY_PATH=/home/vtcro/ros2_ws/install/zed_components/lib:/home/vtcro/ros2_ws/install/zed_interfaces/lib:/opt/ros/humble/opt/rviz_ogre_vendor/lib:/opt/ros/humble/lib/x86_64-linux-gnu:/opt/ros/humble/lib:/usr/local/cuda-12.1/lib64 PYTHONPATH=/home/vtcro/ros2_ws/install/zed_interfaces/local/lib/python3.10/dist-packages:${PYTHONPATH} /usr/bin/cmake --install /home/vtcro/ros2_ws/build/zed_depth_to_laserscan
