[0.012s] Invoking command in '/home/vtcro/ros2_ws/build/zed_rgb_convert': CMAKE_PREFIX_PATH=/home/vtcro/ros2_ws/install/zed_components:/home/vtcro/ros2_ws/install/zed_interfaces:/home/vtcro/ros2_ws/install/zed_ros2:/home/vtcro/ros2_ws/install/zed_wrapper:/opt/ros/humble LD_LIBRARY_PATH=/home/vtcro/ros2_ws/install/zed_components/lib:/home/vtcro/ros2_ws/install/zed_interfaces/lib:/usr/local/cuda-12/lib64:/opt/ros/humble/opt/rviz_ogre_vendor/lib:/opt/ros/humble/lib/x86_64-linux-gnu:/opt/ros/humble/lib:/usr/local/cuda-12/lib64 /usr/bin/cmake /home/vtcro/ros2_ws/src/zed-ros2-examples/tutorials/zed_rgb_convert -DCMAKE_INSTALL_PREFIX=/home/vtcro/ros2_ws/install/zed_rgb_convert
[0.068s] -- The C compiler identification is GNU 11.4.0
[0.132s] -- The CXX compiler identification is GNU 11.4.0
[0.140s] -- Detecting C compiler ABI info
[0.214s] -- Detecting C compiler ABI info - done
[0.221s] -- Check for working C compiler: /usr/bin/cc - skipped
[0.221s] -- Detecting C compile features
[0.221s] -- Detecting C compile features - done
[0.224s] -- Detecting CXX compiler ABI info
[0.301s] -- Detecting CXX compiler ABI info - done
[0.312s] -- Check for working CXX compiler: /usr/bin/c++ - skipped
[0.312s] -- Detecting CXX compile features
[0.313s] -- Detecting CXX compile features - done
[0.326s] -- Found OpenCV: /usr (found version "4.5.4") 
[0.331s] -- Looking for sgemm_
[0.406s] -- Looking for sgemm_ - not found
[0.410s] -- Looking for pthread.h
[0.486s] -- Looking for pthread.h - found
[0.486s] -- Performing Test CMAKE_HAVE_LIBC_PTHREAD
[0.565s] -- Performing Test CMAKE_HAVE_LIBC_PTHREAD - Success
[0.567s] -- Found Threads: TRUE  
[0.606s] -- Looking for sgemm_
[0.759s] -- Looking for sgemm_ - found
[0.759s] -- Found BLAS: /usr/lib/x86_64-linux-gnu/libopenblas.so  
[0.788s] -- Found CUDA: /usr/local/cuda-12 (found suitable version "12.6", minimum required is "12") 
[0.841s] -- Found CUDA: /usr/local/cuda-12 (found version "12.6") 
[0.844s] -- Found ament_cmake_auto: 1.3.10 (/opt/ros/humble/share/ament_cmake_auto/cmake)
[1.076s] -- Found Python3: /usr/bin/python3 (found version "3.10.12") found components: Interpreter 
[1.332s] -- Found rosidl_generator_c: 3.1.5 (/opt/ros/humble/share/rosidl_generator_c/cmake)
[1.336s] -- Found rosidl_adapter: 3.1.5 (/opt/ros/humble/share/rosidl_adapter/cmake)
[1.344s] -- Found rosidl_generator_cpp: 3.1.5 (/opt/ros/humble/share/rosidl_generator_cpp/cmake)
[1.354s] -- Using all available rosidl_typesupport_c: rosidl_typesupport_fastrtps_c;rosidl_typesupport_introspection_c
[1.368s] -- Using all available rosidl_typesupport_cpp: rosidl_typesupport_fastrtps_cpp;rosidl_typesupport_introspection_cpp
[1.405s] -- Found rmw_implementation_cmake: 6.1.2 (/opt/ros/humble/share/rmw_implementation_cmake/cmake)
[1.407s] -- Found rmw_fastrtps_cpp: 6.2.7 (/opt/ros/humble/share/rmw_fastrtps_cpp/cmake)
[1.478s] -- Found OpenSSL: /usr/lib/x86_64-linux-gnu/libcrypto.so (found version "3.0.2")  
[1.507s] -- Found FastRTPS: /opt/ros/humble/include  
[1.548s] -- Using RMW implementation 'rmw_fastrtps_cpp' as default
[1.724s] -- Found eigen3_cmake_module: 0.1.1 (/opt/ros/humble/share/eigen3_cmake_module/cmake)
[1.726s] -- Found Eigen3: TRUE (found version "3.4.0") 
[1.726s] -- Ensuring Eigen3 include directory is part of orocos-kdl CMake target
[1.873s] -- Found ament_lint_auto: 0.12.11 (/opt/ros/humble/share/ament_lint_auto/cmake)
[1.907s] -- Added test 'copyright' to check source files copyright and LICENSE
[1.908s] -- Added test 'cppcheck' to perform static code analysis on C / C++ code
[1.908s] -- Configured cppcheck include dirs: /home/vtcro/ros2_ws/src/zed-ros2-examples/tutorials/zed_rgb_convert/src/include;/home/vtcro/ros2_ws/src/zed-ros2-examples/tutorials/zed_rgb_convert/src/component/include
[1.908s] -- Configured cppcheck exclude dirs and/or files: 
[1.909s] -- Added test 'cpplint' to check C / C++ code against the Google style
[1.909s] -- Configured cpplint exclude dirs and/or files: 
[1.909s] -- Added test 'flake8' to check Python code syntax and style conventions
[1.910s] -- Added test 'lint_cmake' to check CMake code style
[1.910s] -- Added test 'pep257' to check Python code against some of the docstring style conventions in PEP 257
[1.911s] -- Added test 'uncrustify' to check C / C++ code style
[1.911s] -- Configured uncrustify additional arguments: 
[1.911s] -- Added test 'xmllint' to check XML markup files
[1.912s] -- Added test 'clang_format' to check C / C++ code style
[1.914s] -- Configuring done
[1.948s] -- Generating done
[1.950s] -- Build files have been written to: /home/vtcro/ros2_ws/build/zed_rgb_convert
[1.960s] Invoked command in '/home/vtcro/ros2_ws/build/zed_rgb_convert' returned '0': CMAKE_PREFIX_PATH=/home/vtcro/ros2_ws/install/zed_components:/home/vtcro/ros2_ws/install/zed_interfaces:/home/vtcro/ros2_ws/install/zed_ros2:/home/vtcro/ros2_ws/install/zed_wrapper:/opt/ros/humble LD_LIBRARY_PATH=/home/vtcro/ros2_ws/install/zed_components/lib:/home/vtcro/ros2_ws/install/zed_interfaces/lib:/usr/local/cuda-12/lib64:/opt/ros/humble/opt/rviz_ogre_vendor/lib:/opt/ros/humble/lib/x86_64-linux-gnu:/opt/ros/humble/lib:/usr/local/cuda-12/lib64 /usr/bin/cmake /home/vtcro/ros2_ws/src/zed-ros2-examples/tutorials/zed_rgb_convert -DCMAKE_INSTALL_PREFIX=/home/vtcro/ros2_ws/install/zed_rgb_convert
[1.962s] Invoking command in '/home/vtcro/ros2_ws/build/zed_rgb_convert': CMAKE_PREFIX_PATH=/home/vtcro/ros2_ws/install/zed_components:/home/vtcro/ros2_ws/install/zed_interfaces:/home/vtcro/ros2_ws/install/zed_ros2:/home/vtcro/ros2_ws/install/zed_wrapper:/opt/ros/humble LD_LIBRARY_PATH=/home/vtcro/ros2_ws/install/zed_components/lib:/home/vtcro/ros2_ws/install/zed_interfaces/lib:/usr/local/cuda-12/lib64:/opt/ros/humble/opt/rviz_ogre_vendor/lib:/opt/ros/humble/lib/x86_64-linux-gnu:/opt/ros/humble/lib:/usr/local/cuda-12/lib64 /usr/bin/cmake --build /home/vtcro/ros2_ws/build/zed_rgb_convert -- -j16 -l16
[2.019s] [ 25%] [32mBuilding CXX object CMakeFiles/zed_rgb_convert_component.dir/src/component/src/zed_rgb_convert_component.cpp.o[0m
[7.561s] [ 50%] [32m[1mLinking CXX shared library libzed_rgb_convert_component.so[0m
[7.771s] [ 50%] Built target zed_rgb_convert_component
[7.798s] [ 75%] [32mBuilding CXX object CMakeFiles/zed_rgb_convert.dir/src/container/zed_rgb_convert.cpp.o[0m
[11.970s] [100%] [32m[1mLinking CXX executable zed_rgb_convert[0m
[12.223s] [100%] Built target zed_rgb_convert
