[0.024s] Invoking command in '/home/vtcro/ros2_ws/build/zed_display_rviz2': AMENT_PREFIX_PATH=/home/vtcro/ros2_ws/install/zed_wrapper:/home/vtcro/ros2_ws/install/zed_components:/home/vtcro/ros2_ws/install/zed_interfaces:${AMENT_PREFIX_PATH} CMAKE_PREFIX_PATH=/home/vtcro/ros2_ws/install/zed_wrapper:/home/vtcro/ros2_ws/install/zed_components:/home/vtcro/ros2_ws/install/zed_interfaces:/opt/ros/humble LD_LIBRARY_PATH=/home/vtcro/ros2_ws/install/zed_components/lib:/home/vtcro/ros2_ws/install/zed_interfaces/lib:/opt/ros/humble/opt/rviz_ogre_vendor/lib:/opt/ros/humble/lib/x86_64-linux-gnu:/opt/ros/humble/lib:/usr/local/cuda-12.1/lib64 PYTHONPATH=/home/vtcro/ros2_ws/install/zed_interfaces/local/lib/python3.10/dist-packages:${PYTHONPATH} /usr/bin/cmake --build /home/vtcro/ros2_ws/build/zed_display_rviz2 -- -j16 -l16
[0.057s] Invoked command in '/home/vtcro/ros2_ws/build/zed_display_rviz2' returned '0': AMENT_PREFIX_PATH=/home/vtcro/ros2_ws/install/zed_wrapper:/home/vtcro/ros2_ws/install/zed_components:/home/vtcro/ros2_ws/install/zed_interfaces:${AMENT_PREFIX_PATH} CMAKE_PREFIX_PATH=/home/vtcro/ros2_ws/install/zed_wrapper:/home/vtcro/ros2_ws/install/zed_components:/home/vtcro/ros2_ws/install/zed_interfaces:/opt/ros/humble LD_LIBRARY_PATH=/home/vtcro/ros2_ws/install/zed_components/lib:/home/vtcro/ros2_ws/install/zed_interfaces/lib:/opt/ros/humble/opt/rviz_ogre_vendor/lib:/opt/ros/humble/lib/x86_64-linux-gnu:/opt/ros/humble/lib:/usr/local/cuda-12.1/lib64 PYTHONPATH=/home/vtcro/ros2_ws/install/zed_interfaces/local/lib/python3.10/dist-packages:${PYTHONPATH} /usr/bin/cmake --build /home/vtcro/ros2_ws/build/zed_display_rviz2 -- -j16 -l16
[0.073s] Invoking command in '/home/vtcro/ros2_ws/build/zed_display_rviz2': AMENT_PREFIX_PATH=/home/vtcro/ros2_ws/install/zed_wrapper:/home/vtcro/ros2_ws/install/zed_components:/home/vtcro/ros2_ws/install/zed_interfaces:${AMENT_PREFIX_PATH} CMAKE_PREFIX_PATH=/home/vtcro/ros2_ws/install/zed_wrapper:/home/vtcro/ros2_ws/install/zed_components:/home/vtcro/ros2_ws/install/zed_interfaces:/opt/ros/humble LD_LIBRARY_PATH=/home/vtcro/ros2_ws/install/zed_components/lib:/home/vtcro/ros2_ws/install/zed_interfaces/lib:/opt/ros/humble/opt/rviz_ogre_vendor/lib:/opt/ros/humble/lib/x86_64-linux-gnu:/opt/ros/humble/lib:/usr/local/cuda-12.1/lib64 PYTHONPATH=/home/vtcro/ros2_ws/install/zed_interfaces/local/lib/python3.10/dist-packages:${PYTHONPATH} /usr/bin/cmake --install /home/vtcro/ros2_ws/build/zed_display_rviz2
[0.078s] -- Install configuration: ""
[0.079s] -- Up-to-date: /home/vtcro/ros2_ws/install/zed_display_rviz2/share/zed_display_rviz2/launch
[0.079s] -- Up-to-date: /home/vtcro/ros2_ws/install/zed_display_rviz2/share/zed_display_rviz2/launch/display_zed_cam.launch.py
[0.079s] -- Up-to-date: /home/vtcro/ros2_ws/install/zed_display_rviz2/share/zed_display_rviz2/rviz2
[0.079s] -- Up-to-date: /home/vtcro/ros2_ws/install/zed_display_rviz2/share/zed_display_rviz2/rviz2/zed.rviz
[0.079s] -- Up-to-date: /home/vtcro/ros2_ws/install/zed_display_rviz2/share/zed_display_rviz2/rviz2/zedm.rviz
[0.079s] -- Up-to-date: /home/vtcro/ros2_ws/install/zed_display_rviz2/share/zed_display_rviz2/rviz2/zedx.rviz
[0.079s] -- Up-to-date: /home/vtcro/ros2_ws/install/zed_display_rviz2/share/zed_display_rviz2/rviz2/zedxm.rviz
[0.079s] -- Up-to-date: /home/vtcro/ros2_ws/install/zed_display_rviz2/share/zed_display_rviz2/rviz2/virtual.rviz
[0.079s] -- Up-to-date: /home/vtcro/ros2_ws/install/zed_display_rviz2/share/zed_display_rviz2/rviz2/zed2i.rviz
[0.079s] -- Up-to-date: /home/vtcro/ros2_ws/install/zed_display_rviz2/share/zed_display_rviz2/rviz2/zed2.rviz
[0.079s] -- Up-to-date: /home/vtcro/ros2_ws/install/zed_display_rviz2/share/ament_index/resource_index/package_run_dependencies/zed_display_rviz2
[0.079s] -- Up-to-date: /home/vtcro/ros2_ws/install/zed_display_rviz2/share/ament_index/resource_index/parent_prefix_path/zed_display_rviz2
[0.079s] -- Up-to-date: /home/vtcro/ros2_ws/install/zed_display_rviz2/share/zed_display_rviz2/environment/ament_prefix_path.sh
[0.079s] -- Up-to-date: /home/vtcro/ros2_ws/install/zed_display_rviz2/share/zed_display_rviz2/environment/ament_prefix_path.dsv
[0.079s] -- Up-to-date: /home/vtcro/ros2_ws/install/zed_display_rviz2/share/zed_display_rviz2/environment/path.sh
[0.079s] -- Up-to-date: /home/vtcro/ros2_ws/install/zed_display_rviz2/share/zed_display_rviz2/environment/path.dsv
[0.079s] -- Up-to-date: /home/vtcro/ros2_ws/install/zed_display_rviz2/share/zed_display_rviz2/local_setup.bash
[0.079s] -- Up-to-date: /home/vtcro/ros2_ws/install/zed_display_rviz2/share/zed_display_rviz2/local_setup.sh
[0.079s] -- Up-to-date: /home/vtcro/ros2_ws/install/zed_display_rviz2/share/zed_display_rviz2/local_setup.zsh
[0.079s] -- Up-to-date: /home/vtcro/ros2_ws/install/zed_display_rviz2/share/zed_display_rviz2/local_setup.dsv
[0.079s] -- Up-to-date: /home/vtcro/ros2_ws/install/zed_display_rviz2/share/zed_display_rviz2/package.dsv
[0.079s] -- Up-to-date: /home/vtcro/ros2_ws/install/zed_display_rviz2/share/ament_index/resource_index/packages/zed_display_rviz2
[0.079s] -- Up-to-date: /home/vtcro/ros2_ws/install/zed_display_rviz2/share/zed_display_rviz2/cmake/zed_display_rviz2Config.cmake
[0.079s] -- Up-to-date: /home/vtcro/ros2_ws/install/zed_display_rviz2/share/zed_display_rviz2/cmake/zed_display_rviz2Config-version.cmake
[0.079s] -- Up-to-date: /home/vtcro/ros2_ws/install/zed_display_rviz2/share/zed_display_rviz2/package.xml
[0.082s] Invoked command in '/home/vtcro/ros2_ws/build/zed_display_rviz2' returned '0': AMENT_PREFIX_PATH=/home/vtcro/ros2_ws/install/zed_wrapper:/home/vtcro/ros2_ws/install/zed_components:/home/vtcro/ros2_ws/install/zed_interfaces:${AMENT_PREFIX_PATH} CMAKE_PREFIX_PATH=/home/vtcro/ros2_ws/install/zed_wrapper:/home/vtcro/ros2_ws/install/zed_components:/home/vtcro/ros2_ws/install/zed_interfaces:/opt/ros/humble LD_LIBRARY_PATH=/home/vtcro/ros2_ws/install/zed_components/lib:/home/vtcro/ros2_ws/install/zed_interfaces/lib:/opt/ros/humble/opt/rviz_ogre_vendor/lib:/opt/ros/humble/lib/x86_64-linux-gnu:/opt/ros/humble/lib:/usr/local/cuda-12.1/lib64 PYTHONPATH=/home/vtcro/ros2_ws/install/zed_interfaces/local/lib/python3.10/dist-packages:${PYTHONPATH} /usr/bin/cmake --install /home/vtcro/ros2_ws/build/zed_display_rviz2
