[0.015s] Invoking command in '/home/vtcro/ros2_ws/build/zed_components': CMAKE_PREFIX_PATH=/home/vtcro/ros2_ws/install/zed_interfaces:/home/vtcro/ros2_ws/install/zed_ros2:/home/vtcro/ros2_ws/install/zed_wrapper:/home/vtcro/ros2_ws/install/zed_components:/opt/ros/humble LD_LIBRARY_PATH=/home/vtcro/ros2_ws/install/zed_interfaces/lib:/usr/local/cuda-12/lib64:/home/vtcro/ros2_ws/install/zed_components/lib:/opt/ros/humble/opt/rviz_ogre_vendor/lib:/opt/ros/humble/lib/x86_64-linux-gnu:/opt/ros/humble/lib:/usr/local/cuda-12/lib64 /usr/bin/cmake --build /home/vtcro/ros2_ws/build/zed_components -- -j16 -l16
[0.049s] [35m[1mConsolidate compiler generated dependencies of target zed_camera_component[0m
[0.068s] [100%] Built target zed_camera_component
[0.078s] Invoked command in '/home/vtcro/ros2_ws/build/zed_components' returned '0': CMAKE_PREFIX_PATH=/home/vtcro/ros2_ws/install/zed_interfaces:/home/vtcro/ros2_ws/install/zed_ros2:/home/vtcro/ros2_ws/install/zed_wrapper:/home/vtcro/ros2_ws/install/zed_components:/opt/ros/humble LD_LIBRARY_PATH=/home/vtcro/ros2_ws/install/zed_interfaces/lib:/usr/local/cuda-12/lib64:/home/vtcro/ros2_ws/install/zed_components/lib:/opt/ros/humble/opt/rviz_ogre_vendor/lib:/opt/ros/humble/lib/x86_64-linux-gnu:/opt/ros/humble/lib:/usr/local/cuda-12/lib64 /usr/bin/cmake --build /home/vtcro/ros2_ws/build/zed_components -- -j16 -l16
[0.111s] Invoking command in '/home/vtcro/ros2_ws/build/zed_components': CMAKE_PREFIX_PATH=/home/vtcro/ros2_ws/install/zed_interfaces:/home/vtcro/ros2_ws/install/zed_ros2:/home/vtcro/ros2_ws/install/zed_wrapper:/home/vtcro/ros2_ws/install/zed_components:/opt/ros/humble LD_LIBRARY_PATH=/home/vtcro/ros2_ws/install/zed_interfaces/lib:/usr/local/cuda-12/lib64:/home/vtcro/ros2_ws/install/zed_components/lib:/opt/ros/humble/opt/rviz_ogre_vendor/lib:/opt/ros/humble/lib/x86_64-linux-gnu:/opt/ros/humble/lib:/usr/local/cuda-12/lib64 /usr/bin/cmake --install /home/vtcro/ros2_ws/build/zed_components
[0.118s] -- Install configuration: "Release"
[0.118s] -- Up-to-date: /home/vtcro/ros2_ws/install/zed_components/lib/libzed_camera_component.so
[0.118s] -- Up-to-date: /home/vtcro/ros2_ws/install/zed_components/include/zed_components/
[0.118s] -- Up-to-date: /home/vtcro/ros2_ws/install/zed_components/include/zed_components//sl_types.hpp
[0.118s] -- Up-to-date: /home/vtcro/ros2_ws/install/zed_components/include/zed_components//zed_camera_component.hpp
[0.119s] -- Up-to-date: /home/vtcro/ros2_ws/install/zed_components/include/zed_components//cost_traversability.hpp
[0.119s] -- Up-to-date: /home/vtcro/ros2_ws/install/zed_components/include/zed_components/
[0.119s] -- Up-to-date: /home/vtcro/ros2_ws/install/zed_components/include/zed_components//sl_win_avg.hpp
[0.119s] -- Up-to-date: /home/vtcro/ros2_ws/install/zed_components/include/zed_components//sl_logging.hpp
[0.119s] -- Up-to-date: /home/vtcro/ros2_ws/install/zed_components/include/zed_components//json.hpp
[0.119s] -- Up-to-date: /home/vtcro/ros2_ws/install/zed_components/include/zed_components//sl_tools.hpp
[0.119s] -- Up-to-date: /home/vtcro/ros2_ws/install/zed_components/include/zed_components//gnss_replay.hpp
[0.119s] -- Up-to-date: /home/vtcro/ros2_ws/install/zed_components/include/zed_components/
[0.119s] -- Up-to-date: /home/vtcro/ros2_ws/install/zed_components/include/zed_components//visibility_control.hpp
[0.119s] -- Up-to-date: /home/vtcro/ros2_ws/install/zed_components/share/zed_components/environment/library_path.sh
[0.119s] -- Up-to-date: /home/vtcro/ros2_ws/install/zed_components/share/zed_components/environment/library_path.dsv
[0.119s] -- Up-to-date: /home/vtcro/ros2_ws/install/zed_components/share/ament_index/resource_index/package_run_dependencies/zed_components
[0.119s] -- Up-to-date: /home/vtcro/ros2_ws/install/zed_components/share/ament_index/resource_index/parent_prefix_path/zed_components
[0.120s] -- Up-to-date: /home/vtcro/ros2_ws/install/zed_components/share/zed_components/environment/ament_prefix_path.sh
[0.120s] -- Up-to-date: /home/vtcro/ros2_ws/install/zed_components/share/zed_components/environment/ament_prefix_path.dsv
[0.120s] -- Up-to-date: /home/vtcro/ros2_ws/install/zed_components/share/zed_components/environment/path.sh
[0.120s] -- Up-to-date: /home/vtcro/ros2_ws/install/zed_components/share/zed_components/environment/path.dsv
[0.120s] -- Up-to-date: /home/vtcro/ros2_ws/install/zed_components/share/zed_components/local_setup.bash
[0.120s] -- Up-to-date: /home/vtcro/ros2_ws/install/zed_components/share/zed_components/local_setup.sh
[0.120s] -- Up-to-date: /home/vtcro/ros2_ws/install/zed_components/share/zed_components/local_setup.zsh
[0.120s] -- Up-to-date: /home/vtcro/ros2_ws/install/zed_components/share/zed_components/local_setup.dsv
[0.120s] -- Installing: /home/vtcro/ros2_ws/install/zed_components/share/zed_components/package.dsv
[0.120s] -- Up-to-date: /home/vtcro/ros2_ws/install/zed_components/share/ament_index/resource_index/packages/zed_components
[0.120s] -- Up-to-date: /home/vtcro/ros2_ws/install/zed_components/share/ament_index/resource_index/rclcpp_components/zed_components
[0.120s] -- Up-to-date: /home/vtcro/ros2_ws/install/zed_components/share/zed_components/cmake/ament_cmake_export_include_directories-extras.cmake
[0.120s] -- Up-to-date: /home/vtcro/ros2_ws/install/zed_components/share/zed_components/cmake/ament_cmake_export_libraries-extras.cmake
[0.120s] -- Up-to-date: /home/vtcro/ros2_ws/install/zed_components/share/zed_components/cmake/ament_cmake_export_dependencies-extras.cmake
[0.120s] -- Up-to-date: /home/vtcro/ros2_ws/install/zed_components/share/zed_components/cmake/zed_componentsConfig.cmake
[0.121s] -- Up-to-date: /home/vtcro/ros2_ws/install/zed_components/share/zed_components/cmake/zed_componentsConfig-version.cmake
[0.121s] -- Up-to-date: /home/vtcro/ros2_ws/install/zed_components/share/zed_components/package.xml
[0.122s] Invoked command in '/home/vtcro/ros2_ws/build/zed_components' returned '0': CMAKE_PREFIX_PATH=/home/vtcro/ros2_ws/install/zed_interfaces:/home/vtcro/ros2_ws/install/zed_ros2:/home/vtcro/ros2_ws/install/zed_wrapper:/home/vtcro/ros2_ws/install/zed_components:/opt/ros/humble LD_LIBRARY_PATH=/home/vtcro/ros2_ws/install/zed_interfaces/lib:/usr/local/cuda-12/lib64:/home/vtcro/ros2_ws/install/zed_components/lib:/opt/ros/humble/opt/rviz_ogre_vendor/lib:/opt/ros/humble/lib/x86_64-linux-gnu:/opt/ros/humble/lib:/usr/local/cuda-12/lib64 /usr/bin/cmake --install /home/vtcro/ros2_ws/build/zed_components
