[0.015s] Invoking command in '/home/vtcro/ros2_ws/build/zed_rgb_convert': AMENT_PREFIX_PATH=/home/vtcro/ros2_ws/install/zed_components:/home/vtcro/ros2_ws/install/zed_interfaces:${AMENT_PREFIX_PATH} CMAKE_PREFIX_PATH=/home/vtcro/ros2_ws/install/zed_components:/home/vtcro/ros2_ws/install/zed_interfaces:/opt/ros/humble LD_LIBRARY_PATH=/home/vtcro/ros2_ws/install/zed_components/lib:/home/vtcro/ros2_ws/install/zed_interfaces/lib:/opt/ros/humble/opt/rviz_ogre_vendor/lib:/opt/ros/humble/lib/x86_64-linux-gnu:/opt/ros/humble/lib:/usr/local/cuda-12.1/lib64 PYTHONPATH=/home/vtcro/ros2_ws/install/zed_interfaces/local/lib/python3.10/dist-packages:${PYTHONPATH} /usr/bin/cmake --build /home/vtcro/ros2_ws/build/zed_rgb_convert -- -j16 -l16
[0.059s] [ 50%] Built target zed_rgb_convert_component
[0.080s] [100%] Built target zed_rgb_convert
[0.090s] Invoked command in '/home/vtcro/ros2_ws/build/zed_rgb_convert' returned '0': AMENT_PREFIX_PATH=/home/vtcro/ros2_ws/install/zed_components:/home/vtcro/ros2_ws/install/zed_interfaces:${AMENT_PREFIX_PATH} CMAKE_PREFIX_PATH=/home/vtcro/ros2_ws/install/zed_components:/home/vtcro/ros2_ws/install/zed_interfaces:/opt/ros/humble LD_LIBRARY_PATH=/home/vtcro/ros2_ws/install/zed_components/lib:/home/vtcro/ros2_ws/install/zed_interfaces/lib:/opt/ros/humble/opt/rviz_ogre_vendor/lib:/opt/ros/humble/lib/x86_64-linux-gnu:/opt/ros/humble/lib:/usr/local/cuda-12.1/lib64 PYTHONPATH=/home/vtcro/ros2_ws/install/zed_interfaces/local/lib/python3.10/dist-packages:${PYTHONPATH} /usr/bin/cmake --build /home/vtcro/ros2_ws/build/zed_rgb_convert -- -j16 -l16
[0.115s] Invoking command in '/home/vtcro/ros2_ws/build/zed_rgb_convert': AMENT_PREFIX_PATH=/home/vtcro/ros2_ws/install/zed_components:/home/vtcro/ros2_ws/install/zed_interfaces:${AMENT_PREFIX_PATH} CMAKE_PREFIX_PATH=/home/vtcro/ros2_ws/install/zed_components:/home/vtcro/ros2_ws/install/zed_interfaces:/opt/ros/humble LD_LIBRARY_PATH=/home/vtcro/ros2_ws/install/zed_components/lib:/home/vtcro/ros2_ws/install/zed_interfaces/lib:/opt/ros/humble/opt/rviz_ogre_vendor/lib:/opt/ros/humble/lib/x86_64-linux-gnu:/opt/ros/humble/lib:/usr/local/cuda-12.1/lib64 PYTHONPATH=/home/vtcro/ros2_ws/install/zed_interfaces/local/lib/python3.10/dist-packages:${PYTHONPATH} /usr/bin/cmake --install /home/vtcro/ros2_ws/build/zed_rgb_convert
[0.120s] -- Install configuration: "Release"
[0.120s] -- Up-to-date: /home/vtcro/ros2_ws/install/zed_rgb_convert/lib/zed_rgb_convert/zed_rgb_convert
[0.120s] -- Up-to-date: /home/vtcro/ros2_ws/install/zed_rgb_convert/lib/libzed_rgb_convert_component.so
[0.120s] -- Up-to-date: /home/vtcro/ros2_ws/install/zed_rgb_convert/include/zed_rgb_convert/
[0.120s] -- Up-to-date: /home/vtcro/ros2_ws/install/zed_rgb_convert/include/zed_rgb_convert//cvt_visibility_control.hpp
[0.120s] -- Up-to-date: /home/vtcro/ros2_ws/install/zed_rgb_convert/share/zed_rgb_convert/launch
[0.120s] -- Up-to-date: /home/vtcro/ros2_ws/install/zed_rgb_convert/share/zed_rgb_convert/launch/zed_rgb_convert.launch.py
[0.120s] -- Up-to-date: /home/vtcro/ros2_ws/install/zed_rgb_convert/share/zed_rgb_convert/environment/library_path.sh
[0.120s] -- Up-to-date: /home/vtcro/ros2_ws/install/zed_rgb_convert/share/zed_rgb_convert/environment/library_path.dsv
[0.120s] -- Up-to-date: /home/vtcro/ros2_ws/install/zed_rgb_convert/share/ament_index/resource_index/package_run_dependencies/zed_rgb_convert
[0.120s] -- Up-to-date: /home/vtcro/ros2_ws/install/zed_rgb_convert/share/ament_index/resource_index/parent_prefix_path/zed_rgb_convert
[0.121s] -- Up-to-date: /home/vtcro/ros2_ws/install/zed_rgb_convert/share/zed_rgb_convert/environment/ament_prefix_path.sh
[0.121s] -- Up-to-date: /home/vtcro/ros2_ws/install/zed_rgb_convert/share/zed_rgb_convert/environment/ament_prefix_path.dsv
[0.121s] -- Up-to-date: /home/vtcro/ros2_ws/install/zed_rgb_convert/share/zed_rgb_convert/environment/path.sh
[0.121s] -- Up-to-date: /home/vtcro/ros2_ws/install/zed_rgb_convert/share/zed_rgb_convert/environment/path.dsv
[0.121s] -- Up-to-date: /home/vtcro/ros2_ws/install/zed_rgb_convert/share/zed_rgb_convert/local_setup.bash
[0.121s] -- Up-to-date: /home/vtcro/ros2_ws/install/zed_rgb_convert/share/zed_rgb_convert/local_setup.sh
[0.121s] -- Up-to-date: /home/vtcro/ros2_ws/install/zed_rgb_convert/share/zed_rgb_convert/local_setup.zsh
[0.121s] -- Up-to-date: /home/vtcro/ros2_ws/install/zed_rgb_convert/share/zed_rgb_convert/local_setup.dsv
[0.121s] -- Installing: /home/vtcro/ros2_ws/install/zed_rgb_convert/share/zed_rgb_convert/package.dsv
[0.121s] -- Up-to-date: /home/vtcro/ros2_ws/install/zed_rgb_convert/share/ament_index/resource_index/packages/zed_rgb_convert
[0.121s] -- Up-to-date: /home/vtcro/ros2_ws/install/zed_rgb_convert/share/ament_index/resource_index/rclcpp_components/zed_rgb_convert
[0.121s] -- Up-to-date: /home/vtcro/ros2_ws/install/zed_rgb_convert/share/zed_rgb_convert/cmake/ament_cmake_export_include_directories-extras.cmake
[0.122s] -- Up-to-date: /home/vtcro/ros2_ws/install/zed_rgb_convert/share/zed_rgb_convert/cmake/ament_cmake_export_libraries-extras.cmake
[0.122s] -- Up-to-date: /home/vtcro/ros2_ws/install/zed_rgb_convert/share/zed_rgb_convert/cmake/ament_cmake_export_dependencies-extras.cmake
[0.122s] -- Up-to-date: /home/vtcro/ros2_ws/install/zed_rgb_convert/share/zed_rgb_convert/cmake/zed_rgb_convertConfig.cmake
[0.122s] -- Up-to-date: /home/vtcro/ros2_ws/install/zed_rgb_convert/share/zed_rgb_convert/cmake/zed_rgb_convertConfig-version.cmake
[0.122s] -- Up-to-date: /home/vtcro/ros2_ws/install/zed_rgb_convert/share/zed_rgb_convert/package.xml
[0.123s] Invoked command in '/home/vtcro/ros2_ws/build/zed_rgb_convert' returned '0': AMENT_PREFIX_PATH=/home/vtcro/ros2_ws/install/zed_components:/home/vtcro/ros2_ws/install/zed_interfaces:${AMENT_PREFIX_PATH} CMAKE_PREFIX_PATH=/home/vtcro/ros2_ws/install/zed_components:/home/vtcro/ros2_ws/install/zed_interfaces:/opt/ros/humble LD_LIBRARY_PATH=/home/vtcro/ros2_ws/install/zed_components/lib:/home/vtcro/ros2_ws/install/zed_interfaces/lib:/opt/ros/humble/opt/rviz_ogre_vendor/lib:/opt/ros/humble/lib/x86_64-linux-gnu:/opt/ros/humble/lib:/usr/local/cuda-12.1/lib64 PYTHONPATH=/home/vtcro/ros2_ws/install/zed_interfaces/local/lib/python3.10/dist-packages:${PYTHONPATH} /usr/bin/cmake --install /home/vtcro/ros2_ws/build/zed_rgb_convert
