[0.008s] Invoking command in '/home/vtcro/ros2_ws/build/zed_tutorial_video': CMAKE_PREFIX_PATH=${CMAKE_PREFIX_PATH}:/opt/ros/humble /usr/bin/cmake --build /home/vtcro/ros2_ws/build/zed_tutorial_video -- -j16 -l16
[0.048s] [ 50%] [32mBuilding CXX object CMakeFiles/zed_tutorial_video.dir/src/zed_video_sub_tutorial.cpp.o[0m
[5.398s] [100%] [32m[1mLinking CXX executable zed_tutorial_video[0m
[5.498s] [100%] Built target zed_tutorial_video
[5.508s] Invoked command in '/home/vtcro/ros2_ws/build/zed_tutorial_video' returned '0': CMAKE_PREFIX_PATH=${CMAKE_PREFIX_PATH}:/opt/ros/humble /usr/bin/cmake --build /home/vtcro/ros2_ws/build/zed_tutorial_video -- -j16 -l16
[5.538s] Invoking command in '/home/vtcro/ros2_ws/build/zed_tutorial_video': CMAKE_PREFIX_PATH=${CMAKE_PREFIX_PATH}:/opt/ros/humble /usr/bin/cmake --install /home/vtcro/ros2_ws/build/zed_tutorial_video
[5.542s] -- Install configuration: "Release"
[5.542s] -- Installing: /home/vtcro/ros2_ws/install/zed_tutorial_video/lib/zed_tutorial_video/zed_tutorial_video
[5.543s] -- Set runtime path of "/home/vtcro/ros2_ws/install/zed_tutorial_video/lib/zed_tutorial_video/zed_tutorial_video" to ""
[5.543s] -- Up-to-date: /home/vtcro/ros2_ws/install/zed_tutorial_video/share/ament_index/resource_index/package_run_dependencies/zed_tutorial_video
[5.543s] -- Up-to-date: /home/vtcro/ros2_ws/install/zed_tutorial_video/share/ament_index/resource_index/parent_prefix_path/zed_tutorial_video
[5.543s] -- Up-to-date: /home/vtcro/ros2_ws/install/zed_tutorial_video/share/zed_tutorial_video/environment/ament_prefix_path.sh
[5.543s] -- Up-to-date: /home/vtcro/ros2_ws/install/zed_tutorial_video/share/zed_tutorial_video/environment/ament_prefix_path.dsv
[5.543s] -- Up-to-date: /home/vtcro/ros2_ws/install/zed_tutorial_video/share/zed_tutorial_video/environment/path.sh
[5.543s] -- Up-to-date: /home/vtcro/ros2_ws/install/zed_tutorial_video/share/zed_tutorial_video/environment/path.dsv
[5.543s] -- Up-to-date: /home/vtcro/ros2_ws/install/zed_tutorial_video/share/zed_tutorial_video/local_setup.bash
[5.543s] -- Up-to-date: /home/vtcro/ros2_ws/install/zed_tutorial_video/share/zed_tutorial_video/local_setup.sh
[5.543s] -- Up-to-date: /home/vtcro/ros2_ws/install/zed_tutorial_video/share/zed_tutorial_video/local_setup.zsh
[5.543s] -- Up-to-date: /home/vtcro/ros2_ws/install/zed_tutorial_video/share/zed_tutorial_video/local_setup.dsv
[5.543s] -- Installing: /home/vtcro/ros2_ws/install/zed_tutorial_video/share/zed_tutorial_video/package.dsv
[5.543s] -- Up-to-date: /home/vtcro/ros2_ws/install/zed_tutorial_video/share/ament_index/resource_index/packages/zed_tutorial_video
[5.543s] -- Up-to-date: /home/vtcro/ros2_ws/install/zed_tutorial_video/share/zed_tutorial_video/cmake/zed_tutorial_videoConfig.cmake
[5.543s] -- Up-to-date: /home/vtcro/ros2_ws/install/zed_tutorial_video/share/zed_tutorial_video/cmake/zed_tutorial_videoConfig-version.cmake
[5.543s] -- Up-to-date: /home/vtcro/ros2_ws/install/zed_tutorial_video/share/zed_tutorial_video/package.xml
[5.544s] Invoked command in '/home/vtcro/ros2_ws/build/zed_tutorial_video' returned '0': CMAKE_PREFIX_PATH=${CMAKE_PREFIX_PATH}:/opt/ros/humble /usr/bin/cmake --install /home/vtcro/ros2_ws/build/zed_tutorial_video
