[0.067s] DEBUG:colcon:Command line arguments: ['/home/vtcro/.local/bin/colcon', 'build']
[0.067s] DEBUG:colcon:Parsed command line arguments: Namespace(log_base=None, log_level=None, verb_name='build', build_base='build', install_base='install', merge_install=False, symlink_install=False, test_result_base=None, continue_on_error=False, executor='parallel', parallel_workers=16, event_handlers=None, ignore_user_meta=False, metas=['./colcon.meta'], base_paths=['.'], packages_ignore=None, packages_ignore_regex=None, paths=None, packages_up_to=None, packages_up_to_regex=None, packages_above=None, packages_above_and_dependencies=None, packages_above_depth=None, packages_select_by_dep=None, packages_skip_by_dep=None, packages_skip_up_to=None, packages_select_build_failed=False, packages_skip_build_finished=False, packages_select_test_failures=False, packages_skip_test_passed=False, packages_select=None, packages_skip=None, packages_select_regex=None, packages_skip_regex=None, packages_start=None, packages_end=None, cmake_args=None, cmake_target=None, cmake_target_skip_unavailable=False, cmake_clean_cache=False, cmake_clean_first=False, cmake_force_configure=False, ament_cmake_args=None, catkin_cmake_args=None, catkin_skip_building_tests=False, verb_parser=<colcon_defaults.argument_parser.defaults.DefaultArgumentsDecorator object at 0x7514c0c018d0>, verb_extension=<colcon_core.verb.build.BuildVerb object at 0x7514c13ba440>, main=<bound method BuildVerb.main of <colcon_core.verb.build.BuildVerb object at 0x7514c13ba440>>)
[0.137s] Level 1:colcon.colcon_core.package_discovery:discover_packages(colcon_meta) check parameters
[0.137s] Level 1:colcon.colcon_core.package_discovery:discover_packages(recursive) check parameters
[0.137s] Level 1:colcon.colcon_core.package_discovery:discover_packages(ignore) check parameters
[0.137s] Level 1:colcon.colcon_core.package_discovery:discover_packages(path) check parameters
[0.137s] Level 1:colcon.colcon_core.package_discovery:discover_packages(colcon_meta) discover
[0.137s] Level 1:colcon.colcon_core.package_discovery:discover_packages(recursive) discover
[0.137s] INFO:colcon.colcon_core.package_discovery:Crawling recursively for packages in '/home/vtcro/ros2_ws'
[0.137s] Level 1:colcon.colcon_core.package_identification:_identify(.) by extensions ['ignore', 'ignore_ament_install']
[0.137s] Level 1:colcon.colcon_core.package_identification:_identify(.) by extension 'ignore'
[0.137s] Level 1:colcon.colcon_core.package_identification:_identify(.) by extension 'ignore_ament_install'
[0.137s] Level 1:colcon.colcon_core.package_identification:_identify(.) by extensions ['colcon_pkg']
[0.137s] Level 1:colcon.colcon_core.package_identification:_identify(.) by extension 'colcon_pkg'
[0.137s] Level 1:colcon.colcon_core.package_identification:_identify(.) by extensions ['colcon_meta']
[0.137s] Level 1:colcon.colcon_core.package_identification:_identify(.) by extension 'colcon_meta'
[0.137s] Level 1:colcon.colcon_core.package_identification:_identify(.) by extensions ['ros']
[0.137s] Level 1:colcon.colcon_core.package_identification:_identify(.) by extension 'ros'
[0.143s] Level 1:colcon.colcon_core.package_identification:_identify(.) by extensions ['cmake', 'python']
[0.143s] Level 1:colcon.colcon_core.package_identification:_identify(.) by extension 'cmake'
[0.143s] Level 1:colcon.colcon_core.package_identification:_identify(.) by extension 'python'
[0.143s] Level 1:colcon.colcon_core.package_identification:_identify(.) by extensions ['python_setup_py']
[0.143s] Level 1:colcon.colcon_core.package_identification:_identify(.) by extension 'python_setup_py'
[0.144s] Level 1:colcon.colcon_core.package_identification:_identify(build) by extensions ['ignore', 'ignore_ament_install']
[0.144s] Level 1:colcon.colcon_core.package_identification:_identify(build) by extension 'ignore'
[0.144s] Level 1:colcon.colcon_core.package_identification:_identify(build) ignored
[0.144s] Level 1:colcon.colcon_core.package_identification:_identify(install) by extensions ['ignore', 'ignore_ament_install']
[0.144s] Level 1:colcon.colcon_core.package_identification:_identify(install) by extension 'ignore'
[0.144s] Level 1:colcon.colcon_core.package_identification:_identify(install) ignored
[0.144s] Level 1:colcon.colcon_core.package_identification:_identify(log) by extensions ['ignore', 'ignore_ament_install']
[0.144s] Level 1:colcon.colcon_core.package_identification:_identify(log) by extension 'ignore'
[0.144s] Level 1:colcon.colcon_core.package_identification:_identify(log) ignored
[0.144s] Level 1:colcon.colcon_core.package_identification:_identify(src) by extensions ['ignore', 'ignore_ament_install']
[0.144s] Level 1:colcon.colcon_core.package_identification:_identify(src) by extension 'ignore'
[0.144s] Level 1:colcon.colcon_core.package_identification:_identify(src) by extension 'ignore_ament_install'
[0.144s] Level 1:colcon.colcon_core.package_identification:_identify(src) by extensions ['colcon_pkg']
[0.144s] Level 1:colcon.colcon_core.package_identification:_identify(src) by extension 'colcon_pkg'
[0.144s] Level 1:colcon.colcon_core.package_identification:_identify(src) by extensions ['colcon_meta']
[0.144s] Level 1:colcon.colcon_core.package_identification:_identify(src) by extension 'colcon_meta'
[0.144s] Level 1:colcon.colcon_core.package_identification:_identify(src) by extensions ['ros']
[0.144s] Level 1:colcon.colcon_core.package_identification:_identify(src) by extension 'ros'
[0.144s] Level 1:colcon.colcon_core.package_identification:_identify(src) by extensions ['cmake', 'python']
[0.144s] Level 1:colcon.colcon_core.package_identification:_identify(src) by extension 'cmake'
[0.144s] Level 1:colcon.colcon_core.package_identification:_identify(src) by extension 'python'
[0.144s] Level 1:colcon.colcon_core.package_identification:_identify(src) by extensions ['python_setup_py']
[0.144s] Level 1:colcon.colcon_core.package_identification:_identify(src) by extension 'python_setup_py'
[0.144s] Level 1:colcon.colcon_core.package_identification:_identify(src/zed-ros2-wrapper) by extensions ['ignore', 'ignore_ament_install']
[0.144s] Level 1:colcon.colcon_core.package_identification:_identify(src/zed-ros2-wrapper) by extension 'ignore'
[0.144s] Level 1:colcon.colcon_core.package_identification:_identify(src/zed-ros2-wrapper) by extension 'ignore_ament_install'
[0.144s] Level 1:colcon.colcon_core.package_identification:_identify(src/zed-ros2-wrapper) by extensions ['colcon_pkg']
[0.144s] Level 1:colcon.colcon_core.package_identification:_identify(src/zed-ros2-wrapper) by extension 'colcon_pkg'
[0.144s] Level 1:colcon.colcon_core.package_identification:_identify(src/zed-ros2-wrapper) by extensions ['colcon_meta']
[0.144s] Level 1:colcon.colcon_core.package_identification:_identify(src/zed-ros2-wrapper) by extension 'colcon_meta'
[0.144s] Level 1:colcon.colcon_core.package_identification:_identify(src/zed-ros2-wrapper) by extensions ['ros']
[0.144s] Level 1:colcon.colcon_core.package_identification:_identify(src/zed-ros2-wrapper) by extension 'ros'
[0.144s] Level 1:colcon.colcon_core.package_identification:_identify(src/zed-ros2-wrapper) by extensions ['cmake', 'python']
[0.144s] Level 1:colcon.colcon_core.package_identification:_identify(src/zed-ros2-wrapper) by extension 'cmake'
[0.144s] Level 1:colcon.colcon_core.package_identification:_identify(src/zed-ros2-wrapper) by extension 'python'
[0.144s] Level 1:colcon.colcon_core.package_identification:_identify(src/zed-ros2-wrapper) by extensions ['python_setup_py']
[0.144s] Level 1:colcon.colcon_core.package_identification:_identify(src/zed-ros2-wrapper) by extension 'python_setup_py'
[0.144s] Level 1:colcon.colcon_core.package_identification:_identify(src/zed-ros2-wrapper/docker) by extensions ['ignore', 'ignore_ament_install']
[0.144s] Level 1:colcon.colcon_core.package_identification:_identify(src/zed-ros2-wrapper/docker) by extension 'ignore'
[0.144s] Level 1:colcon.colcon_core.package_identification:_identify(src/zed-ros2-wrapper/docker) by extension 'ignore_ament_install'
[0.145s] Level 1:colcon.colcon_core.package_identification:_identify(src/zed-ros2-wrapper/docker) by extensions ['colcon_pkg']
[0.145s] Level 1:colcon.colcon_core.package_identification:_identify(src/zed-ros2-wrapper/docker) by extension 'colcon_pkg'
[0.145s] Level 1:colcon.colcon_core.package_identification:_identify(src/zed-ros2-wrapper/docker) by extensions ['colcon_meta']
[0.145s] Level 1:colcon.colcon_core.package_identification:_identify(src/zed-ros2-wrapper/docker) by extension 'colcon_meta'
[0.145s] Level 1:colcon.colcon_core.package_identification:_identify(src/zed-ros2-wrapper/docker) by extensions ['ros']
[0.145s] Level 1:colcon.colcon_core.package_identification:_identify(src/zed-ros2-wrapper/docker) by extension 'ros'
[0.145s] Level 1:colcon.colcon_core.package_identification:_identify(src/zed-ros2-wrapper/docker) by extensions ['cmake', 'python']
[0.145s] Level 1:colcon.colcon_core.package_identification:_identify(src/zed-ros2-wrapper/docker) by extension 'cmake'
[0.145s] Level 1:colcon.colcon_core.package_identification:_identify(src/zed-ros2-wrapper/docker) by extension 'python'
[0.145s] Level 1:colcon.colcon_core.package_identification:_identify(src/zed-ros2-wrapper/docker) by extensions ['python_setup_py']
[0.145s] Level 1:colcon.colcon_core.package_identification:_identify(src/zed-ros2-wrapper/docker) by extension 'python_setup_py'
[0.145s] Level 1:colcon.colcon_core.package_identification:_identify(src/zed-ros2-wrapper/images) by extensions ['ignore', 'ignore_ament_install']
[0.145s] Level 1:colcon.colcon_core.package_identification:_identify(src/zed-ros2-wrapper/images) by extension 'ignore'
[0.145s] Level 1:colcon.colcon_core.package_identification:_identify(src/zed-ros2-wrapper/images) by extension 'ignore_ament_install'
[0.145s] Level 1:colcon.colcon_core.package_identification:_identify(src/zed-ros2-wrapper/images) by extensions ['colcon_pkg']
[0.145s] Level 1:colcon.colcon_core.package_identification:_identify(src/zed-ros2-wrapper/images) by extension 'colcon_pkg'
[0.145s] Level 1:colcon.colcon_core.package_identification:_identify(src/zed-ros2-wrapper/images) by extensions ['colcon_meta']
[0.145s] Level 1:colcon.colcon_core.package_identification:_identify(src/zed-ros2-wrapper/images) by extension 'colcon_meta'
[0.145s] Level 1:colcon.colcon_core.package_identification:_identify(src/zed-ros2-wrapper/images) by extensions ['ros']
[0.145s] Level 1:colcon.colcon_core.package_identification:_identify(src/zed-ros2-wrapper/images) by extension 'ros'
[0.145s] Level 1:colcon.colcon_core.package_identification:_identify(src/zed-ros2-wrapper/images) by extensions ['cmake', 'python']
[0.145s] Level 1:colcon.colcon_core.package_identification:_identify(src/zed-ros2-wrapper/images) by extension 'cmake'
[0.145s] Level 1:colcon.colcon_core.package_identification:_identify(src/zed-ros2-wrapper/images) by extension 'python'
[0.145s] Level 1:colcon.colcon_core.package_identification:_identify(src/zed-ros2-wrapper/images) by extensions ['python_setup_py']
[0.145s] Level 1:colcon.colcon_core.package_identification:_identify(src/zed-ros2-wrapper/images) by extension 'python_setup_py'
[0.145s] Level 1:colcon.colcon_core.package_identification:_identify(src/zed-ros2-wrapper/zed-ros2-interfaces) by extensions ['ignore', 'ignore_ament_install']
[0.145s] Level 1:colcon.colcon_core.package_identification:_identify(src/zed-ros2-wrapper/zed-ros2-interfaces) by extension 'ignore'
[0.145s] Level 1:colcon.colcon_core.package_identification:_identify(src/zed-ros2-wrapper/zed-ros2-interfaces) by extension 'ignore_ament_install'
[0.145s] Level 1:colcon.colcon_core.package_identification:_identify(src/zed-ros2-wrapper/zed-ros2-interfaces) by extensions ['colcon_pkg']
[0.145s] Level 1:colcon.colcon_core.package_identification:_identify(src/zed-ros2-wrapper/zed-ros2-interfaces) by extension 'colcon_pkg'
[0.145s] Level 1:colcon.colcon_core.package_identification:_identify(src/zed-ros2-wrapper/zed-ros2-interfaces) by extensions ['colcon_meta']
[0.145s] Level 1:colcon.colcon_core.package_identification:_identify(src/zed-ros2-wrapper/zed-ros2-interfaces) by extension 'colcon_meta'
[0.145s] Level 1:colcon.colcon_core.package_identification:_identify(src/zed-ros2-wrapper/zed-ros2-interfaces) by extensions ['ros']
[0.145s] Level 1:colcon.colcon_core.package_identification:_identify(src/zed-ros2-wrapper/zed-ros2-interfaces) by extension 'ros'
[0.147s] DEBUG:colcon.colcon_core.package_identification:Package 'src/zed-ros2-wrapper/zed-ros2-interfaces' with type 'ros.ament_cmake' and name 'zed_interfaces'
[0.147s] Level 1:colcon.colcon_core.package_identification:_identify(src/zed-ros2-wrapper/zed_components) by extensions ['ignore', 'ignore_ament_install']
[0.147s] Level 1:colcon.colcon_core.package_identification:_identify(src/zed-ros2-wrapper/zed_components) by extension 'ignore'
[0.147s] Level 1:colcon.colcon_core.package_identification:_identify(src/zed-ros2-wrapper/zed_components) by extension 'ignore_ament_install'
[0.147s] Level 1:colcon.colcon_core.package_identification:_identify(src/zed-ros2-wrapper/zed_components) by extensions ['colcon_pkg']
[0.147s] Level 1:colcon.colcon_core.package_identification:_identify(src/zed-ros2-wrapper/zed_components) by extension 'colcon_pkg'
[0.147s] Level 1:colcon.colcon_core.package_identification:_identify(src/zed-ros2-wrapper/zed_components) by extensions ['colcon_meta']
[0.147s] Level 1:colcon.colcon_core.package_identification:_identify(src/zed-ros2-wrapper/zed_components) by extension 'colcon_meta'
[0.147s] Level 1:colcon.colcon_core.package_identification:_identify(src/zed-ros2-wrapper/zed_components) by extensions ['ros']
[0.147s] Level 1:colcon.colcon_core.package_identification:_identify(src/zed-ros2-wrapper/zed_components) by extension 'ros'
[0.148s] DEBUG:colcon.colcon_core.package_identification:Package 'src/zed-ros2-wrapper/zed_components' with type 'ros.ament_cmake' and name 'zed_components'
[0.148s] Level 1:colcon.colcon_core.package_identification:_identify(src/zed-ros2-wrapper/zed_ros2) by extensions ['ignore', 'ignore_ament_install']
[0.148s] Level 1:colcon.colcon_core.package_identification:_identify(src/zed-ros2-wrapper/zed_ros2) by extension 'ignore'
[0.148s] Level 1:colcon.colcon_core.package_identification:_identify(src/zed-ros2-wrapper/zed_ros2) by extension 'ignore_ament_install'
[0.148s] Level 1:colcon.colcon_core.package_identification:_identify(src/zed-ros2-wrapper/zed_ros2) by extensions ['colcon_pkg']
[0.148s] Level 1:colcon.colcon_core.package_identification:_identify(src/zed-ros2-wrapper/zed_ros2) by extension 'colcon_pkg'
[0.148s] Level 1:colcon.colcon_core.package_identification:_identify(src/zed-ros2-wrapper/zed_ros2) by extensions ['colcon_meta']
[0.148s] Level 1:colcon.colcon_core.package_identification:_identify(src/zed-ros2-wrapper/zed_ros2) by extension 'colcon_meta'
[0.148s] Level 1:colcon.colcon_core.package_identification:_identify(src/zed-ros2-wrapper/zed_ros2) by extensions ['ros']
[0.148s] Level 1:colcon.colcon_core.package_identification:_identify(src/zed-ros2-wrapper/zed_ros2) by extension 'ros'
[0.148s] DEBUG:colcon.colcon_core.package_identification:Package 'src/zed-ros2-wrapper/zed_ros2' with type 'ros.ament_cmake' and name 'zed_ros2'
[0.148s] Level 1:colcon.colcon_core.package_identification:_identify(src/zed-ros2-wrapper/zed_wrapper) by extensions ['ignore', 'ignore_ament_install']
[0.148s] Level 1:colcon.colcon_core.package_identification:_identify(src/zed-ros2-wrapper/zed_wrapper) by extension 'ignore'
[0.148s] Level 1:colcon.colcon_core.package_identification:_identify(src/zed-ros2-wrapper/zed_wrapper) by extension 'ignore_ament_install'
[0.148s] Level 1:colcon.colcon_core.package_identification:_identify(src/zed-ros2-wrapper/zed_wrapper) by extensions ['colcon_pkg']
[0.148s] Level 1:colcon.colcon_core.package_identification:_identify(src/zed-ros2-wrapper/zed_wrapper) by extension 'colcon_pkg'
[0.148s] Level 1:colcon.colcon_core.package_identification:_identify(src/zed-ros2-wrapper/zed_wrapper) by extensions ['colcon_meta']
[0.148s] Level 1:colcon.colcon_core.package_identification:_identify(src/zed-ros2-wrapper/zed_wrapper) by extension 'colcon_meta'
[0.148s] Level 1:colcon.colcon_core.package_identification:_identify(src/zed-ros2-wrapper/zed_wrapper) by extensions ['ros']
[0.148s] Level 1:colcon.colcon_core.package_identification:_identify(src/zed-ros2-wrapper/zed_wrapper) by extension 'ros'
[0.149s] DEBUG:colcon.colcon_core.package_identification:Package 'src/zed-ros2-wrapper/zed_wrapper' with type 'ros.ament_cmake' and name 'zed_wrapper'
[0.149s] Level 1:colcon.colcon_core.package_discovery:discover_packages(recursive) using defaults
[0.149s] Level 1:colcon.colcon_core.package_discovery:discover_packages(ignore) discover
[0.149s] Level 1:colcon.colcon_core.package_discovery:discover_packages(ignore) using defaults
[0.149s] Level 1:colcon.colcon_core.package_discovery:discover_packages(path) discover
[0.149s] Level 1:colcon.colcon_core.package_discovery:discover_packages(path) using defaults
[0.161s] Level 5:colcon.colcon_core.verb:set package 'zed_interfaces' build argument 'cmake_args' from command line to 'None'
[0.161s] Level 5:colcon.colcon_core.verb:set package 'zed_interfaces' build argument 'cmake_target' from command line to 'None'
[0.161s] Level 5:colcon.colcon_core.verb:set package 'zed_interfaces' build argument 'cmake_target_skip_unavailable' from command line to 'False'
[0.161s] Level 5:colcon.colcon_core.verb:set package 'zed_interfaces' build argument 'cmake_clean_cache' from command line to 'False'
[0.161s] Level 5:colcon.colcon_core.verb:set package 'zed_interfaces' build argument 'cmake_clean_first' from command line to 'False'
[0.161s] Level 5:colcon.colcon_core.verb:set package 'zed_interfaces' build argument 'cmake_force_configure' from command line to 'False'
[0.161s] Level 5:colcon.colcon_core.verb:set package 'zed_interfaces' build argument 'ament_cmake_args' from command line to 'None'
[0.161s] Level 5:colcon.colcon_core.verb:set package 'zed_interfaces' build argument 'catkin_cmake_args' from command line to 'None'
[0.161s] Level 5:colcon.colcon_core.verb:set package 'zed_interfaces' build argument 'catkin_skip_building_tests' from command line to 'False'
[0.161s] DEBUG:colcon.colcon_core.verb:Building package 'zed_interfaces' with the following arguments: {'ament_cmake_args': None, 'build_base': '/home/vtcro/ros2_ws/build/zed_interfaces', 'catkin_cmake_args': None, 'catkin_skip_building_tests': False, 'cmake_args': None, 'cmake_clean_cache': False, 'cmake_clean_first': False, 'cmake_force_configure': False, 'cmake_target': None, 'cmake_target_skip_unavailable': False, 'install_base': '/home/vtcro/ros2_ws/install/zed_interfaces', 'merge_install': False, 'path': '/home/vtcro/ros2_ws/src/zed-ros2-wrapper/zed-ros2-interfaces', 'symlink_install': False, 'test_result_base': None}
[0.161s] Level 5:colcon.colcon_core.verb:set package 'zed_components' build argument 'cmake_args' from command line to 'None'
[0.161s] Level 5:colcon.colcon_core.verb:set package 'zed_components' build argument 'cmake_target' from command line to 'None'
[0.161s] Level 5:colcon.colcon_core.verb:set package 'zed_components' build argument 'cmake_target_skip_unavailable' from command line to 'False'
[0.161s] Level 5:colcon.colcon_core.verb:set package 'zed_components' build argument 'cmake_clean_cache' from command line to 'False'
[0.161s] Level 5:colcon.colcon_core.verb:set package 'zed_components' build argument 'cmake_clean_first' from command line to 'False'
[0.161s] Level 5:colcon.colcon_core.verb:set package 'zed_components' build argument 'cmake_force_configure' from command line to 'False'
[0.161s] Level 5:colcon.colcon_core.verb:set package 'zed_components' build argument 'ament_cmake_args' from command line to 'None'
[0.161s] Level 5:colcon.colcon_core.verb:set package 'zed_components' build argument 'catkin_cmake_args' from command line to 'None'
[0.161s] Level 5:colcon.colcon_core.verb:set package 'zed_components' build argument 'catkin_skip_building_tests' from command line to 'False'
[0.161s] DEBUG:colcon.colcon_core.verb:Building package 'zed_components' with the following arguments: {'ament_cmake_args': None, 'build_base': '/home/vtcro/ros2_ws/build/zed_components', 'catkin_cmake_args': None, 'catkin_skip_building_tests': False, 'cmake_args': None, 'cmake_clean_cache': False, 'cmake_clean_first': False, 'cmake_force_configure': False, 'cmake_target': None, 'cmake_target_skip_unavailable': False, 'install_base': '/home/vtcro/ros2_ws/install/zed_components', 'merge_install': False, 'path': '/home/vtcro/ros2_ws/src/zed-ros2-wrapper/zed_components', 'symlink_install': False, 'test_result_base': None}
[0.162s] Level 5:colcon.colcon_core.verb:set package 'zed_wrapper' build argument 'cmake_args' from command line to 'None'
[0.162s] Level 5:colcon.colcon_core.verb:set package 'zed_wrapper' build argument 'cmake_target' from command line to 'None'
[0.162s] Level 5:colcon.colcon_core.verb:set package 'zed_wrapper' build argument 'cmake_target_skip_unavailable' from command line to 'False'
[0.162s] Level 5:colcon.colcon_core.verb:set package 'zed_wrapper' build argument 'cmake_clean_cache' from command line to 'False'
[0.162s] Level 5:colcon.colcon_core.verb:set package 'zed_wrapper' build argument 'cmake_clean_first' from command line to 'False'
[0.162s] Level 5:colcon.colcon_core.verb:set package 'zed_wrapper' build argument 'cmake_force_configure' from command line to 'False'
[0.162s] Level 5:colcon.colcon_core.verb:set package 'zed_wrapper' build argument 'ament_cmake_args' from command line to 'None'
[0.162s] Level 5:colcon.colcon_core.verb:set package 'zed_wrapper' build argument 'catkin_cmake_args' from command line to 'None'
[0.162s] Level 5:colcon.colcon_core.verb:set package 'zed_wrapper' build argument 'catkin_skip_building_tests' from command line to 'False'
[0.162s] DEBUG:colcon.colcon_core.verb:Building package 'zed_wrapper' with the following arguments: {'ament_cmake_args': None, 'build_base': '/home/vtcro/ros2_ws/build/zed_wrapper', 'catkin_cmake_args': None, 'catkin_skip_building_tests': False, 'cmake_args': None, 'cmake_clean_cache': False, 'cmake_clean_first': False, 'cmake_force_configure': False, 'cmake_target': None, 'cmake_target_skip_unavailable': False, 'install_base': '/home/vtcro/ros2_ws/install/zed_wrapper', 'merge_install': False, 'path': '/home/vtcro/ros2_ws/src/zed-ros2-wrapper/zed_wrapper', 'symlink_install': False, 'test_result_base': None}
[0.162s] Level 5:colcon.colcon_core.verb:set package 'zed_ros2' build argument 'cmake_args' from command line to 'None'
[0.162s] Level 5:colcon.colcon_core.verb:set package 'zed_ros2' build argument 'cmake_target' from command line to 'None'
[0.162s] Level 5:colcon.colcon_core.verb:set package 'zed_ros2' build argument 'cmake_target_skip_unavailable' from command line to 'False'
[0.162s] Level 5:colcon.colcon_core.verb:set package 'zed_ros2' build argument 'cmake_clean_cache' from command line to 'False'
[0.162s] Level 5:colcon.colcon_core.verb:set package 'zed_ros2' build argument 'cmake_clean_first' from command line to 'False'
[0.162s] Level 5:colcon.colcon_core.verb:set package 'zed_ros2' build argument 'cmake_force_configure' from command line to 'False'
[0.162s] Level 5:colcon.colcon_core.verb:set package 'zed_ros2' build argument 'ament_cmake_args' from command line to 'None'
[0.162s] Level 5:colcon.colcon_core.verb:set package 'zed_ros2' build argument 'catkin_cmake_args' from command line to 'None'
[0.162s] Level 5:colcon.colcon_core.verb:set package 'zed_ros2' build argument 'catkin_skip_building_tests' from command line to 'False'
[0.162s] DEBUG:colcon.colcon_core.verb:Building package 'zed_ros2' with the following arguments: {'ament_cmake_args': None, 'build_base': '/home/vtcro/ros2_ws/build/zed_ros2', 'catkin_cmake_args': None, 'catkin_skip_building_tests': False, 'cmake_args': None, 'cmake_clean_cache': False, 'cmake_clean_first': False, 'cmake_force_configure': False, 'cmake_target': None, 'cmake_target_skip_unavailable': False, 'install_base': '/home/vtcro/ros2_ws/install/zed_ros2', 'merge_install': False, 'path': '/home/vtcro/ros2_ws/src/zed-ros2-wrapper/zed_ros2', 'symlink_install': False, 'test_result_base': None}
[0.162s] INFO:colcon.colcon_core.executor:Executing jobs using 'parallel' executor
[0.163s] DEBUG:colcon.colcon_parallel_executor.executor.parallel:run_until_complete
[0.163s] INFO:colcon.colcon_ros.task.ament_cmake.build:Building ROS package in '/home/vtcro/ros2_ws/src/zed-ros2-wrapper/zed-ros2-interfaces' with build type 'ament_cmake'
[0.163s] INFO:colcon.colcon_cmake.task.cmake.build:Building CMake package in '/home/vtcro/ros2_ws/src/zed-ros2-wrapper/zed-ros2-interfaces'
[0.164s] INFO:colcon.colcon_core.plugin_system:Skipping extension 'colcon_core.shell.bat': Not used on non-Windows systems
[0.164s] INFO:colcon.colcon_core.shell:Skip shell extension 'powershell' for command environment: Not usable outside of PowerShell
[0.164s] DEBUG:colcon.colcon_core.shell:Skip shell extension 'dsv' for command environment
[0.165s] WARNING:colcon.colcon_ros.prefix_path.ament:The path '/home/vtcro/ros2_ws/install/zed_interfaces' in the environment variable AMENT_PREFIX_PATH doesn't exist
[0.165s] WARNING:colcon.colcon_ros.prefix_path.catkin:The path '/home/vtcro/ros2_ws/install/zed_interfaces' in the environment variable CMAKE_PREFIX_PATH doesn't exist
[0.170s] DEBUG:colcon.colcon_core.event_handler.log_command:Invoking command in '/home/vtcro/ros2_ws/build/zed_interfaces': CMAKE_PREFIX_PATH=${CMAKE_PREFIX_PATH}:/opt/ros/humble /usr/bin/cmake /home/vtcro/ros2_ws/src/zed-ros2-wrapper/zed-ros2-interfaces -DCMAKE_INSTALL_PREFIX=/home/vtcro/ros2_ws/install/zed_interfaces
[1.521s] DEBUG:colcon.colcon_core.event_handler.log_command:Invoked command in '/home/vtcro/ros2_ws/build/zed_interfaces' returned '0': CMAKE_PREFIX_PATH=${CMAKE_PREFIX_PATH}:/opt/ros/humble /usr/bin/cmake /home/vtcro/ros2_ws/src/zed-ros2-wrapper/zed-ros2-interfaces -DCMAKE_INSTALL_PREFIX=/home/vtcro/ros2_ws/install/zed_interfaces
[1.521s] DEBUG:colcon.colcon_core.event_handler.log_command:Invoking command in '/home/vtcro/ros2_ws/build/zed_interfaces': CMAKE_PREFIX_PATH=${CMAKE_PREFIX_PATH}:/opt/ros/humble /usr/bin/cmake --build /home/vtcro/ros2_ws/build/zed_interfaces -- -j16 -l16
[8.733s] DEBUG:colcon.colcon_core.event_handler.log_command:Invoked command in '/home/vtcro/ros2_ws/build/zed_interfaces' returned '0': CMAKE_PREFIX_PATH=${CMAKE_PREFIX_PATH}:/opt/ros/humble /usr/bin/cmake --build /home/vtcro/ros2_ws/build/zed_interfaces -- -j16 -l16
[9.036s] DEBUG:colcon.colcon_core.event_handler.log_command:Invoking command in '/home/vtcro/ros2_ws/build/zed_interfaces': CMAKE_PREFIX_PATH=${CMAKE_PREFIX_PATH}:/opt/ros/humble /usr/bin/cmake --install /home/vtcro/ros2_ws/build/zed_interfaces
[9.132s] Level 1:colcon.colcon_core.environment:create_environment_scripts_only(zed_interfaces)
[9.132s] DEBUG:colcon.colcon_core.event_handler.log_command:Invoked command in '/home/vtcro/ros2_ws/build/zed_interfaces' returned '0': CMAKE_PREFIX_PATH=${CMAKE_PREFIX_PATH}:/opt/ros/humble /usr/bin/cmake --install /home/vtcro/ros2_ws/build/zed_interfaces
[9.133s] Level 1:colcon.colcon_core.environment:checking '/home/vtcro/ros2_ws/install/zed_interfaces' for CMake module files
[9.134s] Level 1:colcon.colcon_core.environment:checking '/home/vtcro/ros2_ws/install/zed_interfaces' for CMake config files
[9.134s] Level 1:colcon.colcon_core.shell:create_environment_hook('zed_interfaces', 'cmake_prefix_path')
[9.134s] INFO:colcon.colcon_core.shell:Creating environment hook '/home/vtcro/ros2_ws/install/zed_interfaces/share/zed_interfaces/hook/cmake_prefix_path.ps1'
[9.135s] INFO:colcon.colcon_core.shell:Creating environment descriptor '/home/vtcro/ros2_ws/install/zed_interfaces/share/zed_interfaces/hook/cmake_prefix_path.dsv'
[9.135s] INFO:colcon.colcon_core.shell:Creating environment hook '/home/vtcro/ros2_ws/install/zed_interfaces/share/zed_interfaces/hook/cmake_prefix_path.sh'
[9.135s] Level 1:colcon.colcon_core.environment:checking '/home/vtcro/ros2_ws/install/zed_interfaces/lib'
[9.135s] Level 1:colcon.colcon_core.shell:create_environment_hook('zed_interfaces', 'ld_library_path_lib')
[9.135s] INFO:colcon.colcon_core.shell:Creating environment hook '/home/vtcro/ros2_ws/install/zed_interfaces/share/zed_interfaces/hook/ld_library_path_lib.ps1'
[9.136s] INFO:colcon.colcon_core.shell:Creating environment descriptor '/home/vtcro/ros2_ws/install/zed_interfaces/share/zed_interfaces/hook/ld_library_path_lib.dsv'
[9.136s] INFO:colcon.colcon_core.shell:Creating environment hook '/home/vtcro/ros2_ws/install/zed_interfaces/share/zed_interfaces/hook/ld_library_path_lib.sh'
[9.136s] Level 1:colcon.colcon_core.environment:checking '/home/vtcro/ros2_ws/install/zed_interfaces/bin'
[9.136s] Level 1:colcon.colcon_core.environment:checking '/home/vtcro/ros2_ws/install/zed_interfaces/lib/pkgconfig/zed_interfaces.pc'
[9.137s] Level 1:colcon.colcon_core.environment:checking '/home/vtcro/ros2_ws/install/zed_interfaces/lib/python3.10/site-packages'
[9.137s] Level 1:colcon.colcon_core.environment:checking '/home/vtcro/ros2_ws/install/zed_interfaces/bin'
[9.137s] INFO:colcon.colcon_core.shell:Creating package script '/home/vtcro/ros2_ws/install/zed_interfaces/share/zed_interfaces/package.ps1'
[9.138s] INFO:colcon.colcon_core.shell:Creating package descriptor '/home/vtcro/ros2_ws/install/zed_interfaces/share/zed_interfaces/package.dsv'
[9.138s] INFO:colcon.colcon_core.shell:Creating package script '/home/vtcro/ros2_ws/install/zed_interfaces/share/zed_interfaces/package.sh'
[9.138s] INFO:colcon.colcon_core.shell:Creating package script '/home/vtcro/ros2_ws/install/zed_interfaces/share/zed_interfaces/package.bash'
[9.139s] INFO:colcon.colcon_core.shell:Creating package script '/home/vtcro/ros2_ws/install/zed_interfaces/share/zed_interfaces/package.zsh'
[9.139s] Level 1:colcon.colcon_core.environment:create_file_with_runtime_dependencies(/home/vtcro/ros2_ws/install/zed_interfaces/share/colcon-core/packages/zed_interfaces)
[9.438s] Level 1:colcon.colcon_core.environment:create_environment_scripts_only(zed_interfaces)
[9.438s] Level 1:colcon.colcon_core.environment:checking '/home/vtcro/ros2_ws/install/zed_interfaces' for CMake module files
[9.438s] Level 1:colcon.colcon_core.environment:checking '/home/vtcro/ros2_ws/install/zed_interfaces' for CMake config files
[9.439s] Level 1:colcon.colcon_core.shell:create_environment_hook('zed_interfaces', 'cmake_prefix_path')
[9.439s] INFO:colcon.colcon_core.shell:Creating environment hook '/home/vtcro/ros2_ws/install/zed_interfaces/share/zed_interfaces/hook/cmake_prefix_path.ps1'
[9.440s] INFO:colcon.colcon_core.shell:Creating environment descriptor '/home/vtcro/ros2_ws/install/zed_interfaces/share/zed_interfaces/hook/cmake_prefix_path.dsv'
[9.440s] INFO:colcon.colcon_core.shell:Creating environment hook '/home/vtcro/ros2_ws/install/zed_interfaces/share/zed_interfaces/hook/cmake_prefix_path.sh'
[9.440s] Level 1:colcon.colcon_core.environment:checking '/home/vtcro/ros2_ws/install/zed_interfaces/lib'
[9.440s] Level 1:colcon.colcon_core.shell:create_environment_hook('zed_interfaces', 'ld_library_path_lib')
[9.441s] INFO:colcon.colcon_core.shell:Creating environment hook '/home/vtcro/ros2_ws/install/zed_interfaces/share/zed_interfaces/hook/ld_library_path_lib.ps1'
[9.441s] INFO:colcon.colcon_core.shell:Creating environment descriptor '/home/vtcro/ros2_ws/install/zed_interfaces/share/zed_interfaces/hook/ld_library_path_lib.dsv'
[9.441s] INFO:colcon.colcon_core.shell:Creating environment hook '/home/vtcro/ros2_ws/install/zed_interfaces/share/zed_interfaces/hook/ld_library_path_lib.sh'
[9.441s] Level 1:colcon.colcon_core.environment:checking '/home/vtcro/ros2_ws/install/zed_interfaces/bin'
[9.441s] Level 1:colcon.colcon_core.environment:checking '/home/vtcro/ros2_ws/install/zed_interfaces/lib/pkgconfig/zed_interfaces.pc'
[9.442s] Level 1:colcon.colcon_core.environment:checking '/home/vtcro/ros2_ws/install/zed_interfaces/lib/python3.10/site-packages'
[9.442s] Level 1:colcon.colcon_core.environment:checking '/home/vtcro/ros2_ws/install/zed_interfaces/bin'
[9.442s] INFO:colcon.colcon_core.shell:Creating package script '/home/vtcro/ros2_ws/install/zed_interfaces/share/zed_interfaces/package.ps1'
[9.443s] INFO:colcon.colcon_core.shell:Creating package descriptor '/home/vtcro/ros2_ws/install/zed_interfaces/share/zed_interfaces/package.dsv'
[9.443s] INFO:colcon.colcon_core.shell:Creating package script '/home/vtcro/ros2_ws/install/zed_interfaces/share/zed_interfaces/package.sh'
[9.443s] INFO:colcon.colcon_core.shell:Creating package script '/home/vtcro/ros2_ws/install/zed_interfaces/share/zed_interfaces/package.bash'
[9.443s] INFO:colcon.colcon_core.shell:Creating package script '/home/vtcro/ros2_ws/install/zed_interfaces/share/zed_interfaces/package.zsh'
[9.443s] Level 1:colcon.colcon_core.environment:create_file_with_runtime_dependencies(/home/vtcro/ros2_ws/install/zed_interfaces/share/colcon-core/packages/zed_interfaces)
[9.444s] INFO:colcon.colcon_ros.task.ament_cmake.build:Building ROS package in '/home/vtcro/ros2_ws/src/zed-ros2-wrapper/zed_components' with build type 'ament_cmake'
[9.444s] INFO:colcon.colcon_cmake.task.cmake.build:Building CMake package in '/home/vtcro/ros2_ws/src/zed-ros2-wrapper/zed_components'
[9.444s] INFO:colcon.colcon_core.shell:Skip shell extension 'powershell' for command environment: Not usable outside of PowerShell
[9.444s] DEBUG:colcon.colcon_core.shell:Skip shell extension 'dsv' for command environment
[9.450s] DEBUG:colcon.colcon_core.event_handler.log_command:Invoking command in '/home/vtcro/ros2_ws/build/zed_components': CMAKE_PREFIX_PATH=${CMAKE_PREFIX_PATH}:/opt/ros/humble LD_LIBRARY_PATH=/home/vtcro/ros2_ws/install/zed_interfaces/lib:/opt/ros/humble/opt/rviz_ogre_vendor/lib:/opt/ros/humble/lib/x86_64-linux-gnu:/opt/ros/humble/lib:/usr/local/cuda-12/lib64 /usr/bin/cmake /home/vtcro/ros2_ws/src/zed-ros2-wrapper/zed_components -DCMAKE_INSTALL_PREFIX=/home/vtcro/ros2_ws/install/zed_components
[10.888s] DEBUG:colcon.colcon_core.event_handler.log_command:Invoked command in '/home/vtcro/ros2_ws/build/zed_components' returned '0': CMAKE_PREFIX_PATH=${CMAKE_PREFIX_PATH}:/opt/ros/humble LD_LIBRARY_PATH=/home/vtcro/ros2_ws/install/zed_interfaces/lib:/opt/ros/humble/opt/rviz_ogre_vendor/lib:/opt/ros/humble/lib/x86_64-linux-gnu:/opt/ros/humble/lib:/usr/local/cuda-12/lib64 /usr/bin/cmake /home/vtcro/ros2_ws/src/zed-ros2-wrapper/zed_components -DCMAKE_INSTALL_PREFIX=/home/vtcro/ros2_ws/install/zed_components
[10.889s] DEBUG:colcon.colcon_core.event_handler.log_command:Invoking command in '/home/vtcro/ros2_ws/build/zed_components': CMAKE_PREFIX_PATH=${CMAKE_PREFIX_PATH}:/opt/ros/humble LD_LIBRARY_PATH=/home/vtcro/ros2_ws/install/zed_interfaces/lib:/opt/ros/humble/opt/rviz_ogre_vendor/lib:/opt/ros/humble/lib/x86_64-linux-gnu:/opt/ros/humble/lib:/usr/local/cuda-12/lib64 /usr/bin/cmake --build /home/vtcro/ros2_ws/build/zed_components -- -j16 -l16
[45.844s] DEBUG:colcon.colcon_core.event_handler.log_command:Invoked command in '/home/vtcro/ros2_ws/build/zed_components' returned '0': CMAKE_PREFIX_PATH=${CMAKE_PREFIX_PATH}:/opt/ros/humble LD_LIBRARY_PATH=/home/vtcro/ros2_ws/install/zed_interfaces/lib:/opt/ros/humble/opt/rviz_ogre_vendor/lib:/opt/ros/humble/lib/x86_64-linux-gnu:/opt/ros/humble/lib:/usr/local/cuda-12/lib64 /usr/bin/cmake --build /home/vtcro/ros2_ws/build/zed_components -- -j16 -l16
[45.881s] DEBUG:colcon.colcon_core.event_handler.log_command:Invoking command in '/home/vtcro/ros2_ws/build/zed_components': CMAKE_PREFIX_PATH=${CMAKE_PREFIX_PATH}:/opt/ros/humble LD_LIBRARY_PATH=/home/vtcro/ros2_ws/install/zed_interfaces/lib:/opt/ros/humble/opt/rviz_ogre_vendor/lib:/opt/ros/humble/lib/x86_64-linux-gnu:/opt/ros/humble/lib:/usr/local/cuda-12/lib64 /usr/bin/cmake --install /home/vtcro/ros2_ws/build/zed_components
[45.896s] Level 1:colcon.colcon_core.environment:create_environment_scripts_only(zed_components)
[45.896s] Level 1:colcon.colcon_core.environment:checking '/home/vtcro/ros2_ws/install/zed_components' for CMake module files
[45.896s] DEBUG:colcon.colcon_core.event_handler.log_command:Invoked command in '/home/vtcro/ros2_ws/build/zed_components' returned '0': CMAKE_PREFIX_PATH=${CMAKE_PREFIX_PATH}:/opt/ros/humble LD_LIBRARY_PATH=/home/vtcro/ros2_ws/install/zed_interfaces/lib:/opt/ros/humble/opt/rviz_ogre_vendor/lib:/opt/ros/humble/lib/x86_64-linux-gnu:/opt/ros/humble/lib:/usr/local/cuda-12/lib64 /usr/bin/cmake --install /home/vtcro/ros2_ws/build/zed_components
[45.897s] Level 1:colcon.colcon_core.environment:checking '/home/vtcro/ros2_ws/install/zed_components' for CMake config files
[45.897s] Level 1:colcon.colcon_core.shell:create_environment_hook('zed_components', 'cmake_prefix_path')
[45.897s] INFO:colcon.colcon_core.shell:Creating environment hook '/home/vtcro/ros2_ws/install/zed_components/share/zed_components/hook/cmake_prefix_path.ps1'
[45.897s] INFO:colcon.colcon_core.shell:Creating environment descriptor '/home/vtcro/ros2_ws/install/zed_components/share/zed_components/hook/cmake_prefix_path.dsv'
[45.897s] INFO:colcon.colcon_core.shell:Creating environment hook '/home/vtcro/ros2_ws/install/zed_components/share/zed_components/hook/cmake_prefix_path.sh'
[45.898s] Level 1:colcon.colcon_core.environment:checking '/home/vtcro/ros2_ws/install/zed_components/lib'
[45.898s] Level 1:colcon.colcon_core.shell:create_environment_hook('zed_components', 'ld_library_path_lib')
[45.898s] INFO:colcon.colcon_core.shell:Creating environment hook '/home/vtcro/ros2_ws/install/zed_components/share/zed_components/hook/ld_library_path_lib.ps1'
[45.898s] INFO:colcon.colcon_core.shell:Creating environment descriptor '/home/vtcro/ros2_ws/install/zed_components/share/zed_components/hook/ld_library_path_lib.dsv'
[45.898s] INFO:colcon.colcon_core.shell:Creating environment hook '/home/vtcro/ros2_ws/install/zed_components/share/zed_components/hook/ld_library_path_lib.sh'
[45.898s] Level 1:colcon.colcon_core.environment:checking '/home/vtcro/ros2_ws/install/zed_components/bin'
[45.898s] Level 1:colcon.colcon_core.environment:checking '/home/vtcro/ros2_ws/install/zed_components/lib/pkgconfig/zed_components.pc'
[45.898s] Level 1:colcon.colcon_core.environment:checking '/home/vtcro/ros2_ws/install/zed_components/lib/python3.10/site-packages'
[45.898s] Level 1:colcon.colcon_core.environment:checking '/home/vtcro/ros2_ws/install/zed_components/bin'
[45.899s] INFO:colcon.colcon_core.shell:Creating package script '/home/vtcro/ros2_ws/install/zed_components/share/zed_components/package.ps1'
[45.899s] INFO:colcon.colcon_core.shell:Creating package descriptor '/home/vtcro/ros2_ws/install/zed_components/share/zed_components/package.dsv'
[45.899s] INFO:colcon.colcon_core.shell:Creating package script '/home/vtcro/ros2_ws/install/zed_components/share/zed_components/package.sh'
[45.899s] INFO:colcon.colcon_core.shell:Creating package script '/home/vtcro/ros2_ws/install/zed_components/share/zed_components/package.bash'
[45.899s] INFO:colcon.colcon_core.shell:Creating package script '/home/vtcro/ros2_ws/install/zed_components/share/zed_components/package.zsh'
[45.900s] Level 1:colcon.colcon_core.environment:create_file_with_runtime_dependencies(/home/vtcro/ros2_ws/install/zed_components/share/colcon-core/packages/zed_components)
[45.928s] Level 1:colcon.colcon_core.environment:create_environment_scripts_only(zed_components)
[45.929s] Level 1:colcon.colcon_core.environment:checking '/home/vtcro/ros2_ws/install/zed_components' for CMake module files
[45.929s] Level 1:colcon.colcon_core.environment:checking '/home/vtcro/ros2_ws/install/zed_components' for CMake config files
[45.929s] Level 1:colcon.colcon_core.shell:create_environment_hook('zed_components', 'cmake_prefix_path')
[45.930s] INFO:colcon.colcon_core.shell:Creating environment hook '/home/vtcro/ros2_ws/install/zed_components/share/zed_components/hook/cmake_prefix_path.ps1'
[45.930s] INFO:colcon.colcon_core.shell:Creating environment descriptor '/home/vtcro/ros2_ws/install/zed_components/share/zed_components/hook/cmake_prefix_path.dsv'
[45.930s] INFO:colcon.colcon_core.shell:Creating environment hook '/home/vtcro/ros2_ws/install/zed_components/share/zed_components/hook/cmake_prefix_path.sh'
[45.930s] Level 1:colcon.colcon_core.environment:checking '/home/vtcro/ros2_ws/install/zed_components/lib'
[45.930s] Level 1:colcon.colcon_core.shell:create_environment_hook('zed_components', 'ld_library_path_lib')
[45.930s] INFO:colcon.colcon_core.shell:Creating environment hook '/home/vtcro/ros2_ws/install/zed_components/share/zed_components/hook/ld_library_path_lib.ps1'
[45.931s] INFO:colcon.colcon_core.shell:Creating environment descriptor '/home/vtcro/ros2_ws/install/zed_components/share/zed_components/hook/ld_library_path_lib.dsv'
[45.931s] INFO:colcon.colcon_core.shell:Creating environment hook '/home/vtcro/ros2_ws/install/zed_components/share/zed_components/hook/ld_library_path_lib.sh'
[45.931s] Level 1:colcon.colcon_core.environment:checking '/home/vtcro/ros2_ws/install/zed_components/bin'
[45.931s] Level 1:colcon.colcon_core.environment:checking '/home/vtcro/ros2_ws/install/zed_components/lib/pkgconfig/zed_components.pc'
[45.931s] Level 1:colcon.colcon_core.environment:checking '/home/vtcro/ros2_ws/install/zed_components/lib/python3.10/site-packages'
[45.931s] Level 1:colcon.colcon_core.environment:checking '/home/vtcro/ros2_ws/install/zed_components/bin'
[45.931s] INFO:colcon.colcon_core.shell:Creating package script '/home/vtcro/ros2_ws/install/zed_components/share/zed_components/package.ps1'
[45.931s] INFO:colcon.colcon_core.shell:Creating package descriptor '/home/vtcro/ros2_ws/install/zed_components/share/zed_components/package.dsv'
[45.932s] INFO:colcon.colcon_core.shell:Creating package script '/home/vtcro/ros2_ws/install/zed_components/share/zed_components/package.sh'
[45.932s] INFO:colcon.colcon_core.shell:Creating package script '/home/vtcro/ros2_ws/install/zed_components/share/zed_components/package.bash'
[45.932s] INFO:colcon.colcon_core.shell:Creating package script '/home/vtcro/ros2_ws/install/zed_components/share/zed_components/package.zsh'
[45.932s] Level 1:colcon.colcon_core.environment:create_file_with_runtime_dependencies(/home/vtcro/ros2_ws/install/zed_components/share/colcon-core/packages/zed_components)
[45.932s] INFO:colcon.colcon_ros.task.ament_cmake.build:Building ROS package in '/home/vtcro/ros2_ws/src/zed-ros2-wrapper/zed_wrapper' with build type 'ament_cmake'
[45.932s] INFO:colcon.colcon_cmake.task.cmake.build:Building CMake package in '/home/vtcro/ros2_ws/src/zed-ros2-wrapper/zed_wrapper'
[45.933s] INFO:colcon.colcon_core.shell:Skip shell extension 'powershell' for command environment: Not usable outside of PowerShell
[45.933s] DEBUG:colcon.colcon_core.shell:Skip shell extension 'dsv' for command environment
[45.940s] DEBUG:colcon.colcon_core.event_handler.log_command:Invoking command in '/home/vtcro/ros2_ws/build/zed_wrapper': AMENT_PREFIX_PATH=/home/vtcro/ros2_ws/install/zed_components:${AMENT_PREFIX_PATH} CMAKE_PREFIX_PATH=/home/vtcro/ros2_ws/install/zed_components:/home/vtcro/ros2_ws/install/zed_interfaces:/opt/ros/humble LD_LIBRARY_PATH=/home/vtcro/ros2_ws/install/zed_components/lib:/home/vtcro/ros2_ws/install/zed_interfaces/lib:/opt/ros/humble/opt/rviz_ogre_vendor/lib:/opt/ros/humble/lib/x86_64-linux-gnu:/opt/ros/humble/lib:/usr/local/cuda-12/lib64 /usr/bin/cmake /home/vtcro/ros2_ws/src/zed-ros2-wrapper/zed_wrapper -DCMAKE_INSTALL_PREFIX=/home/vtcro/ros2_ws/install/zed_wrapper
[47.085s] DEBUG:colcon.colcon_core.event_handler.log_command:Invoked command in '/home/vtcro/ros2_ws/build/zed_wrapper' returned '0': AMENT_PREFIX_PATH=/home/vtcro/ros2_ws/install/zed_components:${AMENT_PREFIX_PATH} CMAKE_PREFIX_PATH=/home/vtcro/ros2_ws/install/zed_components:/home/vtcro/ros2_ws/install/zed_interfaces:/opt/ros/humble LD_LIBRARY_PATH=/home/vtcro/ros2_ws/install/zed_components/lib:/home/vtcro/ros2_ws/install/zed_interfaces/lib:/opt/ros/humble/opt/rviz_ogre_vendor/lib:/opt/ros/humble/lib/x86_64-linux-gnu:/opt/ros/humble/lib:/usr/local/cuda-12/lib64 /usr/bin/cmake /home/vtcro/ros2_ws/src/zed-ros2-wrapper/zed_wrapper -DCMAKE_INSTALL_PREFIX=/home/vtcro/ros2_ws/install/zed_wrapper
[47.086s] DEBUG:colcon.colcon_core.event_handler.log_command:Invoking command in '/home/vtcro/ros2_ws/build/zed_wrapper': AMENT_PREFIX_PATH=/home/vtcro/ros2_ws/install/zed_components:${AMENT_PREFIX_PATH} CMAKE_PREFIX_PATH=/home/vtcro/ros2_ws/install/zed_components:/home/vtcro/ros2_ws/install/zed_interfaces:/opt/ros/humble LD_LIBRARY_PATH=/home/vtcro/ros2_ws/install/zed_components/lib:/home/vtcro/ros2_ws/install/zed_interfaces/lib:/opt/ros/humble/opt/rviz_ogre_vendor/lib:/opt/ros/humble/lib/x86_64-linux-gnu:/opt/ros/humble/lib:/usr/local/cuda-12/lib64 /usr/bin/cmake --build /home/vtcro/ros2_ws/build/zed_wrapper -- -j16 -l16
[50.373s] DEBUG:colcon.colcon_core.event_handler.log_command:Invoked command in '/home/vtcro/ros2_ws/build/zed_wrapper' returned '0': AMENT_PREFIX_PATH=/home/vtcro/ros2_ws/install/zed_components:${AMENT_PREFIX_PATH} CMAKE_PREFIX_PATH=/home/vtcro/ros2_ws/install/zed_components:/home/vtcro/ros2_ws/install/zed_interfaces:/opt/ros/humble LD_LIBRARY_PATH=/home/vtcro/ros2_ws/install/zed_components/lib:/home/vtcro/ros2_ws/install/zed_interfaces/lib:/opt/ros/humble/opt/rviz_ogre_vendor/lib:/opt/ros/humble/lib/x86_64-linux-gnu:/opt/ros/humble/lib:/usr/local/cuda-12/lib64 /usr/bin/cmake --build /home/vtcro/ros2_ws/build/zed_wrapper -- -j16 -l16
[50.396s] DEBUG:colcon.colcon_core.event_handler.log_command:Invoking command in '/home/vtcro/ros2_ws/build/zed_wrapper': AMENT_PREFIX_PATH=/home/vtcro/ros2_ws/install/zed_components:${AMENT_PREFIX_PATH} CMAKE_PREFIX_PATH=/home/vtcro/ros2_ws/install/zed_components:/home/vtcro/ros2_ws/install/zed_interfaces:/opt/ros/humble LD_LIBRARY_PATH=/home/vtcro/ros2_ws/install/zed_components/lib:/home/vtcro/ros2_ws/install/zed_interfaces/lib:/opt/ros/humble/opt/rviz_ogre_vendor/lib:/opt/ros/humble/lib/x86_64-linux-gnu:/opt/ros/humble/lib:/usr/local/cuda-12/lib64 /usr/bin/cmake --install /home/vtcro/ros2_ws/build/zed_wrapper
[50.403s] Level 1:colcon.colcon_core.environment:create_environment_scripts_only(zed_wrapper)
[50.403s] DEBUG:colcon.colcon_core.event_handler.log_command:Invoked command in '/home/vtcro/ros2_ws/build/zed_wrapper' returned '0': AMENT_PREFIX_PATH=/home/vtcro/ros2_ws/install/zed_components:${AMENT_PREFIX_PATH} CMAKE_PREFIX_PATH=/home/vtcro/ros2_ws/install/zed_components:/home/vtcro/ros2_ws/install/zed_interfaces:/opt/ros/humble LD_LIBRARY_PATH=/home/vtcro/ros2_ws/install/zed_components/lib:/home/vtcro/ros2_ws/install/zed_interfaces/lib:/opt/ros/humble/opt/rviz_ogre_vendor/lib:/opt/ros/humble/lib/x86_64-linux-gnu:/opt/ros/humble/lib:/usr/local/cuda-12/lib64 /usr/bin/cmake --install /home/vtcro/ros2_ws/build/zed_wrapper
[50.403s] Level 1:colcon.colcon_core.environment:checking '/home/vtcro/ros2_ws/install/zed_wrapper' for CMake module files
[50.404s] Level 1:colcon.colcon_core.environment:checking '/home/vtcro/ros2_ws/install/zed_wrapper' for CMake config files
[50.404s] Level 1:colcon.colcon_core.shell:create_environment_hook('zed_wrapper', 'cmake_prefix_path')
[50.404s] INFO:colcon.colcon_core.shell:Creating environment hook '/home/vtcro/ros2_ws/install/zed_wrapper/share/zed_wrapper/hook/cmake_prefix_path.ps1'
[50.404s] INFO:colcon.colcon_core.shell:Creating environment descriptor '/home/vtcro/ros2_ws/install/zed_wrapper/share/zed_wrapper/hook/cmake_prefix_path.dsv'
[50.404s] INFO:colcon.colcon_core.shell:Creating environment hook '/home/vtcro/ros2_ws/install/zed_wrapper/share/zed_wrapper/hook/cmake_prefix_path.sh'
[50.405s] Level 1:colcon.colcon_core.environment:checking '/home/vtcro/ros2_ws/install/zed_wrapper/lib'
[50.405s] Level 1:colcon.colcon_core.environment:checking '/home/vtcro/ros2_ws/install/zed_wrapper/bin'
[50.405s] Level 1:colcon.colcon_core.environment:checking '/home/vtcro/ros2_ws/install/zed_wrapper/lib/pkgconfig/zed_wrapper.pc'
[50.405s] Level 1:colcon.colcon_core.environment:checking '/home/vtcro/ros2_ws/install/zed_wrapper/lib/python3.10/site-packages'
[50.405s] Level 1:colcon.colcon_core.environment:checking '/home/vtcro/ros2_ws/install/zed_wrapper/bin'
[50.405s] INFO:colcon.colcon_core.shell:Creating package script '/home/vtcro/ros2_ws/install/zed_wrapper/share/zed_wrapper/package.ps1'
[50.405s] INFO:colcon.colcon_core.shell:Creating package descriptor '/home/vtcro/ros2_ws/install/zed_wrapper/share/zed_wrapper/package.dsv'
[50.406s] INFO:colcon.colcon_core.shell:Creating package script '/home/vtcro/ros2_ws/install/zed_wrapper/share/zed_wrapper/package.sh'
[50.406s] INFO:colcon.colcon_core.shell:Creating package script '/home/vtcro/ros2_ws/install/zed_wrapper/share/zed_wrapper/package.bash'
[50.406s] INFO:colcon.colcon_core.shell:Creating package script '/home/vtcro/ros2_ws/install/zed_wrapper/share/zed_wrapper/package.zsh'
[50.406s] Level 1:colcon.colcon_core.environment:create_file_with_runtime_dependencies(/home/vtcro/ros2_ws/install/zed_wrapper/share/colcon-core/packages/zed_wrapper)
[50.427s] Level 1:colcon.colcon_core.environment:create_environment_scripts_only(zed_wrapper)
[50.427s] Level 1:colcon.colcon_core.environment:checking '/home/vtcro/ros2_ws/install/zed_wrapper' for CMake module files
[50.427s] Level 1:colcon.colcon_core.environment:checking '/home/vtcro/ros2_ws/install/zed_wrapper' for CMake config files
[50.427s] Level 1:colcon.colcon_core.shell:create_environment_hook('zed_wrapper', 'cmake_prefix_path')
[50.427s] INFO:colcon.colcon_core.shell:Creating environment hook '/home/vtcro/ros2_ws/install/zed_wrapper/share/zed_wrapper/hook/cmake_prefix_path.ps1'
[50.428s] INFO:colcon.colcon_core.shell:Creating environment descriptor '/home/vtcro/ros2_ws/install/zed_wrapper/share/zed_wrapper/hook/cmake_prefix_path.dsv'
[50.428s] INFO:colcon.colcon_core.shell:Creating environment hook '/home/vtcro/ros2_ws/install/zed_wrapper/share/zed_wrapper/hook/cmake_prefix_path.sh'
[50.428s] Level 1:colcon.colcon_core.environment:checking '/home/vtcro/ros2_ws/install/zed_wrapper/lib'
[50.428s] Level 1:colcon.colcon_core.environment:checking '/home/vtcro/ros2_ws/install/zed_wrapper/bin'
[50.428s] Level 1:colcon.colcon_core.environment:checking '/home/vtcro/ros2_ws/install/zed_wrapper/lib/pkgconfig/zed_wrapper.pc'
[50.428s] Level 1:colcon.colcon_core.environment:checking '/home/vtcro/ros2_ws/install/zed_wrapper/lib/python3.10/site-packages'
[50.428s] Level 1:colcon.colcon_core.environment:checking '/home/vtcro/ros2_ws/install/zed_wrapper/bin'
[50.429s] INFO:colcon.colcon_core.shell:Creating package script '/home/vtcro/ros2_ws/install/zed_wrapper/share/zed_wrapper/package.ps1'
[50.429s] INFO:colcon.colcon_core.shell:Creating package descriptor '/home/vtcro/ros2_ws/install/zed_wrapper/share/zed_wrapper/package.dsv'
[50.429s] INFO:colcon.colcon_core.shell:Creating package script '/home/vtcro/ros2_ws/install/zed_wrapper/share/zed_wrapper/package.sh'
[50.429s] INFO:colcon.colcon_core.shell:Creating package script '/home/vtcro/ros2_ws/install/zed_wrapper/share/zed_wrapper/package.bash'
[50.429s] INFO:colcon.colcon_core.shell:Creating package script '/home/vtcro/ros2_ws/install/zed_wrapper/share/zed_wrapper/package.zsh'
[50.430s] Level 1:colcon.colcon_core.environment:create_file_with_runtime_dependencies(/home/vtcro/ros2_ws/install/zed_wrapper/share/colcon-core/packages/zed_wrapper)
[50.430s] INFO:colcon.colcon_ros.task.ament_cmake.build:Building ROS package in '/home/vtcro/ros2_ws/src/zed-ros2-wrapper/zed_ros2' with build type 'ament_cmake'
[50.430s] INFO:colcon.colcon_cmake.task.cmake.build:Building CMake package in '/home/vtcro/ros2_ws/src/zed-ros2-wrapper/zed_ros2'
[50.430s] INFO:colcon.colcon_core.shell:Skip shell extension 'powershell' for command environment: Not usable outside of PowerShell
[50.430s] DEBUG:colcon.colcon_core.shell:Skip shell extension 'dsv' for command environment
[50.438s] DEBUG:colcon.colcon_core.event_handler.log_command:Invoking command in '/home/vtcro/ros2_ws/build/zed_ros2': AMENT_PREFIX_PATH=/home/vtcro/ros2_ws/install/zed_wrapper:/home/vtcro/ros2_ws/install/zed_components:${AMENT_PREFIX_PATH} CMAKE_PREFIX_PATH=/home/vtcro/ros2_ws/install/zed_wrapper:/home/vtcro/ros2_ws/install/zed_components:/home/vtcro/ros2_ws/install/zed_interfaces:/opt/ros/humble LD_LIBRARY_PATH=/home/vtcro/ros2_ws/install/zed_components/lib:/home/vtcro/ros2_ws/install/zed_interfaces/lib:/opt/ros/humble/opt/rviz_ogre_vendor/lib:/opt/ros/humble/lib/x86_64-linux-gnu:/opt/ros/humble/lib:/usr/local/cuda-12/lib64 /usr/bin/cmake /home/vtcro/ros2_ws/src/zed-ros2-wrapper/zed_ros2 -DCMAKE_INSTALL_PREFIX=/home/vtcro/ros2_ws/install/zed_ros2
[50.670s] DEBUG:colcon.colcon_core.event_handler.log_command:Invoked command in '/home/vtcro/ros2_ws/build/zed_ros2' returned '0': AMENT_PREFIX_PATH=/home/vtcro/ros2_ws/install/zed_wrapper:/home/vtcro/ros2_ws/install/zed_components:${AMENT_PREFIX_PATH} CMAKE_PREFIX_PATH=/home/vtcro/ros2_ws/install/zed_wrapper:/home/vtcro/ros2_ws/install/zed_components:/home/vtcro/ros2_ws/install/zed_interfaces:/opt/ros/humble LD_LIBRARY_PATH=/home/vtcro/ros2_ws/install/zed_components/lib:/home/vtcro/ros2_ws/install/zed_interfaces/lib:/opt/ros/humble/opt/rviz_ogre_vendor/lib:/opt/ros/humble/lib/x86_64-linux-gnu:/opt/ros/humble/lib:/usr/local/cuda-12/lib64 /usr/bin/cmake /home/vtcro/ros2_ws/src/zed-ros2-wrapper/zed_ros2 -DCMAKE_INSTALL_PREFIX=/home/vtcro/ros2_ws/install/zed_ros2
[50.670s] DEBUG:colcon.colcon_core.event_handler.log_command:Invoking command in '/home/vtcro/ros2_ws/build/zed_ros2': AMENT_PREFIX_PATH=/home/vtcro/ros2_ws/install/zed_wrapper:/home/vtcro/ros2_ws/install/zed_components:${AMENT_PREFIX_PATH} CMAKE_PREFIX_PATH=/home/vtcro/ros2_ws/install/zed_wrapper:/home/vtcro/ros2_ws/install/zed_components:/home/vtcro/ros2_ws/install/zed_interfaces:/opt/ros/humble LD_LIBRARY_PATH=/home/vtcro/ros2_ws/install/zed_components/lib:/home/vtcro/ros2_ws/install/zed_interfaces/lib:/opt/ros/humble/opt/rviz_ogre_vendor/lib:/opt/ros/humble/lib/x86_64-linux-gnu:/opt/ros/humble/lib:/usr/local/cuda-12/lib64 /usr/bin/cmake --build /home/vtcro/ros2_ws/build/zed_ros2 -- -j16 -l16
[50.695s] DEBUG:colcon.colcon_core.event_handler.log_command:Invoked command in '/home/vtcro/ros2_ws/build/zed_ros2' returned '0': AMENT_PREFIX_PATH=/home/vtcro/ros2_ws/install/zed_wrapper:/home/vtcro/ros2_ws/install/zed_components:${AMENT_PREFIX_PATH} CMAKE_PREFIX_PATH=/home/vtcro/ros2_ws/install/zed_wrapper:/home/vtcro/ros2_ws/install/zed_components:/home/vtcro/ros2_ws/install/zed_interfaces:/opt/ros/humble LD_LIBRARY_PATH=/home/vtcro/ros2_ws/install/zed_components/lib:/home/vtcro/ros2_ws/install/zed_interfaces/lib:/opt/ros/humble/opt/rviz_ogre_vendor/lib:/opt/ros/humble/lib/x86_64-linux-gnu:/opt/ros/humble/lib:/usr/local/cuda-12/lib64 /usr/bin/cmake --build /home/vtcro/ros2_ws/build/zed_ros2 -- -j16 -l16
[50.717s] DEBUG:colcon.colcon_core.event_handler.log_command:Invoking command in '/home/vtcro/ros2_ws/build/zed_ros2': AMENT_PREFIX_PATH=/home/vtcro/ros2_ws/install/zed_wrapper:/home/vtcro/ros2_ws/install/zed_components:${AMENT_PREFIX_PATH} CMAKE_PREFIX_PATH=/home/vtcro/ros2_ws/install/zed_wrapper:/home/vtcro/ros2_ws/install/zed_components:/home/vtcro/ros2_ws/install/zed_interfaces:/opt/ros/humble LD_LIBRARY_PATH=/home/vtcro/ros2_ws/install/zed_components/lib:/home/vtcro/ros2_ws/install/zed_interfaces/lib:/opt/ros/humble/opt/rviz_ogre_vendor/lib:/opt/ros/humble/lib/x86_64-linux-gnu:/opt/ros/humble/lib:/usr/local/cuda-12/lib64 /usr/bin/cmake --install /home/vtcro/ros2_ws/build/zed_ros2
[50.724s] Level 1:colcon.colcon_core.environment:create_environment_scripts_only(zed_ros2)
[50.725s] Level 1:colcon.colcon_core.environment:checking '/home/vtcro/ros2_ws/install/zed_ros2' for CMake module files
[50.725s] DEBUG:colcon.colcon_core.event_handler.log_command:Invoked command in '/home/vtcro/ros2_ws/build/zed_ros2' returned '0': AMENT_PREFIX_PATH=/home/vtcro/ros2_ws/install/zed_wrapper:/home/vtcro/ros2_ws/install/zed_components:${AMENT_PREFIX_PATH} CMAKE_PREFIX_PATH=/home/vtcro/ros2_ws/install/zed_wrapper:/home/vtcro/ros2_ws/install/zed_components:/home/vtcro/ros2_ws/install/zed_interfaces:/opt/ros/humble LD_LIBRARY_PATH=/home/vtcro/ros2_ws/install/zed_components/lib:/home/vtcro/ros2_ws/install/zed_interfaces/lib:/opt/ros/humble/opt/rviz_ogre_vendor/lib:/opt/ros/humble/lib/x86_64-linux-gnu:/opt/ros/humble/lib:/usr/local/cuda-12/lib64 /usr/bin/cmake --install /home/vtcro/ros2_ws/build/zed_ros2
[50.725s] Level 1:colcon.colcon_core.environment:checking '/home/vtcro/ros2_ws/install/zed_ros2' for CMake config files
[50.725s] Level 1:colcon.colcon_core.shell:create_environment_hook('zed_ros2', 'cmake_prefix_path')
[50.725s] INFO:colcon.colcon_core.shell:Creating environment hook '/home/vtcro/ros2_ws/install/zed_ros2/share/zed_ros2/hook/cmake_prefix_path.ps1'
[50.725s] INFO:colcon.colcon_core.shell:Creating environment descriptor '/home/vtcro/ros2_ws/install/zed_ros2/share/zed_ros2/hook/cmake_prefix_path.dsv'
[50.726s] INFO:colcon.colcon_core.shell:Creating environment hook '/home/vtcro/ros2_ws/install/zed_ros2/share/zed_ros2/hook/cmake_prefix_path.sh'
[50.726s] Level 1:colcon.colcon_core.environment:checking '/home/vtcro/ros2_ws/install/zed_ros2/bin'
[50.726s] Level 1:colcon.colcon_core.environment:checking '/home/vtcro/ros2_ws/install/zed_ros2/lib/pkgconfig/zed_ros2.pc'
[50.726s] Level 1:colcon.colcon_core.environment:checking '/home/vtcro/ros2_ws/install/zed_ros2/lib/python3.10/site-packages'
[50.726s] Level 1:colcon.colcon_core.environment:checking '/home/vtcro/ros2_ws/install/zed_ros2/bin'
[50.726s] INFO:colcon.colcon_core.shell:Creating package script '/home/vtcro/ros2_ws/install/zed_ros2/share/zed_ros2/package.ps1'
[50.726s] INFO:colcon.colcon_core.shell:Creating package descriptor '/home/vtcro/ros2_ws/install/zed_ros2/share/zed_ros2/package.dsv'
[50.727s] INFO:colcon.colcon_core.shell:Creating package script '/home/vtcro/ros2_ws/install/zed_ros2/share/zed_ros2/package.sh'
[50.727s] INFO:colcon.colcon_core.shell:Creating package script '/home/vtcro/ros2_ws/install/zed_ros2/share/zed_ros2/package.bash'
[50.727s] INFO:colcon.colcon_core.shell:Creating package script '/home/vtcro/ros2_ws/install/zed_ros2/share/zed_ros2/package.zsh'
[50.727s] Level 1:colcon.colcon_core.environment:create_file_with_runtime_dependencies(/home/vtcro/ros2_ws/install/zed_ros2/share/colcon-core/packages/zed_ros2)
[50.742s] Level 1:colcon.colcon_core.environment:create_environment_scripts_only(zed_ros2)
[50.742s] Level 1:colcon.colcon_core.environment:checking '/home/vtcro/ros2_ws/install/zed_ros2' for CMake module files
[50.743s] Level 1:colcon.colcon_core.environment:checking '/home/vtcro/ros2_ws/install/zed_ros2' for CMake config files
[50.743s] Level 1:colcon.colcon_core.shell:create_environment_hook('zed_ros2', 'cmake_prefix_path')
[50.743s] INFO:colcon.colcon_core.shell:Creating environment hook '/home/vtcro/ros2_ws/install/zed_ros2/share/zed_ros2/hook/cmake_prefix_path.ps1'
[50.743s] INFO:colcon.colcon_core.shell:Creating environment descriptor '/home/vtcro/ros2_ws/install/zed_ros2/share/zed_ros2/hook/cmake_prefix_path.dsv'
[50.743s] INFO:colcon.colcon_core.shell:Creating environment hook '/home/vtcro/ros2_ws/install/zed_ros2/share/zed_ros2/hook/cmake_prefix_path.sh'
[50.744s] Level 1:colcon.colcon_core.environment:checking '/home/vtcro/ros2_ws/install/zed_ros2/bin'
[50.744s] Level 1:colcon.colcon_core.environment:checking '/home/vtcro/ros2_ws/install/zed_ros2/lib/pkgconfig/zed_ros2.pc'
[50.744s] Level 1:colcon.colcon_core.environment:checking '/home/vtcro/ros2_ws/install/zed_ros2/lib/python3.10/site-packages'
[50.744s] Level 1:colcon.colcon_core.environment:checking '/home/vtcro/ros2_ws/install/zed_ros2/bin'
[50.744s] INFO:colcon.colcon_core.shell:Creating package script '/home/vtcro/ros2_ws/install/zed_ros2/share/zed_ros2/package.ps1'
[50.744s] INFO:colcon.colcon_core.shell:Creating package descriptor '/home/vtcro/ros2_ws/install/zed_ros2/share/zed_ros2/package.dsv'
[50.745s] INFO:colcon.colcon_core.shell:Creating package script '/home/vtcro/ros2_ws/install/zed_ros2/share/zed_ros2/package.sh'
[50.745s] INFO:colcon.colcon_core.shell:Creating package script '/home/vtcro/ros2_ws/install/zed_ros2/share/zed_ros2/package.bash'
[50.745s] INFO:colcon.colcon_core.shell:Creating package script '/home/vtcro/ros2_ws/install/zed_ros2/share/zed_ros2/package.zsh'
[50.745s] Level 1:colcon.colcon_core.environment:create_file_with_runtime_dependencies(/home/vtcro/ros2_ws/install/zed_ros2/share/colcon-core/packages/zed_ros2)
[50.745s] DEBUG:colcon.colcon_parallel_executor.executor.parallel:closing loop
[50.745s] DEBUG:colcon.colcon_parallel_executor.executor.parallel:loop closed
[50.745s] DEBUG:colcon.colcon_parallel_executor.executor.parallel:run_until_complete finished with '0'
[50.745s] DEBUG:colcon.colcon_core.event_reactor:joining thread
[50.753s] INFO:colcon.colcon_core.plugin_system:Skipping extension 'colcon_notification.desktop_notification.terminal_notifier': Not used on non-Darwin systems
[50.753s] INFO:colcon.colcon_core.plugin_system:Skipping extension 'colcon_notification.desktop_notification.win32': Not used on non-Windows systems
[50.753s] INFO:colcon.colcon_notification.desktop_notification:Sending desktop notification using 'notify2'
[50.765s] DEBUG:colcon.colcon_core.event_reactor:joined thread
[50.765s] INFO:colcon.colcon_core.shell:Creating prefix script '/home/vtcro/ros2_ws/install/local_setup.ps1'
[50.766s] INFO:colcon.colcon_core.shell:Creating prefix util module '/home/vtcro/ros2_ws/install/_local_setup_util_ps1.py'
[50.767s] INFO:colcon.colcon_core.shell:Creating prefix chain script '/home/vtcro/ros2_ws/install/setup.ps1'
[50.768s] INFO:colcon.colcon_core.shell:Creating prefix script '/home/vtcro/ros2_ws/install/local_setup.sh'
[50.768s] INFO:colcon.colcon_core.shell:Creating prefix util module '/home/vtcro/ros2_ws/install/_local_setup_util_sh.py'
[50.768s] INFO:colcon.colcon_core.shell:Creating prefix chain script '/home/vtcro/ros2_ws/install/setup.sh'
[50.769s] INFO:colcon.colcon_core.shell:Creating prefix script '/home/vtcro/ros2_ws/install/local_setup.bash'
[50.769s] INFO:colcon.colcon_core.shell:Creating prefix chain script '/home/vtcro/ros2_ws/install/setup.bash'
[50.770s] INFO:colcon.colcon_core.shell:Creating prefix script '/home/vtcro/ros2_ws/install/local_setup.zsh'
[50.770s] INFO:colcon.colcon_core.shell:Creating prefix chain script '/home/vtcro/ros2_ws/install/setup.zsh'
