[0.018s] Invoking command in '/home/joe/vt/autonav/build/autonav_sim': CMAKE_PREFIX_PATH=${CMAKE_PREFIX_PATH}:/home/joe/vt/autonav/isaac_ros-dev/install/python_serial:/home/joe/vt/autonav/isaac_ros-dev/install/py_srvcli:/home/joe/vt/autonav/isaac_ros-dev/install/py_pubsub:/home/joe/vt/autonav/isaac_ros-dev/install/isaac_ros_test:/home/joe/vt/autonav/isaac_ros-dev/install/isaac_ros_launch_utils:/opt/ros/humble /usr/bin/cmake /home/joe/vt/autonav/isaac_ros-dev/src/autonav_sim -DCMAKE_INSTALL_PREFIX=/home/joe/vt/autonav/install/autonav_sim
[0.145s] -- The C compiler identification is GNU 11.4.0
[0.209s] -- The CXX compiler identification is GNU 11.4.0
[0.219s] -- Detecting C compiler ABI info
[0.309s] -- Detecting C compiler ABI info - done
[0.317s] -- Check for working C compiler: /usr/bin/cc - skipped
[0.318s] -- Detecting C compile features
[0.318s] -- Detecting C compile features - done
[0.321s] -- Detecting CXX compiler ABI info
[0.421s] -- Detecting CXX compiler ABI info - done
[0.428s] -- Check for working CXX compiler: /usr/bin/c++ - skipped
[0.429s] -- Detecting CXX compile features
[0.429s] -- Detecting CXX compile features - done
[0.437s] -- Found ament_cmake: 1.3.10 (/opt/ros/humble/share/ament_cmake/cmake)
[0.619s] -- Found Python3: /usr/bin/python3 (found version "3.10.12") found components: Interpreter 
[0.763s] -- Found rclcpp: 16.0.10 (/opt/ros/humble/share/rclcpp/cmake)
[0.822s] -- Found rosidl_generator_c: 3.1.5 (/opt/ros/humble/share/rosidl_generator_c/cmake)
[0.830s] -- Found rosidl_adapter: 3.1.5 (/opt/ros/humble/share/rosidl_adapter/cmake)
[0.847s] -- Found rosidl_generator_cpp: 3.1.5 (/opt/ros/humble/share/rosidl_generator_cpp/cmake)
[0.862s] -- Using all available rosidl_typesupport_c: rosidl_typesupport_fastrtps_c;rosidl_typesupport_introspection_c
[0.881s] -- Using all available rosidl_typesupport_cpp: rosidl_typesupport_fastrtps_cpp;rosidl_typesupport_introspection_cpp
[0.943s] -- Found rmw_implementation_cmake: 6.1.2 (/opt/ros/humble/share/rmw_implementation_cmake/cmake)
[0.949s] -- Found rmw_fastrtps_cpp: 6.2.7 (/opt/ros/humble/share/rmw_fastrtps_cpp/cmake)
[1.070s] -- Found OpenSSL: /usr/lib/x86_64-linux-gnu/libcrypto.so (found version "3.0.2")  
[1.100s] -- Found FastRTPS: /opt/ros/humble/include  
[1.149s] -- Using RMW implementation 'rmw_fastrtps_cpp' as default
[1.165s] -- Looking for pthread.h
[1.249s] -- Looking for pthread.h - found
[1.250s] -- Performing Test CMAKE_HAVE_LIBC_PTHREAD
[1.344s] -- Performing Test CMAKE_HAVE_LIBC_PTHREAD - Success
[1.345s] -- Found Threads: TRUE  
[1.407s] -- Found sensor_msgs: 4.2.4 (/opt/ros/humble/share/sensor_msgs/cmake)
[1.445s] -- Found cv_bridge: 3.2.1 (/opt/ros/humble/share/cv_bridge/cmake)
[1.462s] -- Found OpenCV: /usr (found version "4.5.4") 
[1.469s] -- Found ament_lint_auto: 0.12.11 (/opt/ros/humble/share/ament_lint_auto/cmake)
[1.572s] -- Added test 'copyright' to check source files copyright and LICENSE
[1.575s] -- Added test 'cppcheck' to perform static code analysis on C / C++ code
[1.575s] -- Configured cppcheck include dirs: 
[1.575s] -- Configured cppcheck exclude dirs and/or files: 
[1.579s] -- Added test 'cpplint' to check C / C++ code against the Google style
[1.579s] -- Configured cpplint exclude dirs and/or files: 
[1.579s] -- Added test 'flake8' to check Python code syntax and style conventions
[1.581s] -- Added test 'lint_cmake' to check CMake code style
[1.583s] -- Added test 'pep257' to check Python code against some of the docstring style conventions in PEP 257
[1.586s] -- Added test 'uncrustify' to check C / C++ code style
[1.586s] -- Configured uncrustify additional arguments: 
[1.587s] -- Added test 'xmllint' to check XML markup files
[1.588s] -- Configuring done
[1.598s] -- Generating done
[1.599s] -- Build files have been written to: /home/joe/vt/autonav/build/autonav_sim
[1.610s] Invoked command in '/home/joe/vt/autonav/build/autonav_sim' returned '0': CMAKE_PREFIX_PATH=${CMAKE_PREFIX_PATH}:/home/joe/vt/autonav/isaac_ros-dev/install/python_serial:/home/joe/vt/autonav/isaac_ros-dev/install/py_srvcli:/home/joe/vt/autonav/isaac_ros-dev/install/py_pubsub:/home/joe/vt/autonav/isaac_ros-dev/install/isaac_ros_test:/home/joe/vt/autonav/isaac_ros-dev/install/isaac_ros_launch_utils:/opt/ros/humble /usr/bin/cmake /home/joe/vt/autonav/isaac_ros-dev/src/autonav_sim -DCMAKE_INSTALL_PREFIX=/home/joe/vt/autonav/install/autonav_sim
[1.611s] Invoking command in '/home/joe/vt/autonav/build/autonav_sim': CMAKE_PREFIX_PATH=${CMAKE_PREFIX_PATH}:/home/joe/vt/autonav/isaac_ros-dev/install/python_serial:/home/joe/vt/autonav/isaac_ros-dev/install/py_srvcli:/home/joe/vt/autonav/isaac_ros-dev/install/py_pubsub:/home/joe/vt/autonav/isaac_ros-dev/install/isaac_ros_test:/home/joe/vt/autonav/isaac_ros-dev/install/isaac_ros_launch_utils:/opt/ros/humble /usr/bin/cmake --build /home/joe/vt/autonav/build/autonav_sim -- -j8 -l8
[1.672s] [ 50%] [32mBuilding CXX object CMakeFiles/opencv_node.dir/launch/opencv_node.cpp.o[0m
[10.121s] [100%] [32m[1mLinking CXX executable opencv_node[0m
[10.783s] [100%] Built target opencv_node
[10.796s] Invoked command in '/home/joe/vt/autonav/build/autonav_sim' returned '0': CMAKE_PREFIX_PATH=${CMAKE_PREFIX_PATH}:/home/joe/vt/autonav/isaac_ros-dev/install/python_serial:/home/joe/vt/autonav/isaac_ros-dev/install/py_srvcli:/home/joe/vt/autonav/isaac_ros-dev/install/py_pubsub:/home/joe/vt/autonav/isaac_ros-dev/install/isaac_ros_test:/home/joe/vt/autonav/isaac_ros-dev/install/isaac_ros_launch_utils:/opt/ros/humble /usr/bin/cmake --build /home/joe/vt/autonav/build/autonav_sim -- -j8 -l8
[10.857s] Invoking command in '/home/joe/vt/autonav/build/autonav_sim': CMAKE_PREFIX_PATH=${CMAKE_PREFIX_PATH}:/home/joe/vt/autonav/isaac_ros-dev/install/python_serial:/home/joe/vt/autonav/isaac_ros-dev/install/py_srvcli:/home/joe/vt/autonav/isaac_ros-dev/install/py_pubsub:/home/joe/vt/autonav/isaac_ros-dev/install/isaac_ros_test:/home/joe/vt/autonav/isaac_ros-dev/install/isaac_ros_launch_utils:/opt/ros/humble /usr/bin/cmake --install /home/joe/vt/autonav/build/autonav_sim
[10.866s] -- Install configuration: ""
[10.866s] -- Installing: /home/joe/vt/autonav/install/autonav_sim/lib/autonav_sim/opencv_node
[10.869s] -- Set runtime path of "/home/joe/vt/autonav/install/autonav_sim/lib/autonav_sim/opencv_node" to ""
[10.869s] -- Installing: /home/joe/vt/autonav/install/autonav_sim/share/autonav_sim/config
[10.869s] -- Installing: /home/joe/vt/autonav/install/autonav_sim/share/autonav_sim/config/view_bot.rviz
[10.869s] -- Installing: /home/joe/vt/autonav/install/autonav_sim/share/autonav_sim/description
[10.870s] -- Installing: /home/joe/vt/autonav/install/autonav_sim/share/autonav_sim/description/custom_robot
[10.870s] -- Installing: /home/joe/vt/autonav/install/autonav_sim/share/autonav_sim/description/custom_robot/camera.xacro
[10.870s] -- Installing: /home/joe/vt/autonav/install/autonav_sim/share/autonav_sim/description/custom_robot/gazebo_control.xacro
[10.870s] -- Installing: /home/joe/vt/autonav/install/autonav_sim/share/autonav_sim/description/custom_robot/robot_core.xacro
[10.870s] -- Installing: /home/joe/vt/autonav/install/autonav_sim/share/autonav_sim/description/custom_robot/robot.urdf.xacro
[10.870s] -- Installing: /home/joe/vt/autonav/install/autonav_sim/share/autonav_sim/description/custom_robot/inertial_macros.xacro
[10.871s] -- Installing: /home/joe/vt/autonav/install/autonav_sim/share/autonav_sim/description/tester_robot
[10.871s] -- Installing: /home/joe/vt/autonav/install/autonav_sim/share/autonav_sim/description/tester_robot/camera.xacro
[10.871s] -- Installing: /home/joe/vt/autonav/install/autonav_sim/share/autonav_sim/description/tester_robot/gazebo_control.xacro
[10.871s] -- Installing: /home/joe/vt/autonav/install/autonav_sim/share/autonav_sim/description/tester_robot/robot_core.xacro
[10.871s] -- Installing: /home/joe/vt/autonav/install/autonav_sim/share/autonav_sim/description/tester_robot/robot.urdf.xacro
[10.871s] -- Installing: /home/joe/vt/autonav/install/autonav_sim/share/autonav_sim/description/tester_robot/inertial_macros.xacro
[10.872s] -- Installing: /home/joe/vt/autonav/install/autonav_sim/share/autonav_sim/launch
[10.872s] -- Installing: /home/joe/vt/autonav/install/autonav_sim/share/autonav_sim/launch/opencv_node.cpp
[10.872s] -- Installing: /home/joe/vt/autonav/install/autonav_sim/share/autonav_sim/launch/rsp.launch.py
[10.872s] -- Installing: /home/joe/vt/autonav/install/autonav_sim/share/autonav_sim/launch/launch_sim.launch.py
[10.872s] -- Installing: /home/joe/vt/autonav/install/autonav_sim/share/autonav_sim/worlds
[10.873s] -- Installing: /home/joe/vt/autonav/install/autonav_sim/share/autonav_sim/worlds/empty.world
[10.873s] -- Installing: /home/joe/vt/autonav/install/autonav_sim/share/autonav_sim/worlds/autonav_igvc_course.world
[10.874s] -- Installing: /home/joe/vt/autonav/install/autonav_sim/share/ament_index/resource_index/package_run_dependencies/autonav_sim
[10.874s] -- Installing: /home/joe/vt/autonav/install/autonav_sim/share/ament_index/resource_index/parent_prefix_path/autonav_sim
[10.874s] -- Installing: /home/joe/vt/autonav/install/autonav_sim/share/autonav_sim/environment/ament_prefix_path.sh
[10.874s] -- Installing: /home/joe/vt/autonav/install/autonav_sim/share/autonav_sim/environment/ament_prefix_path.dsv
[10.874s] -- Installing: /home/joe/vt/autonav/install/autonav_sim/share/autonav_sim/environment/path.sh
[10.874s] -- Installing: /home/joe/vt/autonav/install/autonav_sim/share/autonav_sim/environment/path.dsv
[10.874s] -- Installing: /home/joe/vt/autonav/install/autonav_sim/share/autonav_sim/local_setup.bash
[10.875s] -- Installing: /home/joe/vt/autonav/install/autonav_sim/share/autonav_sim/local_setup.sh
[10.875s] -- Installing: /home/joe/vt/autonav/install/autonav_sim/share/autonav_sim/local_setup.zsh
[10.875s] -- Installing: /home/joe/vt/autonav/install/autonav_sim/share/autonav_sim/local_setup.dsv
[10.875s] -- Installing: /home/joe/vt/autonav/install/autonav_sim/share/autonav_sim/package.dsv
[10.875s] -- Installing: /home/joe/vt/autonav/install/autonav_sim/share/ament_index/resource_index/packages/autonav_sim
[10.876s] -- Installing: /home/joe/vt/autonav/install/autonav_sim/share/autonav_sim/cmake/autonav_simConfig.cmake
[10.876s] -- Installing: /home/joe/vt/autonav/install/autonav_sim/share/autonav_sim/cmake/autonav_simConfig-version.cmake
[10.876s] -- Installing: /home/joe/vt/autonav/install/autonav_sim/share/autonav_sim/package.xml
[10.878s] Invoked command in '/home/joe/vt/autonav/build/autonav_sim' returned '0': CMAKE_PREFIX_PATH=${CMAKE_PREFIX_PATH}:/home/joe/vt/autonav/isaac_ros-dev/install/python_serial:/home/joe/vt/autonav/isaac_ros-dev/install/py_srvcli:/home/joe/vt/autonav/isaac_ros-dev/install/py_pubsub:/home/joe/vt/autonav/isaac_ros-dev/install/isaac_ros_test:/home/joe/vt/autonav/isaac_ros-dev/install/isaac_ros_launch_utils:/opt/ros/humble /usr/bin/cmake --install /home/joe/vt/autonav/build/autonav_sim
