[0.019s] Invoking command in '/home/vtcro/ros2_ws/build/zed_tutorial_depth': CMAKE_PREFIX_PATH=${CMAKE_PREFIX_PATH}:/opt/ros/humble /usr/bin/cmake /home/vtcro/ros2_ws/src/zed-ros2-examples/tutorials/zed_depth_tutorial -DCMAKE_INSTALL_PREFIX=/home/vtcro/ros2_ws/install/zed_tutorial_depth
[0.050s] -- The C compiler identification is GNU 11.4.0
[0.096s] -- The CXX compiler identification is GNU 11.4.0
[0.104s] -- Detecting C compiler ABI info
[0.163s] -- Detecting C compiler ABI info - done
[0.172s] -- Check for working C compiler: /usr/bin/cc - skipped
[0.172s] -- Detecting C compile features
[0.172s] -- Detecting C compile features - done
[0.175s] -- Detecting CXX compiler ABI info
[0.247s] -- Detecting CXX compiler ABI info - done
[0.255s] -- Check for working CXX compiler: /usr/bin/c++ - skipped
[0.255s] -- Detecting CXX compile features
[0.255s] -- Detecting CXX compile features - done
[0.258s] -- Found ament_cmake_auto: 1.3.10 (/opt/ros/humble/share/ament_cmake_auto/cmake)
[0.371s] -- Found Python3: /usr/bin/python3 (found version "3.10.12") found components: Interpreter 
[0.488s] -- Found rosidl_generator_c: 3.1.5 (/opt/ros/humble/share/rosidl_generator_c/cmake)
[0.491s] -- Found rosidl_adapter: 3.1.5 (/opt/ros/humble/share/rosidl_adapter/cmake)
[0.495s] -- Found rosidl_generator_cpp: 3.1.5 (/opt/ros/humble/share/rosidl_generator_cpp/cmake)
[0.502s] -- Using all available rosidl_typesupport_c: rosidl_typesupport_fastrtps_c;rosidl_typesupport_introspection_c
[0.512s] -- Using all available rosidl_typesupport_cpp: rosidl_typesupport_fastrtps_cpp;rosidl_typesupport_introspection_cpp
[0.537s] -- Found rmw_implementation_cmake: 6.1.2 (/opt/ros/humble/share/rmw_implementation_cmake/cmake)
[0.539s] -- Found rmw_fastrtps_cpp: 6.2.7 (/opt/ros/humble/share/rmw_fastrtps_cpp/cmake)
[0.596s] -- Found OpenSSL: /usr/lib/x86_64-linux-gnu/libcrypto.so (found version "3.0.2")  
[0.620s] -- Found FastRTPS: /opt/ros/humble/include  
[0.650s] -- Using RMW implementation 'rmw_fastrtps_cpp' as default
[0.658s] -- Looking for pthread.h
[0.713s] -- Looking for pthread.h - found
[0.714s] -- Performing Test CMAKE_HAVE_LIBC_PTHREAD
[0.771s] -- Performing Test CMAKE_HAVE_LIBC_PTHREAD - Success
[0.772s] -- Found Threads: TRUE  
[0.822s] -- Found ament_lint_auto: 0.12.11 (/opt/ros/humble/share/ament_lint_auto/cmake)
[0.838s] -- Added test 'copyright' to check source files copyright and LICENSE
[0.839s] -- Added test 'cppcheck' to perform static code analysis on C / C++ code
[0.840s] -- Configured cppcheck include dirs: 
[0.840s] -- Configured cppcheck exclude dirs and/or files: 
[0.841s] -- Added test 'cpplint' to check C / C++ code against the Google style
[0.841s] -- Configured cpplint exclude dirs and/or files: 
[0.841s] -- Added test 'lint_cmake' to check CMake code style
[0.842s] -- Added test 'uncrustify' to check C / C++ code style
[0.842s] -- Configured uncrustify additional arguments: 
[0.842s] -- Added test 'xmllint' to check XML markup files
[0.843s] -- Added test 'clang_format' to check C / C++ code style
[0.843s] -- Configuring done
[0.848s] -- Generating done
[0.849s] -- Build files have been written to: /home/vtcro/ros2_ws/build/zed_tutorial_depth
[0.856s] Invoked command in '/home/vtcro/ros2_ws/build/zed_tutorial_depth' returned '0': CMAKE_PREFIX_PATH=${CMAKE_PREFIX_PATH}:/opt/ros/humble /usr/bin/cmake /home/vtcro/ros2_ws/src/zed-ros2-examples/tutorials/zed_depth_tutorial -DCMAKE_INSTALL_PREFIX=/home/vtcro/ros2_ws/install/zed_tutorial_depth
[0.857s] Invoking command in '/home/vtcro/ros2_ws/build/zed_tutorial_depth': CMAKE_PREFIX_PATH=${CMAKE_PREFIX_PATH}:/opt/ros/humble /usr/bin/cmake --build /home/vtcro/ros2_ws/build/zed_tutorial_depth -- -j16 -l16
[0.898s] [ 50%] [32mBuilding CXX object CMakeFiles/zed_tutorial_depth.dir/src/zed_depth_sub_tutorial.cpp.o[0m
[9.150s] [100%] [32m[1mLinking CXX executable zed_tutorial_depth[0m
[9.286s] [100%] Built target zed_tutorial_depth
[9.297s] Invoked command in '/home/vtcro/ros2_ws/build/zed_tutorial_depth' returned '0': CMAKE_PREFIX_PATH=${CMAKE_PREFIX_PATH}:/opt/ros/humble /usr/bin/cmake --build /home/vtcro/ros2_ws/build/zed_tutorial_depth -- -j16 -l16
[9.326s] Invoking command in '/home/vtcro/ros2_ws/build/zed_tutorial_depth': CMAKE_PREFIX_PATH=${CMAKE_PREFIX_PATH}:/opt/ros/humble /usr/bin/cmake --install /home/vtcro/ros2_ws/build/zed_tutorial_depth
[9.333s] -- Install configuration: "Release"
[9.333s] -- Installing: /home/vtcro/ros2_ws/install/zed_tutorial_depth/lib/zed_tutorial_depth/zed_tutorial_depth
[9.334s] -- Set runtime path of "/home/vtcro/ros2_ws/install/zed_tutorial_depth/lib/zed_tutorial_depth/zed_tutorial_depth" to ""
[9.334s] -- Installing: /home/vtcro/ros2_ws/install/zed_tutorial_depth/share/ament_index/resource_index/package_run_dependencies/zed_tutorial_depth
[9.335s] -- Installing: /home/vtcro/ros2_ws/install/zed_tutorial_depth/share/ament_index/resource_index/parent_prefix_path/zed_tutorial_depth
[9.335s] -- Installing: /home/vtcro/ros2_ws/install/zed_tutorial_depth/share/zed_tutorial_depth/environment/ament_prefix_path.sh
[9.335s] -- Installing: /home/vtcro/ros2_ws/install/zed_tutorial_depth/share/zed_tutorial_depth/environment/ament_prefix_path.dsv
[9.335s] -- Installing: /home/vtcro/ros2_ws/install/zed_tutorial_depth/share/zed_tutorial_depth/environment/path.sh
[9.335s] -- Installing: /home/vtcro/ros2_ws/install/zed_tutorial_depth/share/zed_tutorial_depth/environment/path.dsv
[9.335s] -- Installing: /home/vtcro/ros2_ws/install/zed_tutorial_depth/share/zed_tutorial_depth/local_setup.bash
[9.335s] -- Installing: /home/vtcro/ros2_ws/install/zed_tutorial_depth/share/zed_tutorial_depth/local_setup.sh
[9.336s] -- Installing: /home/vtcro/ros2_ws/install/zed_tutorial_depth/share/zed_tutorial_depth/local_setup.zsh
[9.336s] -- Installing: /home/vtcro/ros2_ws/install/zed_tutorial_depth/share/zed_tutorial_depth/local_setup.dsv
[9.336s] -- Installing: /home/vtcro/ros2_ws/install/zed_tutorial_depth/share/zed_tutorial_depth/package.dsv
[9.336s] -- Installing: /home/vtcro/ros2_ws/install/zed_tutorial_depth/share/ament_index/resource_index/packages/zed_tutorial_depth
[9.336s] -- Installing: /home/vtcro/ros2_ws/install/zed_tutorial_depth/share/zed_tutorial_depth/cmake/zed_tutorial_depthConfig.cmake
[9.336s] -- Installing: /home/vtcro/ros2_ws/install/zed_tutorial_depth/share/zed_tutorial_depth/cmake/zed_tutorial_depthConfig-version.cmake
[9.336s] -- Installing: /home/vtcro/ros2_ws/install/zed_tutorial_depth/share/zed_tutorial_depth/package.xml
[9.339s] Invoked command in '/home/vtcro/ros2_ws/build/zed_tutorial_depth' returned '0': CMAKE_PREFIX_PATH=${CMAKE_PREFIX_PATH}:/opt/ros/humble /usr/bin/cmake --install /home/vtcro/ros2_ws/build/zed_tutorial_depth
