[0.011s] Invoking command in '/home/vtcro/ros2_ws/build/zed_rgb_convert': CMAKE_PREFIX_PATH=/home/vtcro/ros2_ws/install/zed_components:/home/vtcro/ros2_ws/install/zed_interfaces:/home/vtcro/ros2_ws/install/zed_ros2:/home/vtcro/ros2_ws/install/zed_robot_integration:/home/vtcro/ros2_ws/install/zed_multi_camera:/home/vtcro/ros2_ws/install/zed_display_rviz2:/home/vtcro/ros2_ws/install/zed_depth_to_laserscan:/home/vtcro/ros2_ws/install/zed_wrapper:/home/vtcro/ros2_ws/install/zed_tutorial_video:/home/vtcro/ros2_ws/install/zed_tutorial_depth:/home/vtcro/ros2_ws/install/zed_topic_benchmark_interfaces:/opt/ros/humble LD_LIBRARY_PATH=/home/vtcro/ros2_ws/install/zed_components/lib:/home/vtcro/ros2_ws/install/zed_interfaces/lib:/opt/ros/humble/opt/rviz_ogre_vendor/lib:/opt/ros/humble/lib/x86_64-linux-gnu:/opt/ros/humble/lib:/usr/local/cuda-12.1/lib64:/usr/local/cuda-12.1/lib64:/usr/local/cuda-12/lib64:/usr/local/cuda-12/lib64:/home/vtcro/ros2_ws/install/zed_topic_benchmark_interfaces/lib:/home/vtcro/ros2_ws/install/zed_aruco_localization/lib /usr/bin/cmake --build /home/vtcro/ros2_ws/build/zed_rgb_convert -- -j16 -l16
[0.047s] [35m[1mConsolidate compiler generated dependencies of target zed_rgb_convert_component[0m
[0.061s] [ 50%] Built target zed_rgb_convert_component
[0.069s] [35m[1mConsolidate compiler generated dependencies of target zed_rgb_convert[0m
[0.083s] [100%] Built target zed_rgb_convert
[0.092s] Invoked command in '/home/vtcro/ros2_ws/build/zed_rgb_convert' returned '0': CMAKE_PREFIX_PATH=/home/vtcro/ros2_ws/install/zed_components:/home/vtcro/ros2_ws/install/zed_interfaces:/home/vtcro/ros2_ws/install/zed_ros2:/home/vtcro/ros2_ws/install/zed_robot_integration:/home/vtcro/ros2_ws/install/zed_multi_camera:/home/vtcro/ros2_ws/install/zed_display_rviz2:/home/vtcro/ros2_ws/install/zed_depth_to_laserscan:/home/vtcro/ros2_ws/install/zed_wrapper:/home/vtcro/ros2_ws/install/zed_tutorial_video:/home/vtcro/ros2_ws/install/zed_tutorial_depth:/home/vtcro/ros2_ws/install/zed_topic_benchmark_interfaces:/opt/ros/humble LD_LIBRARY_PATH=/home/vtcro/ros2_ws/install/zed_components/lib:/home/vtcro/ros2_ws/install/zed_interfaces/lib:/opt/ros/humble/opt/rviz_ogre_vendor/lib:/opt/ros/humble/lib/x86_64-linux-gnu:/opt/ros/humble/lib:/usr/local/cuda-12.1/lib64:/usr/local/cuda-12.1/lib64:/usr/local/cuda-12/lib64:/usr/local/cuda-12/lib64:/home/vtcro/ros2_ws/install/zed_topic_benchmark_interfaces/lib:/home/vtcro/ros2_ws/install/zed_aruco_localization/lib /usr/bin/cmake --build /home/vtcro/ros2_ws/build/zed_rgb_convert -- -j16 -l16
[0.117s] Invoking command in '/home/vtcro/ros2_ws/build/zed_rgb_convert': CMAKE_PREFIX_PATH=/home/vtcro/ros2_ws/install/zed_components:/home/vtcro/ros2_ws/install/zed_interfaces:/home/vtcro/ros2_ws/install/zed_ros2:/home/vtcro/ros2_ws/install/zed_robot_integration:/home/vtcro/ros2_ws/install/zed_multi_camera:/home/vtcro/ros2_ws/install/zed_display_rviz2:/home/vtcro/ros2_ws/install/zed_depth_to_laserscan:/home/vtcro/ros2_ws/install/zed_wrapper:/home/vtcro/ros2_ws/install/zed_tutorial_video:/home/vtcro/ros2_ws/install/zed_tutorial_depth:/home/vtcro/ros2_ws/install/zed_topic_benchmark_interfaces:/opt/ros/humble LD_LIBRARY_PATH=/home/vtcro/ros2_ws/install/zed_components/lib:/home/vtcro/ros2_ws/install/zed_interfaces/lib:/opt/ros/humble/opt/rviz_ogre_vendor/lib:/opt/ros/humble/lib/x86_64-linux-gnu:/opt/ros/humble/lib:/usr/local/cuda-12.1/lib64:/usr/local/cuda-12.1/lib64:/usr/local/cuda-12/lib64:/usr/local/cuda-12/lib64:/home/vtcro/ros2_ws/install/zed_topic_benchmark_interfaces/lib:/home/vtcro/ros2_ws/install/zed_aruco_localization/lib /usr/bin/cmake --install /home/vtcro/ros2_ws/build/zed_rgb_convert
[0.122s] -- Install configuration: "Release"
[0.122s] -- Installing: /home/vtcro/ros2_ws/install/zed_rgb_convert/lib/zed_rgb_convert/zed_rgb_convert
[0.122s] -- Set runtime path of "/home/vtcro/ros2_ws/install/zed_rgb_convert/lib/zed_rgb_convert/zed_rgb_convert" to ""
[0.122s] -- Installing: /home/vtcro/ros2_ws/install/zed_rgb_convert/lib/libzed_rgb_convert_component.so
[0.123s] -- Set runtime path of "/home/vtcro/ros2_ws/install/zed_rgb_convert/lib/libzed_rgb_convert_component.so" to ""
[0.123s] -- Installing: /home/vtcro/ros2_ws/install/zed_rgb_convert/include/zed_rgb_convert/
[0.123s] -- Installing: /home/vtcro/ros2_ws/install/zed_rgb_convert/include/zed_rgb_convert//cvt_visibility_control.hpp
[0.123s] -- Installing: /home/vtcro/ros2_ws/install/zed_rgb_convert/share/zed_rgb_convert/launch
[0.123s] -- Installing: /home/vtcro/ros2_ws/install/zed_rgb_convert/share/zed_rgb_convert/launch/zed_rgb_convert.launch.py
[0.123s] -- Installing: /home/vtcro/ros2_ws/install/zed_rgb_convert/share/zed_rgb_convert/environment/library_path.sh
[0.124s] -- Installing: /home/vtcro/ros2_ws/install/zed_rgb_convert/share/zed_rgb_convert/environment/library_path.dsv
[0.124s] -- Installing: /home/vtcro/ros2_ws/install/zed_rgb_convert/share/ament_index/resource_index/package_run_dependencies/zed_rgb_convert
[0.124s] -- Installing: /home/vtcro/ros2_ws/install/zed_rgb_convert/share/ament_index/resource_index/parent_prefix_path/zed_rgb_convert
[0.124s] -- Installing: /home/vtcro/ros2_ws/install/zed_rgb_convert/share/zed_rgb_convert/environment/ament_prefix_path.sh
[0.124s] -- Installing: /home/vtcro/ros2_ws/install/zed_rgb_convert/share/zed_rgb_convert/environment/ament_prefix_path.dsv
[0.124s] -- Installing: /home/vtcro/ros2_ws/install/zed_rgb_convert/share/zed_rgb_convert/environment/path.sh
[0.124s] -- Installing: /home/vtcro/ros2_ws/install/zed_rgb_convert/share/zed_rgb_convert/environment/path.dsv
[0.124s] -- Installing: /home/vtcro/ros2_ws/install/zed_rgb_convert/share/zed_rgb_convert/local_setup.bash
[0.124s] -- Installing: /home/vtcro/ros2_ws/install/zed_rgb_convert/share/zed_rgb_convert/local_setup.sh
[0.125s] -- Installing: /home/vtcro/ros2_ws/install/zed_rgb_convert/share/zed_rgb_convert/local_setup.zsh
[0.125s] -- Installing: /home/vtcro/ros2_ws/install/zed_rgb_convert/share/zed_rgb_convert/local_setup.dsv
[0.125s] -- Installing: /home/vtcro/ros2_ws/install/zed_rgb_convert/share/zed_rgb_convert/package.dsv
[0.126s] -- Installing: /home/vtcro/ros2_ws/install/zed_rgb_convert/share/ament_index/resource_index/packages/zed_rgb_convert
[0.126s] -- Installing: /home/vtcro/ros2_ws/install/zed_rgb_convert/share/ament_index/resource_index/rclcpp_components/zed_rgb_convert
[0.126s] -- Installing: /home/vtcro/ros2_ws/install/zed_rgb_convert/share/zed_rgb_convert/cmake/ament_cmake_export_include_directories-extras.cmake
[0.126s] -- Installing: /home/vtcro/ros2_ws/install/zed_rgb_convert/share/zed_rgb_convert/cmake/ament_cmake_export_libraries-extras.cmake
[0.126s] -- Installing: /home/vtcro/ros2_ws/install/zed_rgb_convert/share/zed_rgb_convert/cmake/ament_cmake_export_dependencies-extras.cmake
[0.126s] -- Installing: /home/vtcro/ros2_ws/install/zed_rgb_convert/share/zed_rgb_convert/cmake/zed_rgb_convertConfig.cmake
[0.126s] -- Installing: /home/vtcro/ros2_ws/install/zed_rgb_convert/share/zed_rgb_convert/cmake/zed_rgb_convertConfig-version.cmake
[0.126s] -- Installing: /home/vtcro/ros2_ws/install/zed_rgb_convert/share/zed_rgb_convert/package.xml
[0.145s] Invoked command in '/home/vtcro/ros2_ws/build/zed_rgb_convert' returned '0': CMAKE_PREFIX_PATH=/home/vtcro/ros2_ws/install/zed_components:/home/vtcro/ros2_ws/install/zed_interfaces:/home/vtcro/ros2_ws/install/zed_ros2:/home/vtcro/ros2_ws/install/zed_robot_integration:/home/vtcro/ros2_ws/install/zed_multi_camera:/home/vtcro/ros2_ws/install/zed_display_rviz2:/home/vtcro/ros2_ws/install/zed_depth_to_laserscan:/home/vtcro/ros2_ws/install/zed_wrapper:/home/vtcro/ros2_ws/install/zed_tutorial_video:/home/vtcro/ros2_ws/install/zed_tutorial_depth:/home/vtcro/ros2_ws/install/zed_topic_benchmark_interfaces:/opt/ros/humble LD_LIBRARY_PATH=/home/vtcro/ros2_ws/install/zed_components/lib:/home/vtcro/ros2_ws/install/zed_interfaces/lib:/opt/ros/humble/opt/rviz_ogre_vendor/lib:/opt/ros/humble/lib/x86_64-linux-gnu:/opt/ros/humble/lib:/usr/local/cuda-12.1/lib64:/usr/local/cuda-12.1/lib64:/usr/local/cuda-12/lib64:/usr/local/cuda-12/lib64:/home/vtcro/ros2_ws/install/zed_topic_benchmark_interfaces/lib:/home/vtcro/ros2_ws/install/zed_aruco_localization/lib /usr/bin/cmake --install /home/vtcro/ros2_ws/build/zed_rgb_convert
