[0.076s] DEBUG:colcon:Command line arguments: ['/home/vtcro/.local/bin/colcon', 'build', '--packages-select', 'preprocessor']
[0.076s] DEBUG:colcon:Parsed command line arguments: Namespace(log_base=None, log_level=None, verb_name='build', build_base='build', install_base='install', merge_install=False, symlink_install=False, test_result_base=None, continue_on_error=False, executor='parallel', parallel_workers=16, event_handlers=None, ignore_user_meta=False, metas=['./colcon.meta'], base_paths=['.'], packages_ignore=None, packages_ignore_regex=None, paths=None, packages_up_to=None, packages_up_to_regex=None, packages_above=None, packages_above_and_dependencies=None, packages_above_depth=None, packages_select_by_dep=None, packages_skip_by_dep=None, packages_skip_up_to=None, packages_select_build_failed=False, packages_skip_build_finished=False, packages_select_test_failures=False, packages_skip_test_passed=False, packages_select=['preprocessor'], packages_skip=None, packages_select_regex=None, packages_skip_regex=None, packages_start=None, packages_end=None, cmake_args=None, cmake_target=None, cmake_target_skip_unavailable=False, cmake_clean_cache=False, cmake_clean_first=False, cmake_force_configure=False, ament_cmake_args=None, catkin_cmake_args=None, catkin_skip_building_tests=False, verb_parser=<colcon_defaults.argument_parser.defaults.DefaultArgumentsDecorator object at 0x7329548f9db0>, verb_extension=<colcon_core.verb.build.BuildVerb object at 0x7329549de920>, main=<bound method BuildVerb.main of <colcon_core.verb.build.BuildVerb object at 0x7329549de920>>)
[0.149s] Level 1:colcon.colcon_core.package_discovery:discover_packages(colcon_meta) check parameters
[0.149s] Level 1:colcon.colcon_core.package_discovery:discover_packages(recursive) check parameters
[0.149s] Level 1:colcon.colcon_core.package_discovery:discover_packages(ignore) check parameters
[0.149s] Level 1:colcon.colcon_core.package_discovery:discover_packages(path) check parameters
[0.149s] Level 1:colcon.colcon_core.package_discovery:discover_packages(colcon_meta) discover
[0.149s] Level 1:colcon.colcon_core.package_discovery:discover_packages(recursive) discover
[0.149s] INFO:colcon.colcon_core.package_discovery:Crawling recursively for packages in '/home/vtcro/ros2_ws/src/preprocessor'
[0.149s] Level 1:colcon.colcon_core.package_identification:_identify(.) by extensions ['ignore', 'ignore_ament_install']
[0.149s] Level 1:colcon.colcon_core.package_identification:_identify(.) by extension 'ignore'
[0.149s] Level 1:colcon.colcon_core.package_identification:_identify(.) by extension 'ignore_ament_install'
[0.149s] Level 1:colcon.colcon_core.package_identification:_identify(.) by extensions ['colcon_pkg']
[0.149s] Level 1:colcon.colcon_core.package_identification:_identify(.) by extension 'colcon_pkg'
[0.149s] Level 1:colcon.colcon_core.package_identification:_identify(.) by extensions ['colcon_meta']
[0.149s] Level 1:colcon.colcon_core.package_identification:_identify(.) by extension 'colcon_meta'
[0.149s] Level 1:colcon.colcon_core.package_identification:_identify(.) by extensions ['ros']
[0.149s] Level 1:colcon.colcon_core.package_identification:_identify(.) by extension 'ros'
[0.156s] DEBUG:colcon.colcon_core.package_identification:Package '.' with type 'ros.ament_cmake' and name 'preprocessor'
[0.157s] Level 1:colcon.colcon_core.package_discovery:discover_packages(recursive) using defaults
[0.157s] Level 1:colcon.colcon_core.package_discovery:discover_packages(ignore) discover
[0.157s] Level 1:colcon.colcon_core.package_discovery:discover_packages(ignore) using defaults
[0.157s] Level 1:colcon.colcon_core.package_discovery:discover_packages(path) discover
[0.157s] Level 1:colcon.colcon_core.package_discovery:discover_packages(path) using defaults
[0.168s] Level 5:colcon.colcon_core.verb:set package 'preprocessor' build argument 'cmake_args' from command line to 'None'
[0.168s] Level 5:colcon.colcon_core.verb:set package 'preprocessor' build argument 'cmake_target' from command line to 'None'
[0.168s] Level 5:colcon.colcon_core.verb:set package 'preprocessor' build argument 'cmake_target_skip_unavailable' from command line to 'False'
[0.168s] Level 5:colcon.colcon_core.verb:set package 'preprocessor' build argument 'cmake_clean_cache' from command line to 'False'
[0.168s] Level 5:colcon.colcon_core.verb:set package 'preprocessor' build argument 'cmake_clean_first' from command line to 'False'
[0.168s] Level 5:colcon.colcon_core.verb:set package 'preprocessor' build argument 'cmake_force_configure' from command line to 'False'
[0.168s] Level 5:colcon.colcon_core.verb:set package 'preprocessor' build argument 'ament_cmake_args' from command line to 'None'
[0.168s] Level 5:colcon.colcon_core.verb:set package 'preprocessor' build argument 'catkin_cmake_args' from command line to 'None'
[0.168s] Level 5:colcon.colcon_core.verb:set package 'preprocessor' build argument 'catkin_skip_building_tests' from command line to 'False'
[0.168s] DEBUG:colcon.colcon_core.verb:Building package 'preprocessor' with the following arguments: {'ament_cmake_args': None, 'build_base': '/home/vtcro/ros2_ws/src/preprocessor/build/preprocessor', 'catkin_cmake_args': None, 'catkin_skip_building_tests': False, 'cmake_args': None, 'cmake_clean_cache': False, 'cmake_clean_first': False, 'cmake_force_configure': False, 'cmake_target': None, 'cmake_target_skip_unavailable': False, 'install_base': '/home/vtcro/ros2_ws/src/preprocessor/install/preprocessor', 'merge_install': False, 'path': '/home/vtcro/ros2_ws/src/preprocessor', 'symlink_install': False, 'test_result_base': None}
[0.168s] INFO:colcon.colcon_core.executor:Executing jobs using 'parallel' executor
[0.169s] DEBUG:colcon.colcon_parallel_executor.executor.parallel:run_until_complete
[0.169s] INFO:colcon.colcon_ros.task.ament_cmake.build:Building ROS package in '/home/vtcro/ros2_ws/src/preprocessor' with build type 'ament_cmake'
[0.169s] INFO:colcon.colcon_cmake.task.cmake.build:Building CMake package in '/home/vtcro/ros2_ws/src/preprocessor'
[0.170s] INFO:colcon.colcon_core.plugin_system:Skipping extension 'colcon_core.shell.bat': Not used on non-Windows systems
[0.170s] INFO:colcon.colcon_core.shell:Skip shell extension 'powershell' for command environment: Not usable outside of PowerShell
[0.170s] DEBUG:colcon.colcon_core.shell:Skip shell extension 'dsv' for command environment
[0.177s] DEBUG:colcon.colcon_core.event_handler.log_command:Invoking command in '/home/vtcro/ros2_ws/src/preprocessor/build/preprocessor': CMAKE_PREFIX_PATH=${CMAKE_PREFIX_PATH}:/opt/ros/humble /usr/bin/cmake /home/vtcro/ros2_ws/src/preprocessor -DCMAKE_INSTALL_PREFIX=/home/vtcro/ros2_ws/src/preprocessor/install/preprocessor
[0.504s] DEBUG:colcon.colcon_core.event_handler.log_command:Invoked command in '/home/vtcro/ros2_ws/src/preprocessor/build/preprocessor' returned '0': CMAKE_PREFIX_PATH=${CMAKE_PREFIX_PATH}:/opt/ros/humble /usr/bin/cmake /home/vtcro/ros2_ws/src/preprocessor -DCMAKE_INSTALL_PREFIX=/home/vtcro/ros2_ws/src/preprocessor/install/preprocessor
[0.506s] DEBUG:colcon.colcon_core.event_handler.log_command:Invoking command in '/home/vtcro/ros2_ws/src/preprocessor/build/preprocessor': CMAKE_PREFIX_PATH=${CMAKE_PREFIX_PATH}:/opt/ros/humble /usr/bin/cmake --build /home/vtcro/ros2_ws/src/preprocessor/build/preprocessor -- -j16 -l16
[5.915s] DEBUG:colcon.colcon_core.event_handler.log_command:Invoked command in '/home/vtcro/ros2_ws/src/preprocessor/build/preprocessor' returned '0': CMAKE_PREFIX_PATH=${CMAKE_PREFIX_PATH}:/opt/ros/humble /usr/bin/cmake --build /home/vtcro/ros2_ws/src/preprocessor/build/preprocessor -- -j16 -l16
[5.951s] DEBUG:colcon.colcon_core.event_handler.log_command:Invoking command in '/home/vtcro/ros2_ws/src/preprocessor/build/preprocessor': CMAKE_PREFIX_PATH=${CMAKE_PREFIX_PATH}:/opt/ros/humble /usr/bin/cmake --install /home/vtcro/ros2_ws/src/preprocessor/build/preprocessor
[5.966s] Level 1:colcon.colcon_core.environment:create_environment_scripts_only(preprocessor)
[5.966s] DEBUG:colcon.colcon_core.event_handler.log_command:Invoked command in '/home/vtcro/ros2_ws/src/preprocessor/build/preprocessor' returned '0': CMAKE_PREFIX_PATH=${CMAKE_PREFIX_PATH}:/opt/ros/humble /usr/bin/cmake --install /home/vtcro/ros2_ws/src/preprocessor/build/preprocessor
[5.967s] Level 1:colcon.colcon_core.environment:checking '/home/vtcro/ros2_ws/src/preprocessor/install/preprocessor' for CMake module files
[5.968s] Level 1:colcon.colcon_core.environment:checking '/home/vtcro/ros2_ws/src/preprocessor/install/preprocessor' for CMake config files
[5.968s] Level 1:colcon.colcon_core.shell:create_environment_hook('preprocessor', 'cmake_prefix_path')
[5.968s] INFO:colcon.colcon_core.shell:Creating environment hook '/home/vtcro/ros2_ws/src/preprocessor/install/preprocessor/share/preprocessor/hook/cmake_prefix_path.ps1'
[5.968s] INFO:colcon.colcon_core.shell:Creating environment descriptor '/home/vtcro/ros2_ws/src/preprocessor/install/preprocessor/share/preprocessor/hook/cmake_prefix_path.dsv'
[5.968s] INFO:colcon.colcon_core.shell:Creating environment hook '/home/vtcro/ros2_ws/src/preprocessor/install/preprocessor/share/preprocessor/hook/cmake_prefix_path.sh'
[5.969s] Level 1:colcon.colcon_core.environment:checking '/home/vtcro/ros2_ws/src/preprocessor/install/preprocessor/lib'
[5.969s] Level 1:colcon.colcon_core.environment:checking '/home/vtcro/ros2_ws/src/preprocessor/install/preprocessor/bin'
[5.969s] Level 1:colcon.colcon_core.environment:checking '/home/vtcro/ros2_ws/src/preprocessor/install/preprocessor/lib/pkgconfig/preprocessor.pc'
[5.970s] Level 1:colcon.colcon_core.environment:checking '/home/vtcro/ros2_ws/src/preprocessor/install/preprocessor/lib/python3.10/site-packages'
[5.970s] Level 1:colcon.colcon_core.environment:checking '/home/vtcro/ros2_ws/src/preprocessor/install/preprocessor/bin'
[5.970s] INFO:colcon.colcon_core.shell:Creating package script '/home/vtcro/ros2_ws/src/preprocessor/install/preprocessor/share/preprocessor/package.ps1'
[5.971s] INFO:colcon.colcon_core.shell:Creating package descriptor '/home/vtcro/ros2_ws/src/preprocessor/install/preprocessor/share/preprocessor/package.dsv'
[5.971s] INFO:colcon.colcon_core.shell:Creating package script '/home/vtcro/ros2_ws/src/preprocessor/install/preprocessor/share/preprocessor/package.sh'
[5.971s] INFO:colcon.colcon_core.shell:Creating package script '/home/vtcro/ros2_ws/src/preprocessor/install/preprocessor/share/preprocessor/package.bash'
[5.972s] INFO:colcon.colcon_core.shell:Creating package script '/home/vtcro/ros2_ws/src/preprocessor/install/preprocessor/share/preprocessor/package.zsh'
[5.972s] Level 1:colcon.colcon_core.environment:create_file_with_runtime_dependencies(/home/vtcro/ros2_ws/src/preprocessor/install/preprocessor/share/colcon-core/packages/preprocessor)
[5.994s] Level 1:colcon.colcon_core.environment:create_environment_scripts_only(preprocessor)
[5.994s] Level 1:colcon.colcon_core.environment:checking '/home/vtcro/ros2_ws/src/preprocessor/install/preprocessor' for CMake module files
[5.995s] Level 1:colcon.colcon_core.environment:checking '/home/vtcro/ros2_ws/src/preprocessor/install/preprocessor' for CMake config files
[5.995s] Level 1:colcon.colcon_core.shell:create_environment_hook('preprocessor', 'cmake_prefix_path')
[5.995s] INFO:colcon.colcon_core.shell:Creating environment hook '/home/vtcro/ros2_ws/src/preprocessor/install/preprocessor/share/preprocessor/hook/cmake_prefix_path.ps1'
[5.995s] INFO:colcon.colcon_core.shell:Creating environment descriptor '/home/vtcro/ros2_ws/src/preprocessor/install/preprocessor/share/preprocessor/hook/cmake_prefix_path.dsv'
[5.995s] INFO:colcon.colcon_core.shell:Creating environment hook '/home/vtcro/ros2_ws/src/preprocessor/install/preprocessor/share/preprocessor/hook/cmake_prefix_path.sh'
[5.995s] Level 1:colcon.colcon_core.environment:checking '/home/vtcro/ros2_ws/src/preprocessor/install/preprocessor/lib'
[5.996s] Level 1:colcon.colcon_core.environment:checking '/home/vtcro/ros2_ws/src/preprocessor/install/preprocessor/bin'
[5.996s] Level 1:colcon.colcon_core.environment:checking '/home/vtcro/ros2_ws/src/preprocessor/install/preprocessor/lib/pkgconfig/preprocessor.pc'
[5.996s] Level 1:colcon.colcon_core.environment:checking '/home/vtcro/ros2_ws/src/preprocessor/install/preprocessor/lib/python3.10/site-packages'
[5.996s] Level 1:colcon.colcon_core.environment:checking '/home/vtcro/ros2_ws/src/preprocessor/install/preprocessor/bin'
[5.996s] INFO:colcon.colcon_core.shell:Creating package script '/home/vtcro/ros2_ws/src/preprocessor/install/preprocessor/share/preprocessor/package.ps1'
[5.996s] INFO:colcon.colcon_core.shell:Creating package descriptor '/home/vtcro/ros2_ws/src/preprocessor/install/preprocessor/share/preprocessor/package.dsv'
[5.996s] INFO:colcon.colcon_core.shell:Creating package script '/home/vtcro/ros2_ws/src/preprocessor/install/preprocessor/share/preprocessor/package.sh'
[5.997s] INFO:colcon.colcon_core.shell:Creating package script '/home/vtcro/ros2_ws/src/preprocessor/install/preprocessor/share/preprocessor/package.bash'
[5.997s] INFO:colcon.colcon_core.shell:Creating package script '/home/vtcro/ros2_ws/src/preprocessor/install/preprocessor/share/preprocessor/package.zsh'
[5.997s] Level 1:colcon.colcon_core.environment:create_file_with_runtime_dependencies(/home/vtcro/ros2_ws/src/preprocessor/install/preprocessor/share/colcon-core/packages/preprocessor)
[5.997s] DEBUG:colcon.colcon_parallel_executor.executor.parallel:closing loop
[5.997s] DEBUG:colcon.colcon_parallel_executor.executor.parallel:loop closed
[5.997s] DEBUG:colcon.colcon_parallel_executor.executor.parallel:run_until_complete finished with '0'
[5.997s] DEBUG:colcon.colcon_core.event_reactor:joining thread
[6.001s] INFO:colcon.colcon_core.plugin_system:Skipping extension 'colcon_notification.desktop_notification.terminal_notifier': Not used on non-Darwin systems
[6.001s] INFO:colcon.colcon_core.plugin_system:Skipping extension 'colcon_notification.desktop_notification.win32': Not used on non-Windows systems
[6.001s] INFO:colcon.colcon_notification.desktop_notification:Sending desktop notification using 'notify2'
[6.011s] DEBUG:colcon.colcon_core.event_reactor:joined thread
[6.012s] INFO:colcon.colcon_core.shell:Creating prefix script '/home/vtcro/ros2_ws/src/preprocessor/install/local_setup.ps1'
[6.012s] INFO:colcon.colcon_core.shell:Creating prefix util module '/home/vtcro/ros2_ws/src/preprocessor/install/_local_setup_util_ps1.py'
[6.013s] INFO:colcon.colcon_core.shell:Creating prefix chain script '/home/vtcro/ros2_ws/src/preprocessor/install/setup.ps1'
[6.014s] INFO:colcon.colcon_core.shell:Creating prefix script '/home/vtcro/ros2_ws/src/preprocessor/install/local_setup.sh'
[6.014s] INFO:colcon.colcon_core.shell:Creating prefix util module '/home/vtcro/ros2_ws/src/preprocessor/install/_local_setup_util_sh.py'
[6.014s] INFO:colcon.colcon_core.shell:Creating prefix chain script '/home/vtcro/ros2_ws/src/preprocessor/install/setup.sh'
[6.015s] INFO:colcon.colcon_core.shell:Creating prefix script '/home/vtcro/ros2_ws/src/preprocessor/install/local_setup.bash'
[6.016s] INFO:colcon.colcon_core.shell:Creating prefix chain script '/home/vtcro/ros2_ws/src/preprocessor/install/setup.bash'
[6.016s] INFO:colcon.colcon_core.shell:Creating prefix script '/home/vtcro/ros2_ws/src/preprocessor/install/local_setup.zsh'
[6.016s] INFO:colcon.colcon_core.shell:Creating prefix chain script '/home/vtcro/ros2_ws/src/preprocessor/install/setup.zsh'
