[0.024s] Invoking command in '/home/vtcro/ros2_ws/build/zed_robot_integration': CMAKE_PREFIX_PATH=/home/vtcro/ros2_ws/install/zed_wrapper:/home/vtcro/ros2_ws/install/zed_components:/home/vtcro/ros2_ws/install/zed_interfaces:/home/vtcro/ros2_ws/install/zed_ros2:/opt/ros/humble LD_LIBRARY_PATH=/home/vtcro/ros2_ws/install/zed_components/lib:/home/vtcro/ros2_ws/install/zed_interfaces/lib:/usr/local/cuda-12/lib64:/opt/ros/humble/opt/rviz_ogre_vendor/lib:/opt/ros/humble/lib/x86_64-linux-gnu:/opt/ros/humble/lib:/usr/local/cuda-12/lib64 /usr/bin/cmake /home/vtcro/ros2_ws/src/zed-ros2-examples/tutorials/zed_robot_integration -DCMAKE_INSTALL_PREFIX=/home/vtcro/ros2_ws/install/zed_robot_integration
[0.099s] -- The C compiler identification is GNU 11.4.0
[0.158s] -- The CXX compiler identification is GNU 11.4.0
[0.168s] -- Detecting C compiler ABI info
[0.240s] -- Detecting C compiler ABI info - done
[0.252s] -- Check for working C compiler: /usr/bin/cc - skipped
[0.252s] -- Detecting C compile features
[0.253s] -- Detecting C compile features - done
[0.257s] -- Detecting CXX compiler ABI info
[0.360s] -- Detecting CXX compiler ABI info - done
[0.368s] -- Check for working CXX compiler: /usr/bin/c++ - skipped
[0.368s] -- Detecting CXX compile features
[0.368s] -- Detecting CXX compile features - done
[0.370s] -- Found ament_cmake: 1.3.10 (/opt/ros/humble/share/ament_cmake/cmake)
[0.569s] -- Found Python3: /usr/bin/python3 (found version "3.10.12") found components: Interpreter 
[0.788s] -- Configuring done
[0.789s] -- Generating done
[0.791s] -- Build files have been written to: /home/vtcro/ros2_ws/build/zed_robot_integration
[0.803s] Invoked command in '/home/vtcro/ros2_ws/build/zed_robot_integration' returned '0': CMAKE_PREFIX_PATH=/home/vtcro/ros2_ws/install/zed_wrapper:/home/vtcro/ros2_ws/install/zed_components:/home/vtcro/ros2_ws/install/zed_interfaces:/home/vtcro/ros2_ws/install/zed_ros2:/opt/ros/humble LD_LIBRARY_PATH=/home/vtcro/ros2_ws/install/zed_components/lib:/home/vtcro/ros2_ws/install/zed_interfaces/lib:/usr/local/cuda-12/lib64:/opt/ros/humble/opt/rviz_ogre_vendor/lib:/opt/ros/humble/lib/x86_64-linux-gnu:/opt/ros/humble/lib:/usr/local/cuda-12/lib64 /usr/bin/cmake /home/vtcro/ros2_ws/src/zed-ros2-examples/tutorials/zed_robot_integration -DCMAKE_INSTALL_PREFIX=/home/vtcro/ros2_ws/install/zed_robot_integration
[0.803s] Invoking command in '/home/vtcro/ros2_ws/build/zed_robot_integration': CMAKE_PREFIX_PATH=/home/vtcro/ros2_ws/install/zed_wrapper:/home/vtcro/ros2_ws/install/zed_components:/home/vtcro/ros2_ws/install/zed_interfaces:/home/vtcro/ros2_ws/install/zed_ros2:/opt/ros/humble LD_LIBRARY_PATH=/home/vtcro/ros2_ws/install/zed_components/lib:/home/vtcro/ros2_ws/install/zed_interfaces/lib:/usr/local/cuda-12/lib64:/opt/ros/humble/opt/rviz_ogre_vendor/lib:/opt/ros/humble/lib/x86_64-linux-gnu:/opt/ros/humble/lib:/usr/local/cuda-12/lib64 /usr/bin/cmake --build /home/vtcro/ros2_ws/build/zed_robot_integration -- -j16 -l16
[0.855s] Invoked command in '/home/vtcro/ros2_ws/build/zed_robot_integration' returned '0': CMAKE_PREFIX_PATH=/home/vtcro/ros2_ws/install/zed_wrapper:/home/vtcro/ros2_ws/install/zed_components:/home/vtcro/ros2_ws/install/zed_interfaces:/home/vtcro/ros2_ws/install/zed_ros2:/opt/ros/humble LD_LIBRARY_PATH=/home/vtcro/ros2_ws/install/zed_components/lib:/home/vtcro/ros2_ws/install/zed_interfaces/lib:/usr/local/cuda-12/lib64:/opt/ros/humble/opt/rviz_ogre_vendor/lib:/opt/ros/humble/lib/x86_64-linux-gnu:/opt/ros/humble/lib:/usr/local/cuda-12/lib64 /usr/bin/cmake --build /home/vtcro/ros2_ws/build/zed_robot_integration -- -j16 -l16
[0.909s] Invoking command in '/home/vtcro/ros2_ws/build/zed_robot_integration': CMAKE_PREFIX_PATH=/home/vtcro/ros2_ws/install/zed_wrapper:/home/vtcro/ros2_ws/install/zed_components:/home/vtcro/ros2_ws/install/zed_interfaces:/home/vtcro/ros2_ws/install/zed_ros2:/opt/ros/humble LD_LIBRARY_PATH=/home/vtcro/ros2_ws/install/zed_components/lib:/home/vtcro/ros2_ws/install/zed_interfaces/lib:/usr/local/cuda-12/lib64:/opt/ros/humble/opt/rviz_ogre_vendor/lib:/opt/ros/humble/lib/x86_64-linux-gnu:/opt/ros/humble/lib:/usr/local/cuda-12/lib64 /usr/bin/cmake --install /home/vtcro/ros2_ws/build/zed_robot_integration
[0.918s] -- Install configuration: ""
[0.919s] -- Installing: /home/vtcro/ros2_ws/install/zed_robot_integration/share/zed_robot_integration//launch
[0.919s] -- Installing: /home/vtcro/ros2_ws/install/zed_robot_integration/share/zed_robot_integration//launch/view_mono_zed.launch.py
[0.921s] -- Installing: /home/vtcro/ros2_ws/install/zed_robot_integration/share/zed_robot_integration//launch/view_dual_zed.launch.py
[0.921s] -- Installing: /home/vtcro/ros2_ws/install/zed_robot_integration/share/zed_robot_integration//urdf
[0.922s] -- Installing: /home/vtcro/ros2_ws/install/zed_robot_integration/share/zed_robot_integration//urdf/zed_robot_mono.urdf.xacro
[0.922s] -- Installing: /home/vtcro/ros2_ws/install/zed_robot_integration/share/zed_robot_integration//urdf/zed_robot_dual.urdf.xacro
[0.922s] -- Installing: /home/vtcro/ros2_ws/install/zed_robot_integration/share/zed_robot_integration//rviz2
[0.922s] -- Installing: /home/vtcro/ros2_ws/install/zed_robot_integration/share/zed_robot_integration//rviz2/view_config.rviz
[0.922s] -- Installing: /home/vtcro/ros2_ws/install/zed_robot_integration/share/ament_index/resource_index/package_run_dependencies/zed_robot_integration
[0.922s] -- Installing: /home/vtcro/ros2_ws/install/zed_robot_integration/share/ament_index/resource_index/parent_prefix_path/zed_robot_integration
[0.922s] -- Installing: /home/vtcro/ros2_ws/install/zed_robot_integration/share/zed_robot_integration/environment/ament_prefix_path.sh
[0.922s] -- Installing: /home/vtcro/ros2_ws/install/zed_robot_integration/share/zed_robot_integration/environment/ament_prefix_path.dsv
[0.923s] -- Installing: /home/vtcro/ros2_ws/install/zed_robot_integration/share/zed_robot_integration/environment/path.sh
[0.923s] -- Installing: /home/vtcro/ros2_ws/install/zed_robot_integration/share/zed_robot_integration/environment/path.dsv
[0.923s] -- Installing: /home/vtcro/ros2_ws/install/zed_robot_integration/share/zed_robot_integration/local_setup.bash
[0.923s] -- Installing: /home/vtcro/ros2_ws/install/zed_robot_integration/share/zed_robot_integration/local_setup.sh
[0.923s] -- Installing: /home/vtcro/ros2_ws/install/zed_robot_integration/share/zed_robot_integration/local_setup.zsh
[0.924s] -- Installing: /home/vtcro/ros2_ws/install/zed_robot_integration/share/zed_robot_integration/local_setup.dsv
[0.924s] -- Installing: /home/vtcro/ros2_ws/install/zed_robot_integration/share/zed_robot_integration/package.dsv
[0.924s] -- Installing: /home/vtcro/ros2_ws/install/zed_robot_integration/share/ament_index/resource_index/packages/zed_robot_integration
[0.924s] -- Installing: /home/vtcro/ros2_ws/install/zed_robot_integration/share/zed_robot_integration/cmake/zed_robot_integrationConfig.cmake
[0.925s] -- Installing: /home/vtcro/ros2_ws/install/zed_robot_integration/share/zed_robot_integration/cmake/zed_robot_integrationConfig-version.cmake
[0.925s] -- Installing: /home/vtcro/ros2_ws/install/zed_robot_integration/share/zed_robot_integration/package.xml
[0.928s] Invoked command in '/home/vtcro/ros2_ws/build/zed_robot_integration' returned '0': CMAKE_PREFIX_PATH=/home/vtcro/ros2_ws/install/zed_wrapper:/home/vtcro/ros2_ws/install/zed_components:/home/vtcro/ros2_ws/install/zed_interfaces:/home/vtcro/ros2_ws/install/zed_ros2:/opt/ros/humble LD_LIBRARY_PATH=/home/vtcro/ros2_ws/install/zed_components/lib:/home/vtcro/ros2_ws/install/zed_interfaces/lib:/usr/local/cuda-12/lib64:/opt/ros/humble/opt/rviz_ogre_vendor/lib:/opt/ros/humble/lib/x86_64-linux-gnu:/opt/ros/humble/lib:/usr/local/cuda-12/lib64 /usr/bin/cmake --install /home/vtcro/ros2_ws/build/zed_robot_integration
