[0.022s] Invoking command in '/home/vtcro/ros2_ws/build/zed_ros2': CMAKE_PREFIX_PATH=/home/vtcro/ros2_ws/install/zed_wrapper:/home/vtcro/ros2_ws/install/zed_components:/home/vtcro/ros2_ws/install/zed_interfaces:/home/vtcro/ros2_ws/install/zed_ros2:/opt/ros/humble LD_LIBRARY_PATH=/home/vtcro/ros2_ws/install/zed_components/lib:/home/vtcro/ros2_ws/install/zed_interfaces/lib:/usr/local/cuda-12/lib64:/opt/ros/humble/opt/rviz_ogre_vendor/lib:/opt/ros/humble/lib/x86_64-linux-gnu:/opt/ros/humble/lib:/usr/local/cuda-12/lib64 /usr/bin/cmake --build /home/vtcro/ros2_ws/build/zed_ros2 -- -j16 -l16
[0.805s] Invoked command in '/home/vtcro/ros2_ws/build/zed_ros2' returned '0': CMAKE_PREFIX_PATH=/home/vtcro/ros2_ws/install/zed_wrapper:/home/vtcro/ros2_ws/install/zed_components:/home/vtcro/ros2_ws/install/zed_interfaces:/home/vtcro/ros2_ws/install/zed_ros2:/opt/ros/humble LD_LIBRARY_PATH=/home/vtcro/ros2_ws/install/zed_components/lib:/home/vtcro/ros2_ws/install/zed_interfaces/lib:/usr/local/cuda-12/lib64:/opt/ros/humble/opt/rviz_ogre_vendor/lib:/opt/ros/humble/lib/x86_64-linux-gnu:/opt/ros/humble/lib:/usr/local/cuda-12/lib64 /usr/bin/cmake --build /home/vtcro/ros2_ws/build/zed_ros2 -- -j16 -l16
[0.844s] Invoking command in '/home/vtcro/ros2_ws/build/zed_ros2': CMAKE_PREFIX_PATH=/home/vtcro/ros2_ws/install/zed_wrapper:/home/vtcro/ros2_ws/install/zed_components:/home/vtcro/ros2_ws/install/zed_interfaces:/home/vtcro/ros2_ws/install/zed_ros2:/opt/ros/humble LD_LIBRARY_PATH=/home/vtcro/ros2_ws/install/zed_components/lib:/home/vtcro/ros2_ws/install/zed_interfaces/lib:/usr/local/cuda-12/lib64:/opt/ros/humble/opt/rviz_ogre_vendor/lib:/opt/ros/humble/lib/x86_64-linux-gnu:/opt/ros/humble/lib:/usr/local/cuda-12/lib64 /usr/bin/cmake --install /home/vtcro/ros2_ws/build/zed_ros2
[0.868s] -- Install configuration: ""
[0.868s] -- Up-to-date: /home/vtcro/ros2_ws/install/zed_ros2/share/ament_index/resource_index/package_run_dependencies/zed_ros2
[0.869s] -- Up-to-date: /home/vtcro/ros2_ws/install/zed_ros2/share/ament_index/resource_index/parent_prefix_path/zed_ros2
[0.869s] -- Up-to-date: /home/vtcro/ros2_ws/install/zed_ros2/share/zed_ros2/environment/ament_prefix_path.sh
[0.869s] -- Up-to-date: /home/vtcro/ros2_ws/install/zed_ros2/share/zed_ros2/environment/ament_prefix_path.dsv
[0.869s] -- Up-to-date: /home/vtcro/ros2_ws/install/zed_ros2/share/zed_ros2/environment/path.sh
[0.869s] -- Up-to-date: /home/vtcro/ros2_ws/install/zed_ros2/share/zed_ros2/environment/path.dsv
[0.869s] -- Up-to-date: /home/vtcro/ros2_ws/install/zed_ros2/share/zed_ros2/local_setup.bash
[0.869s] -- Up-to-date: /home/vtcro/ros2_ws/install/zed_ros2/share/zed_ros2/local_setup.sh
[0.869s] -- Up-to-date: /home/vtcro/ros2_ws/install/zed_ros2/share/zed_ros2/local_setup.zsh
[0.869s] -- Up-to-date: /home/vtcro/ros2_ws/install/zed_ros2/share/zed_ros2/local_setup.dsv
[0.869s] -- Up-to-date: /home/vtcro/ros2_ws/install/zed_ros2/share/zed_ros2/package.dsv
[0.869s] -- Up-to-date: /home/vtcro/ros2_ws/install/zed_ros2/share/ament_index/resource_index/packages/zed_ros2
[0.870s] -- Up-to-date: /home/vtcro/ros2_ws/install/zed_ros2/share/zed_ros2/cmake/zed_ros2Config.cmake
[0.870s] -- Up-to-date: /home/vtcro/ros2_ws/install/zed_ros2/share/zed_ros2/cmake/zed_ros2Config-version.cmake
[0.875s] -- Up-to-date: /home/vtcro/ros2_ws/install/zed_ros2/share/zed_ros2/package.xml
[0.878s] Invoked command in '/home/vtcro/ros2_ws/build/zed_ros2' returned '0': CMAKE_PREFIX_PATH=/home/vtcro/ros2_ws/install/zed_wrapper:/home/vtcro/ros2_ws/install/zed_components:/home/vtcro/ros2_ws/install/zed_interfaces:/home/vtcro/ros2_ws/install/zed_ros2:/opt/ros/humble LD_LIBRARY_PATH=/home/vtcro/ros2_ws/install/zed_components/lib:/home/vtcro/ros2_ws/install/zed_interfaces/lib:/usr/local/cuda-12/lib64:/opt/ros/humble/opt/rviz_ogre_vendor/lib:/opt/ros/humble/lib/x86_64-linux-gnu:/opt/ros/humble/lib:/usr/local/cuda-12/lib64 /usr/bin/cmake --install /home/vtcro/ros2_ws/build/zed_ros2
