[0.005s] Invoking command in '/home/vtcro/ros2_ws/build/zed_components': CMAKE_PREFIX_PATH=${CMAKE_PREFIX_PATH}:/opt/ros/humble LD_LIBRARY_PATH=/home/vtcro/ros2_ws/install/zed_interfaces/lib:/opt/ros/humble/opt/rviz_ogre_vendor/lib:/opt/ros/humble/lib/x86_64-linux-gnu:/opt/ros/humble/lib:/usr/local/cuda-12/lib64 /usr/bin/cmake /home/vtcro/ros2_ws/src/zed-ros2-wrapper/zed_components -DCMAKE_INSTALL_PREFIX=/home/vtcro/ros2_ws/install/zed_components
[0.044s] -- The C compiler identification is GNU 11.4.0
[0.080s] -- The CXX compiler identification is GNU 11.4.0
[0.085s] -- Detecting C compiler ABI info
[0.140s] -- Detecting C compiler ABI info - done
[0.147s] -- Check for working C compiler: /usr/bin/cc - skipped
[0.147s] -- Detecting C compile features
[0.147s] -- Detecting C compile features - done
[0.149s] -- Detecting CXX compiler ABI info
[0.205s] -- Detecting CXX compiler ABI info - done
[0.213s] -- Check for working CXX compiler: /usr/bin/c++ - skipped
[0.213s] -- Detecting CXX compile features
[0.213s] -- Detecting CXX compile features - done
[0.217s] -- Looking for sgemm_
[0.277s] -- Looking for sgemm_ - not found
[0.278s] -- Looking for pthread.h
[0.334s] -- Looking for pthread.h - found
[0.334s] -- Performing Test CMAKE_HAVE_LIBC_PTHREAD
[0.389s] -- Performing Test CMAKE_HAVE_LIBC_PTHREAD - Success
[0.389s] -- Found Threads: TRUE  
[0.404s] -- Looking for sgemm_
[0.480s] -- Looking for sgemm_ - found
[0.480s] -- Found BLAS: /usr/lib/x86_64-linux-gnu/libopenblas.so  
[0.503s] -- Found CUDA: /usr/local/cuda-12 (found suitable version "12.6", minimum required is "12") 
[0.697s] -- Found CUDA: /usr/local/cuda-12 (found version "12.6") 
[0.698s] -- Found ament_cmake_auto: 1.3.10 (/opt/ros/humble/share/ament_cmake_auto/cmake)
[0.802s] -- Found Python3: /usr/bin/python3 (found version "3.10.12") found components: Interpreter 
[0.901s] -- Found rosidl_generator_c: 3.1.5 (/opt/ros/humble/share/rosidl_generator_c/cmake)
[0.904s] -- Found rosidl_adapter: 3.1.5 (/opt/ros/humble/share/rosidl_adapter/cmake)
[0.908s] -- Found rosidl_generator_cpp: 3.1.5 (/opt/ros/humble/share/rosidl_generator_cpp/cmake)
[0.914s] -- Using all available rosidl_typesupport_c: rosidl_typesupport_fastrtps_c;rosidl_typesupport_introspection_c
[0.922s] -- Using all available rosidl_typesupport_cpp: rosidl_typesupport_fastrtps_cpp;rosidl_typesupport_introspection_cpp
[0.989s] -- Found rmw_implementation_cmake: 6.1.2 (/opt/ros/humble/share/rmw_implementation_cmake/cmake)
[0.991s] -- Found rmw_fastrtps_cpp: 6.2.7 (/opt/ros/humble/share/rmw_fastrtps_cpp/cmake)
[1.068s] -- Found OpenSSL: /usr/lib/x86_64-linux-gnu/libcrypto.so (found version "3.0.2")  
[1.092s] -- Found FastRTPS: /opt/ros/humble/include  
[1.125s] -- Using RMW implementation 'rmw_fastrtps_cpp' as default
[1.320s] -- Found eigen3_cmake_module: 0.1.1 (/opt/ros/humble/share/eigen3_cmake_module/cmake)
[1.322s] -- Found Eigen3: TRUE (found version "3.4.0") 
[1.322s] -- Ensuring Eigen3 include directory is part of orocos-kdl CMake target
[1.408s] -- Found ament_lint_auto: 0.12.11 (/opt/ros/humble/share/ament_lint_auto/cmake)
[1.421s] -- Added test 'copyright' to check source files copyright and LICENSE
[1.422s] -- Added test 'cppcheck' to perform static code analysis on C / C++ code
[1.422s] -- Configured cppcheck include dirs: /home/vtcro/ros2_ws/src/zed-ros2-wrapper/zed_components/src/include;/home/vtcro/ros2_ws/src/zed-ros2-wrapper/zed_components/src/zed_camera/include;/home/vtcro/ros2_ws/src/zed-ros2-wrapper/zed_components/src/tools/include
[1.422s] -- Configured cppcheck exclude dirs and/or files: 
[1.422s] -- Added test 'lint_cmake' to check CMake code style
[1.423s] -- Added test 'uncrustify' to check C / C++ code style
[1.423s] -- Configured uncrustify additional arguments: 
[1.423s] -- Added test 'xmllint' to check XML markup files
[1.424s] -- Configuring done
[1.435s] -- Generating done
[1.436s] -- Build files have been written to: /home/vtcro/ros2_ws/build/zed_components
[1.444s] Invoked command in '/home/vtcro/ros2_ws/build/zed_components' returned '0': CMAKE_PREFIX_PATH=${CMAKE_PREFIX_PATH}:/opt/ros/humble LD_LIBRARY_PATH=/home/vtcro/ros2_ws/install/zed_interfaces/lib:/opt/ros/humble/opt/rviz_ogre_vendor/lib:/opt/ros/humble/lib/x86_64-linux-gnu:/opt/ros/humble/lib:/usr/local/cuda-12/lib64 /usr/bin/cmake /home/vtcro/ros2_ws/src/zed-ros2-wrapper/zed_components -DCMAKE_INSTALL_PREFIX=/home/vtcro/ros2_ws/install/zed_components
[1.444s] Invoking command in '/home/vtcro/ros2_ws/build/zed_components': CMAKE_PREFIX_PATH=${CMAKE_PREFIX_PATH}:/opt/ros/humble LD_LIBRARY_PATH=/home/vtcro/ros2_ws/install/zed_interfaces/lib:/opt/ros/humble/opt/rviz_ogre_vendor/lib:/opt/ros/humble/lib/x86_64-linux-gnu:/opt/ros/humble/lib:/usr/local/cuda-12/lib64 /usr/bin/cmake --build /home/vtcro/ros2_ws/build/zed_components -- -j16 -l16
[1.482s] [ 20%] [32mBuilding CXX object CMakeFiles/zed_camera_component.dir/src/tools/src/sl_tools.cpp.o[0m
[1.482s] [ 40%] [32mBuilding CXX object CMakeFiles/zed_camera_component.dir/src/tools/src/gnss_replay.cpp.o[0m
[1.483s] [ 60%] [32mBuilding CXX object CMakeFiles/zed_camera_component.dir/src/zed_camera/src/zed_camera_component.cpp.o[0m
[1.484s] [ 80%] [32mBuilding CXX object CMakeFiles/zed_camera_component.dir/src/tools/src/sl_win_avg.cpp.o[0m
[36.007s] [100%] [32m[1mLinking CXX shared library libzed_camera_component.so[0m
[36.388s] [100%] Built target zed_camera_component
[36.400s] Invoked command in '/home/vtcro/ros2_ws/build/zed_components' returned '0': CMAKE_PREFIX_PATH=${CMAKE_PREFIX_PATH}:/opt/ros/humble LD_LIBRARY_PATH=/home/vtcro/ros2_ws/install/zed_interfaces/lib:/opt/ros/humble/opt/rviz_ogre_vendor/lib:/opt/ros/humble/lib/x86_64-linux-gnu:/opt/ros/humble/lib:/usr/local/cuda-12/lib64 /usr/bin/cmake --build /home/vtcro/ros2_ws/build/zed_components -- -j16 -l16
[36.436s] Invoking command in '/home/vtcro/ros2_ws/build/zed_components': CMAKE_PREFIX_PATH=${CMAKE_PREFIX_PATH}:/opt/ros/humble LD_LIBRARY_PATH=/home/vtcro/ros2_ws/install/zed_interfaces/lib:/opt/ros/humble/opt/rviz_ogre_vendor/lib:/opt/ros/humble/lib/x86_64-linux-gnu:/opt/ros/humble/lib:/usr/local/cuda-12/lib64 /usr/bin/cmake --install /home/vtcro/ros2_ws/build/zed_components
[36.445s] -- Install configuration: "Release"
[36.445s] -- Installing: /home/vtcro/ros2_ws/install/zed_components/lib/libzed_camera_component.so
[36.449s] -- Set runtime path of "/home/vtcro/ros2_ws/install/zed_components/lib/libzed_camera_component.so" to ""
[36.449s] -- Installing: /home/vtcro/ros2_ws/install/zed_components/include/zed_components/
[36.449s] -- Installing: /home/vtcro/ros2_ws/install/zed_components/include/zed_components//sl_types.hpp
[36.449s] -- Installing: /home/vtcro/ros2_ws/install/zed_components/include/zed_components//zed_camera_component.hpp
[36.449s] -- Installing: /home/vtcro/ros2_ws/install/zed_components/include/zed_components//cost_traversability.hpp
[36.449s] -- Up-to-date: /home/vtcro/ros2_ws/install/zed_components/include/zed_components/
[36.449s] -- Installing: /home/vtcro/ros2_ws/install/zed_components/include/zed_components//sl_win_avg.hpp
[36.449s] -- Installing: /home/vtcro/ros2_ws/install/zed_components/include/zed_components//sl_logging.hpp
[36.449s] -- Installing: /home/vtcro/ros2_ws/install/zed_components/include/zed_components//json.hpp
[36.449s] -- Installing: /home/vtcro/ros2_ws/install/zed_components/include/zed_components//sl_tools.hpp
[36.450s] -- Installing: /home/vtcro/ros2_ws/install/zed_components/include/zed_components//gnss_replay.hpp
[36.450s] -- Up-to-date: /home/vtcro/ros2_ws/install/zed_components/include/zed_components/
[36.450s] -- Installing: /home/vtcro/ros2_ws/install/zed_components/include/zed_components//visibility_control.hpp
[36.450s] -- Installing: /home/vtcro/ros2_ws/install/zed_components/share/zed_components/environment/library_path.sh
[36.450s] -- Installing: /home/vtcro/ros2_ws/install/zed_components/share/zed_components/environment/library_path.dsv
[36.450s] -- Installing: /home/vtcro/ros2_ws/install/zed_components/share/ament_index/resource_index/package_run_dependencies/zed_components
[36.450s] -- Installing: /home/vtcro/ros2_ws/install/zed_components/share/ament_index/resource_index/parent_prefix_path/zed_components
[36.450s] -- Installing: /home/vtcro/ros2_ws/install/zed_components/share/zed_components/environment/ament_prefix_path.sh
[36.450s] -- Installing: /home/vtcro/ros2_ws/install/zed_components/share/zed_components/environment/ament_prefix_path.dsv
[36.450s] -- Installing: /home/vtcro/ros2_ws/install/zed_components/share/zed_components/environment/path.sh
[36.450s] -- Installing: /home/vtcro/ros2_ws/install/zed_components/share/zed_components/environment/path.dsv
[36.450s] -- Installing: /home/vtcro/ros2_ws/install/zed_components/share/zed_components/local_setup.bash
[36.450s] -- Installing: /home/vtcro/ros2_ws/install/zed_components/share/zed_components/local_setup.sh
[36.450s] -- Installing: /home/vtcro/ros2_ws/install/zed_components/share/zed_components/local_setup.zsh
[36.450s] -- Installing: /home/vtcro/ros2_ws/install/zed_components/share/zed_components/local_setup.dsv
[36.450s] -- Installing: /home/vtcro/ros2_ws/install/zed_components/share/zed_components/package.dsv
[36.450s] -- Installing: /home/vtcro/ros2_ws/install/zed_components/share/ament_index/resource_index/packages/zed_components
[36.450s] -- Installing: /home/vtcro/ros2_ws/install/zed_components/share/ament_index/resource_index/rclcpp_components/zed_components
[36.450s] -- Installing: /home/vtcro/ros2_ws/install/zed_components/share/zed_components/cmake/ament_cmake_export_include_directories-extras.cmake
[36.450s] -- Installing: /home/vtcro/ros2_ws/install/zed_components/share/zed_components/cmake/ament_cmake_export_libraries-extras.cmake
[36.450s] -- Installing: /home/vtcro/ros2_ws/install/zed_components/share/zed_components/cmake/ament_cmake_export_dependencies-extras.cmake
[36.450s] -- Installing: /home/vtcro/ros2_ws/install/zed_components/share/zed_components/cmake/zed_componentsConfig.cmake
[36.450s] -- Installing: /home/vtcro/ros2_ws/install/zed_components/share/zed_components/cmake/zed_componentsConfig-version.cmake
[36.450s] -- Installing: /home/vtcro/ros2_ws/install/zed_components/share/zed_components/package.xml
[36.452s] Invoked command in '/home/vtcro/ros2_ws/build/zed_components' returned '0': CMAKE_PREFIX_PATH=${CMAKE_PREFIX_PATH}:/opt/ros/humble LD_LIBRARY_PATH=/home/vtcro/ros2_ws/install/zed_interfaces/lib:/opt/ros/humble/opt/rviz_ogre_vendor/lib:/opt/ros/humble/lib/x86_64-linux-gnu:/opt/ros/humble/lib:/usr/local/cuda-12/lib64 /usr/bin/cmake --install /home/vtcro/ros2_ws/build/zed_components
