[0.017s] Invoking command in '/home/vtcro/ros2_ws/build/zed_tutorial_video': CMAKE_PREFIX_PATH=${CMAKE_PREFIX_PATH}:/opt/ros/humble /usr/bin/cmake /home/vtcro/ros2_ws/src/zed-ros2-examples/tutorials/zed_video_tutorial -DCMAKE_INSTALL_PREFIX=/home/vtcro/ros2_ws/install/zed_tutorial_video
[0.049s] -- The C compiler identification is GNU 11.4.0
[0.085s] -- The CXX compiler identification is GNU 11.4.0
[0.091s] -- Detecting C compiler ABI info
[0.142s] -- Detecting C compiler ABI info - done
[0.150s] -- Check for working C compiler: /usr/bin/cc - skipped
[0.150s] -- Detecting C compile features
[0.151s] -- Detecting C compile features - done
[0.154s] -- Detecting CXX compiler ABI info
[0.222s] -- Detecting CXX compiler ABI info - done
[0.227s] -- Check for working CXX compiler: /usr/bin/c++ - skipped
[0.227s] -- Detecting CXX compile features
[0.227s] -- Detecting CXX compile features - done
[0.228s] -- Found ament_cmake_auto: 1.3.10 (/opt/ros/humble/share/ament_cmake_auto/cmake)
[0.330s] -- Found Python3: /usr/bin/python3 (found version "3.10.12") found components: Interpreter 
[0.507s] -- Found rosidl_generator_c: 3.1.5 (/opt/ros/humble/share/rosidl_generator_c/cmake)
[0.509s] -- Found rosidl_adapter: 3.1.5 (/opt/ros/humble/share/rosidl_adapter/cmake)
[0.514s] -- Found rosidl_generator_cpp: 3.1.5 (/opt/ros/humble/share/rosidl_generator_cpp/cmake)
[0.521s] -- Using all available rosidl_typesupport_c: rosidl_typesupport_fastrtps_c;rosidl_typesupport_introspection_c
[0.531s] -- Using all available rosidl_typesupport_cpp: rosidl_typesupport_fastrtps_cpp;rosidl_typesupport_introspection_cpp
[0.556s] -- Found rmw_implementation_cmake: 6.1.2 (/opt/ros/humble/share/rmw_implementation_cmake/cmake)
[0.557s] -- Found rmw_fastrtps_cpp: 6.2.7 (/opt/ros/humble/share/rmw_fastrtps_cpp/cmake)
[0.617s] -- Found OpenSSL: /usr/lib/x86_64-linux-gnu/libcrypto.so (found version "3.0.2")  
[0.636s] -- Found FastRTPS: /opt/ros/humble/include  
[0.661s] -- Using RMW implementation 'rmw_fastrtps_cpp' as default
[0.666s] -- Looking for pthread.h
[0.721s] -- Looking for pthread.h - found
[0.722s] -- Performing Test CMAKE_HAVE_LIBC_PTHREAD
[0.778s] -- Performing Test CMAKE_HAVE_LIBC_PTHREAD - Success
[0.779s] -- Found Threads: TRUE  
[0.867s] -- Found ament_lint_auto: 0.12.11 (/opt/ros/humble/share/ament_lint_auto/cmake)
[0.871s] -- Configuring done
[0.880s] -- Generating done
[0.882s] -- Build files have been written to: /home/vtcro/ros2_ws/build/zed_tutorial_video
[0.889s] Invoked command in '/home/vtcro/ros2_ws/build/zed_tutorial_video' returned '0': CMAKE_PREFIX_PATH=${CMAKE_PREFIX_PATH}:/opt/ros/humble /usr/bin/cmake /home/vtcro/ros2_ws/src/zed-ros2-examples/tutorials/zed_video_tutorial -DCMAKE_INSTALL_PREFIX=/home/vtcro/ros2_ws/install/zed_tutorial_video
[0.890s] Invoking command in '/home/vtcro/ros2_ws/build/zed_tutorial_video': CMAKE_PREFIX_PATH=${CMAKE_PREFIX_PATH}:/opt/ros/humble /usr/bin/cmake --build /home/vtcro/ros2_ws/build/zed_tutorial_video -- -j16 -l16
[0.930s] [ 50%] [32mBuilding CXX object CMakeFiles/zed_tutorial_video.dir/src/zed_video_sub_tutorial.cpp.o[0m
[9.253s] [100%] [32m[1mLinking CXX executable zed_tutorial_video[0m
[9.383s] [100%] Built target zed_tutorial_video
[9.392s] Invoked command in '/home/vtcro/ros2_ws/build/zed_tutorial_video' returned '0': CMAKE_PREFIX_PATH=${CMAKE_PREFIX_PATH}:/opt/ros/humble /usr/bin/cmake --build /home/vtcro/ros2_ws/build/zed_tutorial_video -- -j16 -l16
[9.419s] Invoking command in '/home/vtcro/ros2_ws/build/zed_tutorial_video': CMAKE_PREFIX_PATH=${CMAKE_PREFIX_PATH}:/opt/ros/humble /usr/bin/cmake --install /home/vtcro/ros2_ws/build/zed_tutorial_video
[9.426s] -- Install configuration: "Release"
[9.426s] -- Installing: /home/vtcro/ros2_ws/install/zed_tutorial_video/lib/zed_tutorial_video/zed_tutorial_video
[9.427s] -- Set runtime path of "/home/vtcro/ros2_ws/install/zed_tutorial_video/lib/zed_tutorial_video/zed_tutorial_video" to ""
[9.427s] -- Installing: /home/vtcro/ros2_ws/install/zed_tutorial_video/share/ament_index/resource_index/package_run_dependencies/zed_tutorial_video
[9.427s] -- Installing: /home/vtcro/ros2_ws/install/zed_tutorial_video/share/ament_index/resource_index/parent_prefix_path/zed_tutorial_video
[9.427s] -- Installing: /home/vtcro/ros2_ws/install/zed_tutorial_video/share/zed_tutorial_video/environment/ament_prefix_path.sh
[9.427s] -- Installing: /home/vtcro/ros2_ws/install/zed_tutorial_video/share/zed_tutorial_video/environment/ament_prefix_path.dsv
[9.427s] -- Installing: /home/vtcro/ros2_ws/install/zed_tutorial_video/share/zed_tutorial_video/environment/path.sh
[9.427s] -- Installing: /home/vtcro/ros2_ws/install/zed_tutorial_video/share/zed_tutorial_video/environment/path.dsv
[9.427s] -- Installing: /home/vtcro/ros2_ws/install/zed_tutorial_video/share/zed_tutorial_video/local_setup.bash
[9.427s] -- Installing: /home/vtcro/ros2_ws/install/zed_tutorial_video/share/zed_tutorial_video/local_setup.sh
[9.427s] -- Installing: /home/vtcro/ros2_ws/install/zed_tutorial_video/share/zed_tutorial_video/local_setup.zsh
[9.427s] -- Installing: /home/vtcro/ros2_ws/install/zed_tutorial_video/share/zed_tutorial_video/local_setup.dsv
[9.428s] -- Installing: /home/vtcro/ros2_ws/install/zed_tutorial_video/share/zed_tutorial_video/package.dsv
[9.428s] -- Installing: /home/vtcro/ros2_ws/install/zed_tutorial_video/share/ament_index/resource_index/packages/zed_tutorial_video
[9.428s] -- Installing: /home/vtcro/ros2_ws/install/zed_tutorial_video/share/zed_tutorial_video/cmake/zed_tutorial_videoConfig.cmake
[9.428s] -- Installing: /home/vtcro/ros2_ws/install/zed_tutorial_video/share/zed_tutorial_video/cmake/zed_tutorial_videoConfig-version.cmake
[9.428s] -- Installing: /home/vtcro/ros2_ws/install/zed_tutorial_video/share/zed_tutorial_video/package.xml
[9.429s] Invoked command in '/home/vtcro/ros2_ws/build/zed_tutorial_video' returned '0': CMAKE_PREFIX_PATH=${CMAKE_PREFIX_PATH}:/opt/ros/humble /usr/bin/cmake --install /home/vtcro/ros2_ws/build/zed_tutorial_video
