[0.018s] Invoking command in '/home/vtcro/ros2_ws/build/zed_tutorial_depth': CMAKE_PREFIX_PATH=${CMAKE_PREFIX_PATH}:/opt/ros/humble /usr/bin/cmake --build /home/vtcro/ros2_ws/build/zed_tutorial_depth -- -j16 -l16
[0.046s] [35m[1mConsolidate compiler generated dependencies of target zed_tutorial_depth[0m
[0.057s] [100%] Built target zed_tutorial_depth
[0.070s] Invoked command in '/home/vtcro/ros2_ws/build/zed_tutorial_depth' returned '0': CMAKE_PREFIX_PATH=${CMAKE_PREFIX_PATH}:/opt/ros/humble /usr/bin/cmake --build /home/vtcro/ros2_ws/build/zed_tutorial_depth -- -j16 -l16
[0.100s] Invoking command in '/home/vtcro/ros2_ws/build/zed_tutorial_depth': CMAKE_PREFIX_PATH=${CMAKE_PREFIX_PATH}:/opt/ros/humble /usr/bin/cmake --install /home/vtcro/ros2_ws/build/zed_tutorial_depth
[0.105s] -- Install configuration: "Release"
[0.105s] -- Up-to-date: /home/vtcro/ros2_ws/install/zed_tutorial_depth/lib/zed_tutorial_depth/zed_tutorial_depth
[0.105s] -- Up-to-date: /home/vtcro/ros2_ws/install/zed_tutorial_depth/share/ament_index/resource_index/package_run_dependencies/zed_tutorial_depth
[0.105s] -- Up-to-date: /home/vtcro/ros2_ws/install/zed_tutorial_depth/share/ament_index/resource_index/parent_prefix_path/zed_tutorial_depth
[0.106s] -- Up-to-date: /home/vtcro/ros2_ws/install/zed_tutorial_depth/share/zed_tutorial_depth/environment/ament_prefix_path.sh
[0.106s] -- Up-to-date: /home/vtcro/ros2_ws/install/zed_tutorial_depth/share/zed_tutorial_depth/environment/ament_prefix_path.dsv
[0.106s] -- Up-to-date: /home/vtcro/ros2_ws/install/zed_tutorial_depth/share/zed_tutorial_depth/environment/path.sh
[0.106s] -- Up-to-date: /home/vtcro/ros2_ws/install/zed_tutorial_depth/share/zed_tutorial_depth/environment/path.dsv
[0.106s] -- Up-to-date: /home/vtcro/ros2_ws/install/zed_tutorial_depth/share/zed_tutorial_depth/local_setup.bash
[0.106s] -- Up-to-date: /home/vtcro/ros2_ws/install/zed_tutorial_depth/share/zed_tutorial_depth/local_setup.sh
[0.106s] -- Up-to-date: /home/vtcro/ros2_ws/install/zed_tutorial_depth/share/zed_tutorial_depth/local_setup.zsh
[0.106s] -- Up-to-date: /home/vtcro/ros2_ws/install/zed_tutorial_depth/share/zed_tutorial_depth/local_setup.dsv
[0.106s] -- Installing: /home/vtcro/ros2_ws/install/zed_tutorial_depth/share/zed_tutorial_depth/package.dsv
[0.106s] -- Up-to-date: /home/vtcro/ros2_ws/install/zed_tutorial_depth/share/ament_index/resource_index/packages/zed_tutorial_depth
[0.106s] -- Up-to-date: /home/vtcro/ros2_ws/install/zed_tutorial_depth/share/zed_tutorial_depth/cmake/zed_tutorial_depthConfig.cmake
[0.106s] -- Up-to-date: /home/vtcro/ros2_ws/install/zed_tutorial_depth/share/zed_tutorial_depth/cmake/zed_tutorial_depthConfig-version.cmake
[0.106s] -- Up-to-date: /home/vtcro/ros2_ws/install/zed_tutorial_depth/share/zed_tutorial_depth/package.xml
[0.109s] Invoked command in '/home/vtcro/ros2_ws/build/zed_tutorial_depth' returned '0': CMAKE_PREFIX_PATH=${CMAKE_PREFIX_PATH}:/opt/ros/humble /usr/bin/cmake --install /home/vtcro/ros2_ws/build/zed_tutorial_depth
